Determining if the pthread_create exist failed with the following output:
Change Dir: /home/xslin/Documents/rpg_ws/build/hector_pose_estimation/CMakeFiles/CMakeTmp

Run Build Command:"/usr/bin/make" "cmTC_edd9b/fast"
/usr/bin/make -f CMakeFiles/cmTC_edd9b.dir/build.make CMakeFiles/cmTC_edd9b.dir/build
make[1]: Entering directory '/home/xslin/Documents/rpg_ws/build/hector_pose_estimation/CMakeFiles/CMakeTmp'
Building C object CMakeFiles/cmTC_edd9b.dir/CheckSymbolExists.c.o
/usr/bin/cc    -o CMakeFiles/cmTC_edd9b.dir/CheckSymbolExists.c.o   -c /home/xslin/Documents/rpg_ws/build/hector_pose_estimation/CMakeFiles/CMakeTmp/CheckSymbolExists.c
Linking C executable cmTC_edd9b
/usr/bin/cmake -E cmake_link_script CMakeFiles/cmTC_edd9b.dir/link.txt --verbose=1
/usr/bin/cc      -rdynamic CMakeFiles/cmTC_edd9b.dir/CheckSymbolExists.c.o  -o cmTC_edd9b 
CMakeFiles/cmTC_edd9b.dir/CheckSymbolExists.c.o: In function `main':
CheckSymbolExists.c:(.text+0x1b): undefined reference to `pthread_create'
collect2: error: ld returned 1 exit status
CMakeFiles/cmTC_edd9b.dir/build.make:97: recipe for target 'cmTC_edd9b' failed
make[1]: *** [cmTC_edd9b] Error 1
make[1]: Leaving directory '/home/xslin/Documents/rpg_ws/build/hector_pose_estimation/CMakeFiles/CMakeTmp'
Makefile:126: recipe for target 'cmTC_edd9b/fast' failed
make: *** [cmTC_edd9b/fast] Error 2

File /home/xslin/Documents/rpg_ws/build/hector_pose_estimation/CMakeFiles/CMakeTmp/CheckSymbolExists.c:
/* */
#include <pthread.h>

int main(int argc, char** argv)
{
  (void)argv;
#ifndef pthread_create
  return ((int*)(&pthread_create))[argc];
#else
  (void)argc;
  return 0;
#endif
}

Determining if the function pthread_create exists in the pthreads failed with the following output:
Change Dir: /home/xslin/Documents/rpg_ws/build/hector_pose_estimation/CMakeFiles/CMakeTmp

Run Build Command:"/usr/bin/make" "cmTC_9552a/fast"
/usr/bin/make -f CMakeFiles/cmTC_9552a.dir/build.make CMakeFiles/cmTC_9552a.dir/build
make[1]: Entering directory '/home/xslin/Documents/rpg_ws/build/hector_pose_estimation/CMakeFiles/CMakeTmp'
Building C object CMakeFiles/cmTC_9552a.dir/CheckFunctionExists.c.o
/usr/bin/cc   -DCHECK_FUNCTION_EXISTS=pthread_create   -o CMakeFiles/cmTC_9552a.dir/CheckFunctionExists.c.o   -c /usr/share/cmake-3.10/Modules/CheckFunctionExists.c
Linking C executable cmTC_9552a
/usr/bin/cmake -E cmake_link_script CMakeFiles/cmTC_9552a.dir/link.txt --verbose=1
/usr/bin/cc  -DCHECK_FUNCTION_EXISTS=pthread_create    -rdynamic CMakeFiles/cmTC_9552a.dir/CheckFunctionExists.c.o  -o cmTC_9552a -lpthreads 
/usr/bin/ld: cannot find -lpthreads
collect2: error: ld returned 1 exit status
CMakeFiles/cmTC_9552a.dir/build.make:97: recipe for target 'cmTC_9552a' failed
make[1]: *** [cmTC_9552a] Error 1
make[1]: Leaving directory '/home/xslin/Documents/rpg_ws/build/hector_pose_estimation/CMakeFiles/CMakeTmp'
Makefile:126: recipe for target 'cmTC_9552a/fast' failed
make: *** [cmTC_9552a/fast] Error 2


