Determining if the pthread_create exist failed with the following output:
Change Dir: /home/xslin/Documents/xslin/research/rpg_ws/build/robot_localization/CMakeFiles/CMakeTmp

Run Build Command:"/usr/bin/make" "cmTC_aa5a7/fast"
/usr/bin/make -f CMakeFiles/cmTC_aa5a7.dir/build.make CMakeFiles/cmTC_aa5a7.dir/build
make[1]: Entering directory '/home/xslin/Documents/xslin/research/rpg_ws/build/robot_localization/CMakeFiles/CMakeTmp'
Building C object CMakeFiles/cmTC_aa5a7.dir/CheckSymbolExists.c.o
/usr/bin/cc    -o CMakeFiles/cmTC_aa5a7.dir/CheckSymbolExists.c.o   -c /home/xslin/Documents/xslin/research/rpg_ws/build/robot_localization/CMakeFiles/CMakeTmp/CheckSymbolExists.c
Linking C executable cmTC_aa5a7
/usr/bin/cmake -E cmake_link_script CMakeFiles/cmTC_aa5a7.dir/link.txt --verbose=1
/usr/bin/cc      -rdynamic CMakeFiles/cmTC_aa5a7.dir/CheckSymbolExists.c.o  -o cmTC_aa5a7 
CMakeFiles/cmTC_aa5a7.dir/CheckSymbolExists.c.o: In function `main':
CheckSymbolExists.c:(.text+0x1b): undefined reference to `pthread_create'
collect2: error: ld returned 1 exit status
CMakeFiles/cmTC_aa5a7.dir/build.make:97: recipe for target 'cmTC_aa5a7' failed
make[1]: *** [cmTC_aa5a7] Error 1
make[1]: Leaving directory '/home/xslin/Documents/xslin/research/rpg_ws/build/robot_localization/CMakeFiles/CMakeTmp'
Makefile:126: recipe for target 'cmTC_aa5a7/fast' failed
make: *** [cmTC_aa5a7/fast] Error 2

File /home/xslin/Documents/xslin/research/rpg_ws/build/robot_localization/CMakeFiles/CMakeTmp/CheckSymbolExists.c:
/* */
#include <pthread.h>

int main(int argc, char** argv)
{
  (void)argv;
#ifndef pthread_create
  return ((int*)(&pthread_create))[argc];
#else
  (void)argc;
  return 0;
#endif
}

Determining if the function pthread_create exists in the pthreads failed with the following output:
Change Dir: /home/xslin/Documents/xslin/research/rpg_ws/build/robot_localization/CMakeFiles/CMakeTmp

Run Build Command:"/usr/bin/make" "cmTC_0cdee/fast"
/usr/bin/make -f CMakeFiles/cmTC_0cdee.dir/build.make CMakeFiles/cmTC_0cdee.dir/build
make[1]: Entering directory '/home/xslin/Documents/xslin/research/rpg_ws/build/robot_localization/CMakeFiles/CMakeTmp'
Building C object CMakeFiles/cmTC_0cdee.dir/CheckFunctionExists.c.o
/usr/bin/cc   -DCHECK_FUNCTION_EXISTS=pthread_create   -o CMakeFiles/cmTC_0cdee.dir/CheckFunctionExists.c.o   -c /usr/share/cmake-3.10/Modules/CheckFunctionExists.c
Linking C executable cmTC_0cdee
/usr/bin/cmake -E cmake_link_script CMakeFiles/cmTC_0cdee.dir/link.txt --verbose=1
/usr/bin/cc  -DCHECK_FUNCTION_EXISTS=pthread_create    -rdynamic CMakeFiles/cmTC_0cdee.dir/CheckFunctionExists.c.o  -o cmTC_0cdee -lpthreads 
/usr/bin/ld: cannot find -lpthreads
collect2: error: ld returned 1 exit status
CMakeFiles/cmTC_0cdee.dir/build.make:97: recipe for target 'cmTC_0cdee' failed
make[1]: *** [cmTC_0cdee] Error 1
make[1]: Leaving directory '/home/xslin/Documents/xslin/research/rpg_ws/build/robot_localization/CMakeFiles/CMakeTmp'
Makefile:126: recipe for target 'cmTC_0cdee/fast' failed
make: *** [cmTC_0cdee/fast] Error 2


