Determining if the pthread_create exist failed with the following output:
Change Dir: /home/xslin/Documents/xslin/research/rpg_ws/build/hector_pose_estimation_core/CMakeFiles/CMakeTmp

Run Build Command:"/usr/bin/make" "cmTC_53704/fast"
/usr/bin/make -f CMakeFiles/cmTC_53704.dir/build.make CMakeFiles/cmTC_53704.dir/build
make[1]: Entering directory '/home/xslin/Documents/xslin/research/rpg_ws/build/hector_pose_estimation_core/CMakeFiles/CMakeTmp'
Building C object CMakeFiles/cmTC_53704.dir/CheckSymbolExists.c.o
/usr/bin/cc    -o CMakeFiles/cmTC_53704.dir/CheckSymbolExists.c.o   -c /home/xslin/Documents/xslin/research/rpg_ws/build/hector_pose_estimation_core/CMakeFiles/CMakeTmp/CheckSymbolExists.c
Linking C executable cmTC_53704
/usr/bin/cmake -E cmake_link_script CMakeFiles/cmTC_53704.dir/link.txt --verbose=1
/usr/bin/cc      -rdynamic CMakeFiles/cmTC_53704.dir/CheckSymbolExists.c.o  -o cmTC_53704 
CMakeFiles/cmTC_53704.dir/CheckSymbolExists.c.o: In function `main':
CheckSymbolExists.c:(.text+0x1b): undefined reference to `pthread_create'
collect2: error: ld returned 1 exit status
CMakeFiles/cmTC_53704.dir/build.make:97: recipe for target 'cmTC_53704' failed
make[1]: *** [cmTC_53704] Error 1
make[1]: Leaving directory '/home/xslin/Documents/xslin/research/rpg_ws/build/hector_pose_estimation_core/CMakeFiles/CMakeTmp'
Makefile:126: recipe for target 'cmTC_53704/fast' failed
make: *** [cmTC_53704/fast] Error 2

File /home/xslin/Documents/xslin/research/rpg_ws/build/hector_pose_estimation_core/CMakeFiles/CMakeTmp/CheckSymbolExists.c:
/* */
#include <pthread.h>

int main(int argc, char** argv)
{
  (void)argv;
#ifndef pthread_create
  return ((int*)(&pthread_create))[argc];
#else
  (void)argc;
  return 0;
#endif
}

Determining if the function pthread_create exists in the pthreads failed with the following output:
Change Dir: /home/xslin/Documents/xslin/research/rpg_ws/build/hector_pose_estimation_core/CMakeFiles/CMakeTmp

Run Build Command:"/usr/bin/make" "cmTC_21bfa/fast"
/usr/bin/make -f CMakeFiles/cmTC_21bfa.dir/build.make CMakeFiles/cmTC_21bfa.dir/build
make[1]: Entering directory '/home/xslin/Documents/xslin/research/rpg_ws/build/hector_pose_estimation_core/CMakeFiles/CMakeTmp'
Building C object CMakeFiles/cmTC_21bfa.dir/CheckFunctionExists.c.o
/usr/bin/cc   -DCHECK_FUNCTION_EXISTS=pthread_create   -o CMakeFiles/cmTC_21bfa.dir/CheckFunctionExists.c.o   -c /usr/share/cmake-3.10/Modules/CheckFunctionExists.c
Linking C executable cmTC_21bfa
/usr/bin/cmake -E cmake_link_script CMakeFiles/cmTC_21bfa.dir/link.txt --verbose=1
/usr/bin/cc  -DCHECK_FUNCTION_EXISTS=pthread_create    -rdynamic CMakeFiles/cmTC_21bfa.dir/CheckFunctionExists.c.o  -o cmTC_21bfa -lpthreads 
/usr/bin/ld: cannot find -lpthreads
collect2: error: ld returned 1 exit status
CMakeFiles/cmTC_21bfa.dir/build.make:97: recipe for target 'cmTC_21bfa' failed
make[1]: *** [cmTC_21bfa] Error 1
make[1]: Leaving directory '/home/xslin/Documents/xslin/research/rpg_ws/build/hector_pose_estimation_core/CMakeFiles/CMakeTmp'
Makefile:126: recipe for target 'cmTC_21bfa/fast' failed
make: *** [cmTC_21bfa/fast] Error 2


