In file included from [01m[K/home/xslin/Documents/xslin/research/rpg_ws/src/rotors_simulator/rotors_gazebo/src/uav_control_center.cpp:21:0[m[K:
[01m[K/home/xslin/Documents/xslin/research/rpg_ws/src/rotors_simulator/rotors_gazebo/include/uav_control_center.h:22:8:[m[K [01;31m[Kerror: [m[Kexpected ‘[01m[K;[m[K’ at end of member declaration
   bool [01;31m[Kis_stop[m[K
        [01;31m[K^~~~~~~[m[K
[01m[K/home/xslin/Documents/xslin/research/rpg_ws/src/rotors_simulator/rotors_gazebo/include/uav_control_center.h:54:8:[m[K [01;31m[Kerror: [m[Kextra qualification ‘[01m[Krotors_gazebo::UAV_CONTROL_CENTER::[m[K’ on member ‘[01m[KUAVpos_sub_callback[m[K’ [[01;31m[K-fpermissive[m[K]
   void [01;31m[KUAV_CONTROL_CENTER[m[K::UAVpos_sub_callback(
        [01;31m[K^~~~~~~~~~~~~~~~~~[m[K
[01m[K/home/xslin/Documents/xslin/research/rpg_ws/src/rotors_simulator/rotors_gazebo/src/uav_control_center.cpp:[m[K In constructor ‘[01m[Krotors_gazebo::UAV_CONTROL_CENTER::UAV_CONTROL_CENTER(const ros::NodeHandle&, const ros::NodeHandle&)[m[K’:
[01m[K/home/xslin/Documents/xslin/research/rpg_ws/src/rotors_simulator/rotors_gazebo/src/uav_control_center.cpp:32:55:[m[K [01;31m[Kerror: [m[Kno matching function for call to ‘[01m[Kros::NodeHandle::advertise<trajectory_msgs::MultiDOFJointTrajectory>(const char [19], int) const[m[K’
       mav_msgs::default_topics::COMMAND_TRAJECTORY, 10[01;31m[K)[m[K;
                                                       [01;31m[K^[m[K
In file included from [01m[K/opt/ros/melodic/include/ros/ros.h:45:0[m[K,
                 from [01m[K/home/xslin/Documents/xslin/research/rpg_ws/src/mav_comm/mav_msgs/include/mav_msgs/conversions.h:32[m[K,
                 from [01m[K/home/xslin/Documents/xslin/research/rpg_ws/src/rotors_simulator/rotors_gazebo/include/uav_control_center.h:7[m[K,
                 from [01m[K/home/xslin/Documents/xslin/research/rpg_ws/src/rotors_simulator/rotors_gazebo/src/uav_control_center.cpp:21[m[K:
[01m[K/opt/ros/melodic/include/ros/node_handle.h:249:15:[m[K [01;36m[Knote: [m[Kcandidate: ros::Publisher ros::NodeHandle::advertise(const string&, uint32_t, bool) [with M = trajectory_msgs::MultiDOFJointTrajectory_<std::allocator<void> >; std::__cxx11::string = std::__cxx11::basic_string<char>; uint32_t = unsigned int] <near match>
     Publisher [01;36m[Kadvertise[m[K(const std::string& topic, uint32_t queue_size, bool latch = false)
               [01;36m[K^~~~~~~~~[m[K
[01m[K/opt/ros/melodic/include/ros/node_handle.h:249:15:[m[K [01;36m[Knote: [m[K  passing ‘[01m[Kconst ros::NodeHandle*[m[K’ as ‘[01m[Kthis[m[K’ argument discards qualifiers
In file included from [01m[K/opt/ros/melodic/include/ros/ros.h:45:0[m[K,
                 from [01m[K/home/xslin/Documents/xslin/research/rpg_ws/src/mav_comm/mav_msgs/include/mav_msgs/conversions.h:32[m[K,
                 from [01m[K/home/xslin/Documents/xslin/research/rpg_ws/src/rotors_simulator/rotors_gazebo/include/uav_control_center.h:7[m[K,
                 from [01m[K/home/xslin/Documents/xslin/research/rpg_ws/src/rotors_simulator/rotors_gazebo/src/uav_control_center.cpp:21[m[K:
[01m[K/opt/ros/melodic/include/ros/node_handle.h:315:13:[m[K [01;36m[Knote: [m[Kcandidate: template<class M> ros::Publisher ros::NodeHandle::advertise(const string&, uint32_t, const SubscriberStatusCallback&, const SubscriberStatusCallback&, const VoidConstPtr&, bool)
   Publisher [01;36m[Kadvertise[m[K(const std::string& topic, uint32_t queue_size,
             [01;36m[K^~~~~~~~~[m[K
[01m[K/opt/ros/melodic/include/ros/node_handle.h:315:13:[m[K [01;36m[Knote: [m[K  template argument deduction/substitution failed:
[01m[K/home/xslin/Documents/xslin/research/rpg_ws/src/rotors_simulator/rotors_gazebo/src/uav_control_center.cpp:32:55:[m[K [01;36m[Knote: [m[K  candidate expects 6 arguments, 2 provided
       mav_msgs::default_topics::COMMAND_TRAJECTORY, 10[01;36m[K)[m[K;
                                                       [01;36m[K^[m[K
[01m[K/home/xslin/Documents/xslin/research/rpg_ws/src/rotors_simulator/rotors_gazebo/src/uav_control_center.cpp:35:20:[m[K [01;31m[Kerror: [m[Kno matching function for call to ‘[01m[Kros::NodeHandle::advertise<std_msgs::Bool>(const char [8], int) const[m[K’
       "cmd2UGV", 10[01;31m[K)[m[K;
                    [01;31m[K^[m[K
In file included from [01m[K/opt/ros/melodic/include/ros/ros.h:45:0[m[K,
                 from [01m[K/home/xslin/Documents/xslin/research/rpg_ws/src/mav_comm/mav_msgs/include/mav_msgs/conversions.h:32[m[K,
                 from [01m[K/home/xslin/Documents/xslin/research/rpg_ws/src/rotors_simulator/rotors_gazebo/include/uav_control_center.h:7[m[K,
                 from [01m[K/home/xslin/Documents/xslin/research/rpg_ws/src/rotors_simulator/rotors_gazebo/src/uav_control_center.cpp:21[m[K:
[01m[K/opt/ros/melodic/include/ros/node_handle.h:249:15:[m[K [01;36m[Knote: [m[Kcandidate: ros::Publisher ros::NodeHandle::advertise(const string&, uint32_t, bool) [with M = std_msgs::Bool_<std::allocator<void> >; std::__cxx11::string = std::__cxx11::basic_string<char>; uint32_t = unsigned int] <near match>
     Publisher [01;36m[Kadvertise[m[K(const std::string& topic, uint32_t queue_size, bool latch = false)
               [01;36m[K^~~~~~~~~[m[K
[01m[K/opt/ros/melodic/include/ros/node_handle.h:249:15:[m[K [01;36m[Knote: [m[K  passing ‘[01m[Kconst ros::NodeHandle*[m[K’ as ‘[01m[Kthis[m[K’ argument discards qualifiers
In file included from [01m[K/opt/ros/melodic/include/ros/ros.h:45:0[m[K,
                 from [01m[K/home/xslin/Documents/xslin/research/rpg_ws/src/mav_comm/mav_msgs/include/mav_msgs/conversions.h:32[m[K,
                 from [01m[K/home/xslin/Documents/xslin/research/rpg_ws/src/rotors_simulator/rotors_gazebo/include/uav_control_center.h:7[m[K,
                 from [01m[K/home/xslin/Documents/xslin/research/rpg_ws/src/rotors_simulator/rotors_gazebo/src/uav_control_center.cpp:21[m[K:
[01m[K/opt/ros/melodic/include/ros/node_handle.h:315:13:[m[K [01;36m[Knote: [m[Kcandidate: template<class M> ros::Publisher ros::NodeHandle::advertise(const string&, uint32_t, const SubscriberStatusCallback&, const SubscriberStatusCallback&, const VoidConstPtr&, bool)
   Publisher [01;36m[Kadvertise[m[K(const std::string& topic, uint32_t queue_size,
             [01;36m[K^~~~~~~~~[m[K
[01m[K/opt/ros/melodic/include/ros/node_handle.h:315:13:[m[K [01;36m[Knote: [m[K  template argument deduction/substitution failed:
[01m[K/home/xslin/Documents/xslin/research/rpg_ws/src/rotors_simulator/rotors_gazebo/src/uav_control_center.cpp:35:20:[m[K [01;36m[Knote: [m[K  candidate expects 6 arguments, 2 provided
       "cmd2UGV", 10[01;36m[K)[m[K;
                    [01;36m[K^[m[K
[01m[K/home/xslin/Documents/xslin/research/rpg_ws/src/rotors_simulator/rotors_gazebo/src/uav_control_center.cpp:38:83:[m[K [01;31m[Kerror: [m[Kno matching function for call to ‘[01m[Kros::NodeHandle::advertise<std_msgs::Bool>(const char [13], int) const[m[K’
             nh.advertise<std_msgs::Bool>(mav_msgs::default_topics::TURNOFFMOTOR, 1[01;31m[K)[m[K;
                                                                                   [01;31m[K^[m[K
In file included from [01m[K/opt/ros/melodic/include/ros/ros.h:45:0[m[K,
                 from [01m[K/home/xslin/Documents/xslin/research/rpg_ws/src/mav_comm/mav_msgs/include/mav_msgs/conversions.h:32[m[K,
                 from [01m[K/home/xslin/Documents/xslin/research/rpg_ws/src/rotors_simulator/rotors_gazebo/include/uav_control_center.h:7[m[K,
                 from [01m[K/home/xslin/Documents/xslin/research/rpg_ws/src/rotors_simulator/rotors_gazebo/src/uav_control_center.cpp:21[m[K:
[01m[K/opt/ros/melodic/include/ros/node_handle.h:249:15:[m[K [01;36m[Knote: [m[Kcandidate: ros::Publisher ros::NodeHandle::advertise(const string&, uint32_t, bool) [with M = std_msgs::Bool_<std::allocator<void> >; std::__cxx11::string = std::__cxx11::basic_string<char>; uint32_t = unsigned int] <near match>
     Publisher [01;36m[Kadvertise[m[K(const std::string& topic, uint32_t queue_size, bool latch = false)
               [01;36m[K^~~~~~~~~[m[K
[01m[K/opt/ros/melodic/include/ros/node_handle.h:249:15:[m[K [01;36m[Knote: [m[K  passing ‘[01m[Kconst ros::NodeHandle*[m[K’ as ‘[01m[Kthis[m[K’ argument discards qualifiers
In file included from [01m[K/opt/ros/melodic/include/ros/ros.h:45:0[m[K,
                 from [01m[K/home/xslin/Documents/xslin/research/rpg_ws/src/mav_comm/mav_msgs/include/mav_msgs/conversions.h:32[m[K,
                 from [01m[K/home/xslin/Documents/xslin/research/rpg_ws/src/rotors_simulator/rotors_gazebo/include/uav_control_center.h:7[m[K,
                 from [01m[K/home/xslin/Documents/xslin/research/rpg_ws/src/rotors_simulator/rotors_gazebo/src/uav_control_center.cpp:21[m[K:
[01m[K/opt/ros/melodic/include/ros/node_handle.h:315:13:[m[K [01;36m[Knote: [m[Kcandidate: template<class M> ros::Publisher ros::NodeHandle::advertise(const string&, uint32_t, const SubscriberStatusCallback&, const SubscriberStatusCallback&, const VoidConstPtr&, bool)
   Publisher [01;36m[Kadvertise[m[K(const std::string& topic, uint32_t queue_size,
             [01;36m[K^~~~~~~~~[m[K
[01m[K/opt/ros/melodic/include/ros/node_handle.h:315:13:[m[K [01;36m[Knote: [m[K  template argument deduction/substitution failed:
[01m[K/home/xslin/Documents/xslin/research/rpg_ws/src/rotors_simulator/rotors_gazebo/src/uav_control_center.cpp:38:83:[m[K [01;36m[Knote: [m[K  candidate expects 6 arguments, 2 provided
             nh.advertise<std_msgs::Bool>(mav_msgs::default_topics::TURNOFFMOTOR, 1[01;36m[K)[m[K;
                                                                                   [01;36m[K^[m[K
[01m[K/home/xslin/Documents/xslin/research/rpg_ws/src/rotors_simulator/rotors_gazebo/src/uav_control_center.cpp:41:67:[m[K [01;31m[Kerror: [m[Kinvalid use of non-static member function ‘[01m[Kvoid rotors_gazebo::UAV_CONTROL_CENTER::UAVstate_sub_callback(const ConstPtr&)[m[K’
                     UAV_CONTROL_CENTER::UAVstate_sub_callback,this[01;31m[K)[m[K;
                                                                   [01;31m[K^[m[K
In file included from [01m[K/home/xslin/Documents/xslin/research/rpg_ws/src/rotors_simulator/rotors_gazebo/src/uav_control_center.cpp:21:0[m[K:
[01m[K/home/xslin/Documents/xslin/research/rpg_ws/src/rotors_simulator/rotors_gazebo/include/uav_control_center.h:52:8:[m[K [01;36m[Knote: [m[Kdeclared here
   void [01;36m[KUAVstate_sub_callback[m[K(const std_msgs::Bool::ConstPtr& msg);
        [01;36m[K^~~~~~~~~~~~~~~~~~~~~[m[K
[01m[K/home/xslin/Documents/xslin/research/rpg_ws/src/rotors_simulator/rotors_gazebo/src/uav_control_center.cpp:44:66:[m[K [01;31m[Kerror: [m[Kinvalid use of non-static member function ‘[01m[Kvoid rotors_gazebo::UAV_CONTROL_CENTER::cmd2UAV_sub_callback(const ConstPtr&)[m[K’
                     UAV_CONTROL_CENTER::cmd2UAV_sub_callback,this[01;31m[K)[m[K;
                                                                  [01;31m[K^[m[K
In file included from [01m[K/home/xslin/Documents/xslin/research/rpg_ws/src/rotors_simulator/rotors_gazebo/src/uav_control_center.cpp:21:0[m[K:
[01m[K/home/xslin/Documents/xslin/research/rpg_ws/src/rotors_simulator/rotors_gazebo/include/uav_control_center.h:50:8:[m[K [01;36m[Knote: [m[Kdeclared here
   void [01;36m[Kcmd2UAV_sub_callback[m[K(const std_msgs::Int8::ConstPtr& msg);
        [01;36m[K^~~~~~~~~~~~~~~~~~~~[m[K
[01m[K/home/xslin/Documents/xslin/research/rpg_ws/src/rotors_simulator/rotors_gazebo/src/uav_control_center.cpp:47:66:[m[K [01;31m[Kerror: [m[Kinvalid use of non-static member function ‘[01m[Kvoid rotors_gazebo::UAV_CONTROL_CENTER::UAVpos_sub_callback(const ConstPtr&)[m[K’
                     UAV_CONTROL_CENTER::UAVpos_sub_callback, this[01;31m[K)[m[K;
                                                                  [01;31m[K^[m[K
In file included from [01m[K/home/xslin/Documents/xslin/research/rpg_ws/src/rotors_simulator/rotors_gazebo/src/uav_control_center.cpp:21:0[m[K:
[01m[K/home/xslin/Documents/xslin/research/rpg_ws/src/rotors_simulator/rotors_gazebo/include/uav_control_center.h:54:8:[m[K [01;36m[Knote: [m[Kdeclared here
   void [01;36m[KUAV_CONTROL_CENTER[m[K::UAVpos_sub_callback(
        [01;36m[K^~~~~~~~~~~~~~~~~~[m[K
[01m[K/home/xslin/Documents/xslin/research/rpg_ws/src/rotors_simulator/rotors_gazebo/src/uav_control_center.cpp:[m[K In member function ‘[01m[Kvoid rotors_gazebo::UAV_CONTROL_CENTER::uav_trajectory_publisher(double, double, double, double)[m[K’:
[01m[K/home/xslin/Documents/xslin/research/rpg_ws/src/rotors_simulator/rotors_gazebo/src/uav_control_center.cpp:66:3:[m[K [01;31m[Kerror: [m[Kexpected ‘[01m[K,[m[K’ or ‘[01m[K;[m[K’ before ‘[01m[Kdouble[m[K’
   [01;31m[Kdouble[m[K desired_yaw = yaw  * DEG_2_RAD;
   [01;31m[K^~~~~~[m[K
[01m[K/home/xslin/Documents/xslin/research/rpg_ws/src/rotors_simulator/rotors_gazebo/src/uav_control_center.cpp:69:7:[m[K [01;31m[Kerror: [m[K‘[01m[Kdesired_yaw[m[K’ was not declared in this scope
       [01;31m[Kdesired_yaw[m[K, &trajectory_msg);
       [01;31m[K^~~~~~~~~~~[m[K
In file included from [01m[K/opt/ros/melodic/include/ros/ros.h:40:0[m[K,
                 from [01m[K/home/xslin/Documents/xslin/research/rpg_ws/src/mav_comm/mav_msgs/include/mav_msgs/conversions.h:32[m[K,
                 from [01m[K/home/xslin/Documents/xslin/research/rpg_ws/src/rotors_simulator/rotors_gazebo/include/uav_control_center.h:7[m[K,
                 from [01m[K/home/xslin/Documents/xslin/research/rpg_ws/src/rotors_simulator/rotors_gazebo/src/uav_control_center.cpp:21[m[K:
[01m[K/home/xslin/Documents/xslin/research/rpg_ws/src/rotors_simulator/rotors_gazebo/src/uav_control_center.cpp:76:12:[m[K [01;31m[Kerror: [m[K‘[01m[Knh[m[K’ was not declared in this scope
            [01;31m[Kn[m[Kh.getNamespace().c_str(),
            [01;31m[K^[m[K
[01m[K/opt/ros/melodic/include/ros/console.h:348:165:[m[K [01;36m[Knote: [m[Kin definition of macro ‘[01m[KROSCONSOLE_PRINT_AT_LOCATION_WITH_FILTER[m[K’
     ::ros::console::print(filter, __rosconsole_define_location__loc.logger_, __rosconsole_define_location__loc.level_, __FILE__, __LINE__, __ROSCONSOLE_FUNCTION__, [01;36m[K__VA_ARGS__[m[K)
                                                                                                                                                                     [01;36m[K^~~~~~~~~~~[m[K
[01m[K/opt/ros/melodic/include/ros/console.h:387:7:[m[K [01;36m[Knote: [m[Kin expansion of macro ‘[01m[KROSCONSOLE_PRINT_AT_LOCATION[m[K’
       [01;36m[KROSCONSOLE_PRINT_AT_LOCATION[m[K(__VA_ARGS__); \
       [01;36m[K^~~~~~~~~~~~~~~~~~~~~~~~~~~~[m[K
[01m[K/opt/ros/melodic/include/ros/console.h:572:35:[m[K [01;36m[Knote: [m[Kin expansion of macro ‘[01m[KROS_LOG_COND[m[K’
 #define ROS_LOG(level, name, ...) [01;36m[KROS_LOG_COND[m[K(true, level, name, __VA_ARGS__)
                                   [01;36m[K^~~~~~~~~~~~[m[K
[01m[K/opt/ros/melodic/include/rosconsole/macros_generated.h:110:23:[m[K [01;36m[Knote: [m[Kin expansion of macro ‘[01m[KROS_LOG[m[K’
 #define ROS_INFO(...) [01;36m[KROS_LOG[m[K(::ros::console::levels::Info, ROSCONSOLE_DEFAULT_NAME, __VA_ARGS__)
                       [01;36m[K^~~~~~~[m[K
[01m[K/home/xslin/Documents/xslin/research/rpg_ws/src/rotors_simulator/rotors_gazebo/src/uav_control_center.cpp:75:3:[m[K [01;36m[Knote: [m[Kin expansion of macro ‘[01m[KROS_INFO[m[K’
   [01;36m[KR[m[KOS_INFO("Publishing waypoint on namespace %s: [%f, %f, %f].",
   [01;36m[K^[m[K
[01m[K/home/xslin/Documents/xslin/research/rpg_ws/src/rotors_simulator/rotors_gazebo/src/uav_control_center.cpp:76:12:[m[K [01;36m[Knote: [m[Ksuggested alternative: ‘[01m[Knh_[m[K’
            [01;36m[Kn[m[Kh.getNamespace().c_str(),
            [01;36m[K^[m[K
[01m[K/opt/ros/melodic/include/ros/console.h:348:165:[m[K [01;36m[Knote: [m[Kin definition of macro ‘[01m[KROSCONSOLE_PRINT_AT_LOCATION_WITH_FILTER[m[K’
     ::ros::console::print(filter, __rosconsole_define_location__loc.logger_, __rosconsole_define_location__loc.level_, __FILE__, __LINE__, __ROSCONSOLE_FUNCTION__, [01;36m[K__VA_ARGS__[m[K)
                                                                                                                                                                     [01;36m[K^~~~~~~~~~~[m[K
[01m[K/opt/ros/melodic/include/ros/console.h:387:7:[m[K [01;36m[Knote: [m[Kin expansion of macro ‘[01m[KROSCONSOLE_PRINT_AT_LOCATION[m[K’
       [01;36m[KROSCONSOLE_PRINT_AT_LOCATION[m[K(__VA_ARGS__); \
       [01;36m[K^~~~~~~~~~~~~~~~~~~~~~~~~~~~[m[K
[01m[K/opt/ros/melodic/include/ros/console.h:572:35:[m[K [01;36m[Knote: [m[Kin expansion of macro ‘[01m[KROS_LOG_COND[m[K’
 #define ROS_LOG(level, name, ...) [01;36m[KROS_LOG_COND[m[K(true, level, name, __VA_ARGS__)
                                   [01;36m[K^~~~~~~~~~~~[m[K
[01m[K/opt/ros/melodic/include/rosconsole/macros_generated.h:110:23:[m[K [01;36m[Knote: [m[Kin expansion of macro ‘[01m[KROS_LOG[m[K’
 #define ROS_INFO(...) [01;36m[KROS_LOG[m[K(::ros::console::levels::Info, ROSCONSOLE_DEFAULT_NAME, __VA_ARGS__)
                       [01;36m[K^~~~~~~[m[K
[01m[K/home/xslin/Documents/xslin/research/rpg_ws/src/rotors_simulator/rotors_gazebo/src/uav_control_center.cpp:75:3:[m[K [01;36m[Knote: [m[Kin expansion of macro ‘[01m[KROS_INFO[m[K’
   [01;36m[KR[m[KOS_INFO("Publishing waypoint on namespace %s: [%f, %f, %f].",
   [01;36m[K^[m[K
make[2]: *** [CMakeFiles/uav_control_center.dir/src/uav_control_center.cpp.o] Error 1
make[1]: *** [CMakeFiles/uav_control_center.dir/all] Error 2
make: *** [all] Error 2
