[01m[K/home/xslin/Documents/xslin/research/rpg_ws/src/rotors_simulator/rotors_gazebo/src/uav_control_center.cpp:[m[K In constructor ‘[01m[Krotors_gazebo::UAV_CONTROL_CENTER::UAV_CONTROL_CENTER(const ros::NodeHandle&, const ros::NodeHandle&)[m[K’:
[01m[K/home/xslin/Documents/xslin/research/rpg_ws/src/rotors_simulator/rotors_gazebo/src/uav_control_center.cpp:32:34:[m[K [01;31m[Kerror: [m[K‘[01m[Kn[m[K’ was not declared in this scope
     ros::Publisher chatter_pub = [01;31m[Kn[m[K.advertise<std_msgs::String>("chatter", 1000);
                                  [01;31m[K^[m[K
[01m[K/home/xslin/Documents/xslin/research/rpg_ws/src/rotors_simulator/rotors_gazebo/src/uav_control_center.cpp:32:34:[m[K [01;36m[Knote: [m[Ksuggested alternative: ‘[01m[Kyn[m[K’
     ros::Publisher chatter_pub = [01;36m[Kn[m[K.advertise<std_msgs::String>("chatter", 1000);
                                  [01;36m[K^[m[K
                                  [32m[Kyn[m[K
[01m[K/home/xslin/Documents/xslin/research/rpg_ws/src/rotors_simulator/rotors_gazebo/src/uav_control_center.cpp:32:62:[m[K [01;31m[Kerror: [m[Kexpected primary-expression before ‘[01m[K>[m[K’ token
     ros::Publisher chatter_pub = n.advertise<std_msgs::String[01;31m[K>[m[K("chatter", 1000);
                                                              [01;31m[K^[m[K
[01m[K/home/xslin/Documents/xslin/research/rpg_ws/src/rotors_simulator/rotors_gazebo/src/uav_control_center.cpp:[m[K In function ‘[01m[Kint main(int, char**)[m[K’:
[01m[K/home/xslin/Documents/xslin/research/rpg_ws/src/rotors_simulator/rotors_gazebo/src/uav_control_center.cpp:141:27:[m[K [01;31m[Kerror: [m[K‘[01m[Kcount[m[K’ was not declared in this scope
   ss << "hello world " << [01;31m[Kcount[m[K;
                           [01;31m[K^~~~~[m[K
[01m[K/home/xslin/Documents/xslin/research/rpg_ws/src/rotors_simulator/rotors_gazebo/src/uav_control_center.cpp:141:27:[m[K [01;36m[Knote: [m[Ksuggested alternative:
In file included from [01m[K/usr/include/c++/7/algorithm:62:0[m[K,
                 from [01m[K/usr/include/eigen3/Eigen/Core:269[m[K,
                 from [01m[K/home/xslin/Documents/xslin/research/rpg_ws/src/rotors_simulator/rotors_gazebo/include/uav_control_center.h:6[m[K,
                 from [01m[K/home/xslin/Documents/xslin/research/rpg_ws/src/rotors_simulator/rotors_gazebo/src/uav_control_center.cpp:21[m[K:
[01m[K/usr/include/c++/7/bits/stl_algo.h:4076:5:[m[K [01;36m[Knote: [m[K  ‘[01m[Kstd::count[m[K’
     [01;36m[Kcount[m[K(_InputIterator __first, _InputIterator __last, const _Tp& __value)
     [01;36m[K^~~~~[m[K
make[2]: *** [CMakeFiles/uav_control_center.dir/src/uav_control_center.cpp.o] Error 1
make[1]: *** [CMakeFiles/uav_control_center.dir/all] Error 2
make: *** [all] Error 2
