[01m[K/home/xslin/Documents/xslin/research/rpg_ws/src/rotors_simulator/rotors_gazebo/src/uav_control_center.cpp:[m[K In member function ‘[01m[Kvoid rotors_gazebo::UAV_CONTROL_CENTER::uav_trajectory_publisher(std::vector<waypointstruct>&, double, double)[m[K’:
[01m[K/home/xslin/Documents/xslin/research/rpg_ws/src/rotors_simulator/rotors_gazebo/src/uav_control_center.cpp:60:9:[m[K [01;31m[Kerror: [m[K‘[01m[KEigenTrajectoryPointVector[m[K’ was not declared in this scope
         [01;31m[KEigenTrajectoryPointVector[m[K trajectory;
         [01;31m[K^~~~~~~~~~~~~~~~~~~~~~~~~~[m[K
[01m[K/home/xslin/Documents/xslin/research/rpg_ws/src/rotors_simulator/rotors_gazebo/src/uav_control_center.cpp:60:9:[m[K [01;36m[Knote: [m[Ksuggested alternative:
In file included from [01m[K/home/xslin/Documents/xslin/research/rpg_ws/src/mav_comm/mav_msgs/include/mav_msgs/conversions.h:42:0[m[K,
                 from [01m[K/home/xslin/Documents/xslin/research/rpg_ws/src/rotors_simulator/rotors_gazebo/include/uav_control_center.h:7[m[K,
                 from [01m[K/home/xslin/Documents/xslin/research/rpg_ws/src/rotors_simulator/rotors_gazebo/src/uav_control_center.cpp:21[m[K:
[01m[K/home/xslin/Documents/xslin/research/rpg_ws/src/mav_comm/mav_msgs/include/mav_msgs/eigen_mav_msgs.h:344:34:[m[K [01;36m[Knote: [m[K  ‘[01m[Kmav_msgs::EigenTrajectoryPointVector[m[K’
 MAV_MSGS_MAKE_ALIGNED_CONTAINERS([01;36m[KE[m[KigenTrajectoryPoint)
                                  [01;36m[K^[m[K
[01m[K/home/xslin/Documents/xslin/research/rpg_ws/src/mav_comm/mav_msgs/include/mav_msgs/eigen_mav_msgs.h:333:36:[m[K [01;36m[Knote: [m[Kin definition of macro ‘[01m[KMAV_MSGS_CONCATENATE[m[K’
 #define MAV_MSGS_CONCATENATE(x, y) [01;36m[Kx[m[K##y
                                    [01;36m[K^[m[K
[01m[K/home/xslin/Documents/xslin/research/rpg_ws/src/mav_comm/mav_msgs/include/mav_msgs/eigen_mav_msgs.h:337:7:[m[K [01;36m[Knote: [m[Kin expansion of macro ‘[01m[KMAV_MSGS_CONCATENATE2[m[K’
       [01;36m[KMAV_MSGS_CONCATENATE2[m[K(EIGEN_TYPE, Vector);                        \
       [01;36m[K^~~~~~~~~~~~~~~~~~~~~[m[K
[01m[K/home/xslin/Documents/xslin/research/rpg_ws/src/mav_comm/mav_msgs/include/mav_msgs/eigen_mav_msgs.h:344:1:[m[K [01;36m[Knote: [m[Kin expansion of macro ‘[01m[KMAV_MSGS_MAKE_ALIGNED_CONTAINERS[m[K’
 [01;36m[KM[m[KAV_MSGS_MAKE_ALIGNED_CONTAINERS(EigenTrajectoryPoint)
 [01;36m[K^[m[K
[01m[K/home/xslin/Documents/xslin/research/rpg_ws/src/rotors_simulator/rotors_gazebo/src/uav_control_center.cpp:61:9:[m[K [01;31m[Kerror: [m[K‘[01m[KEigenTrajectoryPoint[m[K’ was not declared in this scope
         [01;31m[KEigenTrajectoryPoint[m[K trajectory_point;
         [01;31m[K^~~~~~~~~~~~~~~~~~~~[m[K
[01m[K/home/xslin/Documents/xslin/research/rpg_ws/src/rotors_simulator/rotors_gazebo/src/uav_control_center.cpp:61:9:[m[K [01;36m[Knote: [m[Ksuggested alternative:
In file included from [01m[K/home/xslin/Documents/xslin/research/rpg_ws/src/mav_comm/mav_msgs/include/mav_msgs/conversions.h:42:0[m[K,
                 from [01m[K/home/xslin/Documents/xslin/research/rpg_ws/src/rotors_simulator/rotors_gazebo/include/uav_control_center.h:7[m[K,
                 from [01m[K/home/xslin/Documents/xslin/research/rpg_ws/src/rotors_simulator/rotors_gazebo/src/uav_control_center.cpp:21[m[K:
[01m[K/home/xslin/Documents/xslin/research/rpg_ws/src/mav_comm/mav_msgs/include/mav_msgs/eigen_mav_msgs.h:163:8:[m[K [01;36m[Knote: [m[K  ‘[01m[Kmav_msgs::EigenTrajectoryPoint[m[K’
 struct [01;36m[KEigenTrajectoryPoint[m[K {
        [01;36m[K^~~~~~~~~~~~~~~~~~~~[m[K
[01m[K/home/xslin/Documents/xslin/research/rpg_ws/src/rotors_simulator/rotors_gazebo/src/uav_control_center.cpp:68:13:[m[K [01;31m[Kerror: [m[K‘[01m[Kx[m[K’ was not declared in this scope
             [01;31m[Kx[m[K = wp.x + disp_x;
             [01;31m[K^[m[K
[01m[K/home/xslin/Documents/xslin/research/rpg_ws/src/rotors_simulator/rotors_gazebo/src/uav_control_center.cpp:69:13:[m[K [01;31m[Kerror: [m[K‘[01m[Ky[m[K’ was not declared in this scope
             [01;31m[Ky[m[K = wp.y + disp_y;
             [01;31m[K^[m[K
[01m[K/home/xslin/Documents/xslin/research/rpg_ws/src/rotors_simulator/rotors_gazebo/src/uav_control_center.cpp:69:13:[m[K [01;36m[Knote: [m[Ksuggested alternative: ‘[01m[Kyn[m[K’
             [01;36m[Ky[m[K = wp.y + disp_y;
             [01;36m[K^[m[K
             [32m[Kyn[m[K
[01m[K/home/xslin/Documents/xslin/research/rpg_ws/src/rotors_simulator/rotors_gazebo/src/uav_control_center.cpp:70:13:[m[K [01;31m[Kerror: [m[K‘[01m[Kz[m[K’ was not declared in this scope
             [01;31m[Kz[m[K = wp.z;
             [01;31m[K^[m[K
[01m[K/home/xslin/Documents/xslin/research/rpg_ws/src/rotors_simulator/rotors_gazebo/src/uav_control_center.cpp:71:13:[m[K [01;31m[Kerror: [m[K‘[01m[Kyaw[m[K’ was not declared in this scope
             [01;31m[Kyaw[m[K = wp.yaw;
             [01;31m[K^~~[m[K
[01m[K/home/xslin/Documents/xslin/research/rpg_ws/src/rotors_simulator/rotors_gazebo/src/uav_control_center.cpp:76:26:[m[K [01;31m[Kerror: [m[K‘[01m[Kuav_control_center[m[K’ was not declared in this scope
                 last_z = [01;31m[Kuav_control_center[m[K.pt.z;
                          [01;31m[K^~~~~~~~~~~~~~~~~~[m[K
[01m[K/home/xslin/Documents/xslin/research/rpg_ws/src/rotors_simulator/rotors_gazebo/src/uav_control_center.cpp:88:13:[m[K [01;31m[Kerror: [m[K‘[01m[Ktrajectory_point[m[K’ was not declared in this scope
             [01;31m[Ktrajectory_point[m[K.position_W = desired_position;
             [01;31m[K^~~~~~~~~~~~~~~~[m[K
[01m[K/home/xslin/Documents/xslin/research/rpg_ws/src/rotors_simulator/rotors_gazebo/src/uav_control_center.cpp:88:13:[m[K [01;36m[Knote: [m[Ksuggested alternative: ‘[01m[Ktrajectory_pub[m[K’
             [01;36m[Ktrajectory_point[m[K.position_W = desired_position;
             [01;36m[K^~~~~~~~~~~~~~~~[m[K
             [32m[Ktrajectory_pub[m[K
[01m[K/home/xslin/Documents/xslin/research/rpg_ws/src/rotors_simulator/rotors_gazebo/src/uav_control_center.cpp:91:36:[m[K [01;31m[Kerror: [m[K‘[01m[Kuav_control_center[m[K’ was not declared in this scope
                     len_from_start/[01;31m[Kuav_control_center[m[K.max_vel;
                                    [01;31m[K^~~~~~~~~~~~~~~~~~[m[K
[01m[K/home/xslin/Documents/xslin/research/rpg_ws/src/rotors_simulator/rotors_gazebo/src/uav_control_center.cpp:97:39:[m[K [01;31m[Kerror: [m[K‘[01m[Ktrajectory[m[K’ was not declared in this scope
   msgMultiDofJointTrajectoryFromEigen([01;31m[Ktrajectory[m[K,&trajectory_msg);
                                       [01;31m[K^~~~~~~~~~[m[K
[01m[K/home/xslin/Documents/xslin/research/rpg_ws/src/rotors_simulator/rotors_gazebo/src/uav_control_center.cpp:97:39:[m[K [01;36m[Knote: [m[Ksuggested alternative: ‘[01m[Ktrajectory_pub[m[K’
   msgMultiDofJointTrajectoryFromEigen([01;36m[Ktrajectory[m[K,&trajectory_msg);
                                       [01;36m[K^~~~~~~~~~[m[K
                                       [32m[Ktrajectory_pub[m[K
[01m[K/home/xslin/Documents/xslin/research/rpg_ws/src/rotors_simulator/rotors_gazebo/src/uav_control_center.cpp:97:3:[m[K [01;31m[Kerror: [m[K‘[01m[KmsgMultiDofJointTrajectoryFromEigen[m[K’ was not declared in this scope
   [01;31m[KmsgMultiDofJointTrajectoryFromEigen[m[K(trajectory,&trajectory_msg);
   [01;31m[K^~~~~~~~~~~~~~~~~~~~~~~~~~~~~~~~~~~[m[K
[01m[K/home/xslin/Documents/xslin/research/rpg_ws/src/rotors_simulator/rotors_gazebo/src/uav_control_center.cpp:97:3:[m[K [01;36m[Knote: [m[Ksuggested alternative:
In file included from [01m[K/home/xslin/Documents/xslin/research/rpg_ws/src/rotors_simulator/rotors_gazebo/include/uav_control_center.h:7:0[m[K,
                 from [01m[K/home/xslin/Documents/xslin/research/rpg_ws/src/rotors_simulator/rotors_gazebo/src/uav_control_center.cpp:21[m[K:
[01m[K/home/xslin/Documents/xslin/research/rpg_ws/src/mav_comm/mav_msgs/include/mav_msgs/conversions.h:574:13:[m[K [01;36m[Knote: [m[K  ‘[01m[Kmav_msgs::msgMultiDofJointTrajectoryFromEigen[m[K’
 inline void [01;36m[KmsgMultiDofJointTrajectoryFromEigen[m[K(
             [01;36m[K^~~~~~~~~~~~~~~~~~~~~~~~~~~~~~~~~~~[m[K
[01m[K/home/xslin/Documents/xslin/research/rpg_ws/src/rotors_simulator/rotors_gazebo/src/uav_control_center.cpp:[m[K In function ‘[01m[Kint main(int, char**)[m[K’:
[01m[K/home/xslin/Documents/xslin/research/rpg_ws/src/rotors_simulator/rotors_gazebo/src/uav_control_center.cpp:221:66:[m[K [01;31m[Kerror: [m[Kno matching function for call to ‘[01m[Krotors_gazebo::UAV_CONTROL_CENTER::uav_trajectory_publisher(std::vector<waypointstruct>&)[m[K’
         uav_control_center.uav_trajectory_publisher(new_waypoints[01;31m[K)[m[K;
                                                                  [01;31m[K^[m[K
[01m[K/home/xslin/Documents/xslin/research/rpg_ws/src/rotors_simulator/rotors_gazebo/src/uav_control_center.cpp:57:6:[m[K [01;36m[Knote: [m[Kcandidate: void rotors_gazebo::UAV_CONTROL_CENTER::uav_trajectory_publisher(std::vector<waypointstruct>&, double, double)
 void [01;36m[KUAV_CONTROL_CENTER[m[K::uav_trajectory_publisher(std::vector<waypointstruct>&new_waypoints, double disp_x, double disp_y){
      [01;36m[K^~~~~~~~~~~~~~~~~~[m[K
[01m[K/home/xslin/Documents/xslin/research/rpg_ws/src/rotors_simulator/rotors_gazebo/src/uav_control_center.cpp:57:6:[m[K [01;36m[Knote: [m[K  candidate expects 3 arguments, 1 provided
make[2]: *** [CMakeFiles/uav_control_center.dir/src/uav_control_center.cpp.o] Error 1
make[1]: *** [CMakeFiles/uav_control_center.dir/all] Error 2
make: *** [all] Error 2
