[01m[K/home/xslin/Documents/xslin/research/rpg_ws/src/rotors_simulator/rotors_gazebo/src/uav_control_center.cpp:58:33:[m[K [01;31m[Kerror: [m[K‘[01m[Kdisp_x[m[K’ has not been declared
                 &new_waypoints, [01;31m[Kdisp_x[m[K, disp_y){
                                 [01;31m[K^~~~~~[m[K
[01m[K/home/xslin/Documents/xslin/research/rpg_ws/src/rotors_simulator/rotors_gazebo/src/uav_control_center.cpp:58:41:[m[K [01;31m[Kerror: [m[K‘[01m[Kdisp_y[m[K’ has not been declared
                 &new_waypoints, disp_x, [01;31m[Kdisp_y[m[K){
                                         [01;31m[K^~~~~~[m[K
[01m[K/home/xslin/Documents/xslin/research/rpg_ws/src/rotors_simulator/rotors_gazebo/src/uav_control_center.cpp:57:6:[m[K [01;31m[Kerror: [m[Kprototype for ‘[01m[Kvoid rotors_gazebo::UAV_CONTROL_CENTER::uav_trajectory_publisher(std::vector<waypointstruct>&, int, int)[m[K’ does not match any in class ‘[01m[Krotors_gazebo::UAV_CONTROL_CENTER[m[K’
 void [01;31m[KUAV_CONTROL_CENTER[m[K::uav_trajectory_publisher(std::vector<waypointstruct>
      [01;31m[K^~~~~~~~~~~~~~~~~~[m[K
In file included from [01m[K/home/xslin/Documents/xslin/research/rpg_ws/src/rotors_simulator/rotors_gazebo/src/uav_control_center.cpp:21:0[m[K:
[01m[K/home/xslin/Documents/xslin/research/rpg_ws/src/rotors_simulator/rotors_gazebo/include/uav_control_center.h:40:8:[m[K [01;31m[Kerror: [m[Kcandidate is: void rotors_gazebo::UAV_CONTROL_CENTER::uav_trajectory_publisher(double, double, double, double)
   void [01;31m[Kuav_trajectory_publisher[m[K(double x, double y, double z, double yaw);
        [01;31m[K^~~~~~~~~~~~~~~~~~~~~~~~[m[K
[01m[K/home/xslin/Documents/xslin/research/rpg_ws/src/rotors_simulator/rotors_gazebo/src/uav_control_center.cpp:[m[K In function ‘[01m[Kint main(int, char**)[m[K’:
[01m[K/home/xslin/Documents/xslin/research/rpg_ws/src/rotors_simulator/rotors_gazebo/src/uav_control_center.cpp:222:66:[m[K [01;31m[Kerror: [m[Kno matching function for call to ‘[01m[Krotors_gazebo::UAV_CONTROL_CENTER::uav_trajectory_publisher(std::vector<waypointstruct>&)[m[K’
         uav_control_center.uav_trajectory_publisher(new_waypoints[01;31m[K)[m[K;
                                                                  [01;31m[K^[m[K
In file included from [01m[K/home/xslin/Documents/xslin/research/rpg_ws/src/rotors_simulator/rotors_gazebo/src/uav_control_center.cpp:21:0[m[K:
[01m[K/home/xslin/Documents/xslin/research/rpg_ws/src/rotors_simulator/rotors_gazebo/include/uav_control_center.h:40:8:[m[K [01;36m[Knote: [m[Kcandidate: void rotors_gazebo::UAV_CONTROL_CENTER::uav_trajectory_publisher(double, double, double, double)
   void [01;36m[Kuav_trajectory_publisher[m[K(double x, double y, double z, double yaw);
        [01;36m[K^~~~~~~~~~~~~~~~~~~~~~~~[m[K
[01m[K/home/xslin/Documents/xslin/research/rpg_ws/src/rotors_simulator/rotors_gazebo/include/uav_control_center.h:40:8:[m[K [01;36m[Knote: [m[K  candidate expects 4 arguments, 1 provided
make[2]: *** [CMakeFiles/uav_control_center.dir/src/uav_control_center.cpp.o] Error 1
make[1]: *** [CMakeFiles/uav_control_center.dir/all] Error 2
make: *** [all] Error 2
