In file included from [01m[K/home/xslin/Documents/xslin/research/rpg_ws/src/rotors_simulator/rotors_gazebo/src/uav_control_center.cpp:21:0[m[K:
[01m[K/home/xslin/Documents/xslin/research/rpg_ws/src/rotors_simulator/rotors_gazebo/include/uav_control_center.h:61:45:[m[K [01;31m[Kerror: [m[K‘[01m[Kfloatlist[m[K’ in namespace ‘[01m[Kstd_msgs[m[K’ does not name a type
   void cmd2UAV_sub_callback(const std_msgs::[01;31m[Kfloatlist[m[K::ConstPtr& msg);
                                             [01;31m[K^~~~~~~~~[m[K
[01m[K/home/xslin/Documents/xslin/research/rpg_ws/src/rotors_simulator/rotors_gazebo/include/uav_control_center.h:61:64:[m[K [01;31m[Kerror: [m[Kexpected unqualified-id before ‘[01m[K&[m[K’ token
   void cmd2UAV_sub_callback(const std_msgs::floatlist::ConstPtr[01;31m[K&[m[K msg);
                                                                [01;31m[K^[m[K
[01m[K/home/xslin/Documents/xslin/research/rpg_ws/src/rotors_simulator/rotors_gazebo/include/uav_control_center.h:61:64:[m[K [01;31m[Kerror: [m[Kexpected ‘[01m[K)[m[K’ before ‘[01m[K&[m[K’ token
[01m[K/home/xslin/Documents/xslin/research/rpg_ws/src/rotors_simulator/rotors_gazebo/include/uav_control_center.h:61:64:[m[K [01;31m[Kerror: [m[Kexpected ‘[01m[K;[m[K’ at end of member declaration
[01m[K/home/xslin/Documents/xslin/research/rpg_ws/src/rotors_simulator/rotors_gazebo/include/uav_control_center.h:61:66:[m[K [01;31m[Kerror: [m[K‘[01m[Kmsg[m[K’ does not name a type
   void cmd2UAV_sub_callback(const std_msgs::floatlist::ConstPtr& [01;31m[Kmsg[m[K);
                                                                  [01;31m[K^~~[m[K
[01m[K/home/xslin/Documents/xslin/research/rpg_ws/src/rotors_simulator/rotors_gazebo/src/uav_control_center.cpp:[m[K In constructor ‘[01m[Krotors_gazebo::UAV_CONTROL_CENTER::UAV_CONTROL_CENTER(const ros::NodeHandle&, const ros::NodeHandle&)[m[K’:
[01m[K/home/xslin/Documents/xslin/research/rpg_ws/src/rotors_simulator/rotors_gazebo/src/uav_control_center.cpp:46:67:[m[K [01;31m[Kerror: [m[Kno matching function for call to ‘[01m[Kros::NodeHandle::subscribe(const char [8], int, void (rotors_gazebo::UAV_CONTROL_CENTER::*)(...) &, rotors_gazebo::UAV_CONTROL_CENTER*)[m[K’
                     &UAV_CONTROL_CENTER::cmd2UAV_sub_callback,this[01;31m[K)[m[K;
                                                                   [01;31m[K^[m[K
In file included from [01m[K/opt/ros/melodic/include/ros/ros.h:45:0[m[K,
                 from [01m[K/home/xslin/Documents/xslin/research/rpg_ws/src/mav_comm/mav_msgs/include/mav_msgs/conversions.h:32[m[K,
                 from [01m[K/home/xslin/Documents/xslin/research/rpg_ws/src/rotors_simulator/rotors_gazebo/include/uav_control_center.h:7[m[K,
                 from [01m[K/home/xslin/Documents/xslin/research/rpg_ws/src/rotors_simulator/rotors_gazebo/src/uav_control_center.cpp:21[m[K:
[01m[K/opt/ros/melodic/include/ros/node_handle.h:402:14:[m[K [01;36m[Knote: [m[Kcandidate: template<class M, class T> ros::Subscriber ros::NodeHandle::subscribe(const string&, uint32_t, void (T::*)(M), T*, const ros::TransportHints&)
   Subscriber [01;36m[Ksubscribe[m[K(const std::string& topic, uint32_t queue_size, void(T::*fp)(M), T* obj,
              [01;36m[K^~~~~~~~~[m[K
[01m[K/opt/ros/melodic/include/ros/node_handle.h:402:14:[m[K [01;36m[Knote: [m[K  template argument deduction/substitution failed:
[01m[K/home/xslin/Documents/xslin/research/rpg_ws/src/rotors_simulator/rotors_gazebo/src/uav_control_center.cpp:46:67:[m[K [01;36m[Knote: [m[K  mismatched types ‘[01m[Kvoid (T::)(M)[m[K’ and ‘[01m[Kvoid (rotors_gazebo::UAV_CONTROL_CENTER::)(...) &[m[K’
                     &UAV_CONTROL_CENTER::cmd2UAV_sub_callback,this[01;36m[K)[m[K;
                                                                   [01;36m[K^[m[K
In file included from [01m[K/opt/ros/melodic/include/ros/ros.h:45:0[m[K,
                 from [01m[K/home/xslin/Documents/xslin/research/rpg_ws/src/mav_comm/mav_msgs/include/mav_msgs/conversions.h:32[m[K,
                 from [01m[K/home/xslin/Documents/xslin/research/rpg_ws/src/rotors_simulator/rotors_gazebo/include/uav_control_center.h:7[m[K,
                 from [01m[K/home/xslin/Documents/xslin/research/rpg_ws/src/rotors_simulator/rotors_gazebo/src/uav_control_center.cpp:21[m[K:
[01m[K/opt/ros/melodic/include/ros/node_handle.h:413:14:[m[K [01;36m[Knote: [m[Kcandidate: template<class M, class T> ros::Subscriber ros::NodeHandle::subscribe(const string&, uint32_t, void (T::*)(M) const, T*, const ros::TransportHints&)
   Subscriber [01;36m[Ksubscribe[m[K(const std::string& topic, uint32_t queue_size, void(T::*fp)(M) const, T* obj,
              [01;36m[K^~~~~~~~~[m[K
[01m[K/opt/ros/melodic/include/ros/node_handle.h:413:14:[m[K [01;36m[Knote: [m[K  template argument deduction/substitution failed:
[01m[K/home/xslin/Documents/xslin/research/rpg_ws/src/rotors_simulator/rotors_gazebo/src/uav_control_center.cpp:46:67:[m[K [01;36m[Knote: [m[K  types ‘[01m[Kvoid (T::)(M) const[m[K’ and ‘[01m[Kvoid (rotors_gazebo::UAV_CONTROL_CENTER::)(...) &[m[K’ have incompatible cv-qualifiers
                     &UAV_CONTROL_CENTER::cmd2UAV_sub_callback,this[01;36m[K)[m[K;
                                                                   [01;36m[K^[m[K
In file included from [01m[K/opt/ros/melodic/include/ros/ros.h:45:0[m[K,
                 from [01m[K/home/xslin/Documents/xslin/research/rpg_ws/src/mav_comm/mav_msgs/include/mav_msgs/conversions.h:32[m[K,
                 from [01m[K/home/xslin/Documents/xslin/research/rpg_ws/src/rotors_simulator/rotors_gazebo/include/uav_control_center.h:7[m[K,
                 from [01m[K/home/xslin/Documents/xslin/research/rpg_ws/src/rotors_simulator/rotors_gazebo/src/uav_control_center.cpp:21[m[K:
[01m[K/opt/ros/melodic/include/ros/node_handle.h:465:14:[m[K [01;36m[Knote: [m[Kcandidate: template<class M, class T> ros::Subscriber ros::NodeHandle::subscribe(const string&, uint32_t, void (T::*)(const boost::shared_ptr<const M>&), T*, const ros::TransportHints&)
   Subscriber [01;36m[Ksubscribe[m[K(const std::string& topic, uint32_t queue_size,
              [01;36m[K^~~~~~~~~[m[K
[01m[K/opt/ros/melodic/include/ros/node_handle.h:465:14:[m[K [01;36m[Knote: [m[K  template argument deduction/substitution failed:
[01m[K/home/xslin/Documents/xslin/research/rpg_ws/src/rotors_simulator/rotors_gazebo/src/uav_control_center.cpp:46:67:[m[K [01;36m[Knote: [m[K  mismatched types ‘[01m[Kvoid (T::)(const boost::shared_ptr<const M>&)[m[K’ and ‘[01m[Kvoid (rotors_gazebo::UAV_CONTROL_CENTER::)(...) &[m[K’
                     &UAV_CONTROL_CENTER::cmd2UAV_sub_callback,this[01;36m[K)[m[K;
                                                                   [01;36m[K^[m[K
In file included from [01m[K/opt/ros/melodic/include/ros/ros.h:45:0[m[K,
                 from [01m[K/home/xslin/Documents/xslin/research/rpg_ws/src/mav_comm/mav_msgs/include/mav_msgs/conversions.h:32[m[K,
                 from [01m[K/home/xslin/Documents/xslin/research/rpg_ws/src/rotors_simulator/rotors_gazebo/include/uav_control_center.h:7[m[K,
                 from [01m[K/home/xslin/Documents/xslin/research/rpg_ws/src/rotors_simulator/rotors_gazebo/src/uav_control_center.cpp:21[m[K:
[01m[K/opt/ros/melodic/include/ros/node_handle.h:475:14:[m[K [01;36m[Knote: [m[Kcandidate: template<class M, class T> ros::Subscriber ros::NodeHandle::subscribe(const string&, uint32_t, void (T::*)(const boost::shared_ptr<const M>&) const, T*, const ros::TransportHints&)
   Subscriber [01;36m[Ksubscribe[m[K(const std::string& topic, uint32_t queue_size,
              [01;36m[K^~~~~~~~~[m[K
[01m[K/opt/ros/melodic/include/ros/node_handle.h:475:14:[m[K [01;36m[Knote: [m[K  template argument deduction/substitution failed:
[01m[K/home/xslin/Documents/xslin/research/rpg_ws/src/rotors_simulator/rotors_gazebo/src/uav_control_center.cpp:46:67:[m[K [01;36m[Knote: [m[K  types ‘[01m[Kvoid (T::)(const boost::shared_ptr<const M>&) const[m[K’ and ‘[01m[Kvoid (rotors_gazebo::UAV_CONTROL_CENTER::)(...) &[m[K’ have incompatible cv-qualifiers
                     &UAV_CONTROL_CENTER::cmd2UAV_sub_callback,this[01;36m[K)[m[K;
                                                                   [01;36m[K^[m[K
In file included from [01m[K/opt/ros/melodic/include/ros/ros.h:45:0[m[K,
                 from [01m[K/home/xslin/Documents/xslin/research/rpg_ws/src/mav_comm/mav_msgs/include/mav_msgs/conversions.h:32[m[K,
                 from [01m[K/home/xslin/Documents/xslin/research/rpg_ws/src/rotors_simulator/rotors_gazebo/include/uav_control_center.h:7[m[K,
                 from [01m[K/home/xslin/Documents/xslin/research/rpg_ws/src/rotors_simulator/rotors_gazebo/src/uav_control_center.cpp:21[m[K:
[01m[K/opt/ros/melodic/include/ros/node_handle.h:529:14:[m[K [01;36m[Knote: [m[Kcandidate: template<class M, class T> ros::Subscriber ros::NodeHandle::subscribe(const string&, uint32_t, void (T::*)(M), const boost::shared_ptr<U>&, const ros::TransportHints&)
   Subscriber [01;36m[Ksubscribe[m[K(const std::string& topic, uint32_t queue_size, void(T::*fp)(M),
              [01;36m[K^~~~~~~~~[m[K
[01m[K/opt/ros/melodic/include/ros/node_handle.h:529:14:[m[K [01;36m[Knote: [m[K  template argument deduction/substitution failed:
[01m[K/home/xslin/Documents/xslin/research/rpg_ws/src/rotors_simulator/rotors_gazebo/src/uav_control_center.cpp:46:67:[m[K [01;36m[Knote: [m[K  mismatched types ‘[01m[Kvoid (T::)(M)[m[K’ and ‘[01m[Kvoid (rotors_gazebo::UAV_CONTROL_CENTER::)(...) &[m[K’
                     &UAV_CONTROL_CENTER::cmd2UAV_sub_callback,this[01;36m[K)[m[K;
                                                                   [01;36m[K^[m[K
In file included from [01m[K/opt/ros/melodic/include/ros/ros.h:45:0[m[K,
                 from [01m[K/home/xslin/Documents/xslin/research/rpg_ws/src/mav_comm/mav_msgs/include/mav_msgs/conversions.h:32[m[K,
                 from [01m[K/home/xslin/Documents/xslin/research/rpg_ws/src/rotors_simulator/rotors_gazebo/include/uav_control_center.h:7[m[K,
                 from [01m[K/home/xslin/Documents/xslin/research/rpg_ws/src/rotors_simulator/rotors_gazebo/src/uav_control_center.cpp:21[m[K:
[01m[K/opt/ros/melodic/include/ros/node_handle.h:540:14:[m[K [01;36m[Knote: [m[Kcandidate: template<class M, class T> ros::Subscriber ros::NodeHandle::subscribe(const string&, uint32_t, void (T::*)(M) const, const boost::shared_ptr<U>&, const ros::TransportHints&)
   Subscriber [01;36m[Ksubscribe[m[K(const std::string& topic, uint32_t queue_size, void(T::*fp)(M) const,
              [01;36m[K^~~~~~~~~[m[K
[01m[K/opt/ros/melodic/include/ros/node_handle.h:540:14:[m[K [01;36m[Knote: [m[K  template argument deduction/substitution failed:
[01m[K/home/xslin/Documents/xslin/research/rpg_ws/src/rotors_simulator/rotors_gazebo/src/uav_control_center.cpp:46:67:[m[K [01;36m[Knote: [m[K  types ‘[01m[Kvoid (T::)(M) const[m[K’ and ‘[01m[Kvoid (rotors_gazebo::UAV_CONTROL_CENTER::)(...) &[m[K’ have incompatible cv-qualifiers
                     &UAV_CONTROL_CENTER::cmd2UAV_sub_callback,this[01;36m[K)[m[K;
                                                                   [01;36m[K^[m[K
In file included from [01m[K/opt/ros/melodic/include/ros/ros.h:45:0[m[K,
                 from [01m[K/home/xslin/Documents/xslin/research/rpg_ws/src/mav_comm/mav_msgs/include/mav_msgs/conversions.h:32[m[K,
                 from [01m[K/home/xslin/Documents/xslin/research/rpg_ws/src/rotors_simulator/rotors_gazebo/include/uav_control_center.h:7[m[K,
                 from [01m[K/home/xslin/Documents/xslin/research/rpg_ws/src/rotors_simulator/rotors_gazebo/src/uav_control_center.cpp:21[m[K:
[01m[K/opt/ros/melodic/include/ros/node_handle.h:594:14:[m[K [01;36m[Knote: [m[Kcandidate: template<class M, class T> ros::Subscriber ros::NodeHandle::subscribe(const string&, uint32_t, void (T::*)(const boost::shared_ptr<const M>&), const boost::shared_ptr<U>&, const ros::TransportHints&)
   Subscriber [01;36m[Ksubscribe[m[K(const std::string& topic, uint32_t queue_size,
              [01;36m[K^~~~~~~~~[m[K
[01m[K/opt/ros/melodic/include/ros/node_handle.h:594:14:[m[K [01;36m[Knote: [m[K  template argument deduction/substitution failed:
[01m[K/home/xslin/Documents/xslin/research/rpg_ws/src/rotors_simulator/rotors_gazebo/src/uav_control_center.cpp:46:67:[m[K [01;36m[Knote: [m[K  mismatched types ‘[01m[Kvoid (T::)(const boost::shared_ptr<const M>&)[m[K’ and ‘[01m[Kvoid (rotors_gazebo::UAV_CONTROL_CENTER::)(...) &[m[K’
                     &UAV_CONTROL_CENTER::cmd2UAV_sub_callback,this[01;36m[K)[m[K;
                                                                   [01;36m[K^[m[K
In file included from [01m[K/opt/ros/melodic/include/ros/ros.h:45:0[m[K,
                 from [01m[K/home/xslin/Documents/xslin/research/rpg_ws/src/mav_comm/mav_msgs/include/mav_msgs/conversions.h:32[m[K,
                 from [01m[K/home/xslin/Documents/xslin/research/rpg_ws/src/rotors_simulator/rotors_gazebo/include/uav_control_center.h:7[m[K,
                 from [01m[K/home/xslin/Documents/xslin/research/rpg_ws/src/rotors_simulator/rotors_gazebo/src/uav_control_center.cpp:21[m[K:
[01m[K/opt/ros/melodic/include/ros/node_handle.h:605:14:[m[K [01;36m[Knote: [m[Kcandidate: template<class M, class T> ros::Subscriber ros::NodeHandle::subscribe(const string&, uint32_t, void (T::*)(const boost::shared_ptr<const M>&) const, const boost::shared_ptr<U>&, const ros::TransportHints&)
   Subscriber [01;36m[Ksubscribe[m[K(const std::string& topic, uint32_t queue_size,
              [01;36m[K^~~~~~~~~[m[K
[01m[K/opt/ros/melodic/include/ros/node_handle.h:605:14:[m[K [01;36m[Knote: [m[K  template argument deduction/substitution failed:
[01m[K/home/xslin/Documents/xslin/research/rpg_ws/src/rotors_simulator/rotors_gazebo/src/uav_control_center.cpp:46:67:[m[K [01;36m[Knote: [m[K  types ‘[01m[Kvoid (T::)(const boost::shared_ptr<const M>&) const[m[K’ and ‘[01m[Kvoid (rotors_gazebo::UAV_CONTROL_CENTER::)(...) &[m[K’ have incompatible cv-qualifiers
                     &UAV_CONTROL_CENTER::cmd2UAV_sub_callback,this[01;36m[K)[m[K;
                                                                   [01;36m[K^[m[K
In file included from [01m[K/opt/ros/melodic/include/ros/ros.h:45:0[m[K,
                 from [01m[K/home/xslin/Documents/xslin/research/rpg_ws/src/mav_comm/mav_msgs/include/mav_msgs/conversions.h:32[m[K,
                 from [01m[K/home/xslin/Documents/xslin/research/rpg_ws/src/rotors_simulator/rotors_gazebo/include/uav_control_center.h:7[m[K,
                 from [01m[K/home/xslin/Documents/xslin/research/rpg_ws/src/rotors_simulator/rotors_gazebo/src/uav_control_center.cpp:21[m[K:
[01m[K/opt/ros/melodic/include/ros/node_handle.h:656:14:[m[K [01;36m[Knote: [m[Kcandidate: template<class M> ros::Subscriber ros::NodeHandle::subscribe(const string&, uint32_t, void (*)(M), const ros::TransportHints&)
   Subscriber [01;36m[Ksubscribe[m[K(const std::string& topic, uint32_t queue_size, void(*fp)(M), const TransportHints& transport_hints = TransportHints())
              [01;36m[K^~~~~~~~~[m[K
[01m[K/opt/ros/melodic/include/ros/node_handle.h:656:14:[m[K [01;36m[Knote: [m[K  template argument deduction/substitution failed:
[01m[K/home/xslin/Documents/xslin/research/rpg_ws/src/rotors_simulator/rotors_gazebo/src/uav_control_center.cpp:46:67:[m[K [01;36m[Knote: [m[K  mismatched types ‘[01m[Kvoid (*)(M)[m[K’ and ‘[01m[Kvoid (rotors_gazebo::UAV_CONTROL_CENTER::*)(...) &[m[K’
                     &UAV_CONTROL_CENTER::cmd2UAV_sub_callback,this[01;36m[K)[m[K;
                                                                   [01;36m[K^[m[K
In file included from [01m[K/opt/ros/melodic/include/ros/ros.h:45:0[m[K,
                 from [01m[K/home/xslin/Documents/xslin/research/rpg_ws/src/mav_comm/mav_msgs/include/mav_msgs/conversions.h:32[m[K,
                 from [01m[K/home/xslin/Documents/xslin/research/rpg_ws/src/rotors_simulator/rotors_gazebo/include/uav_control_center.h:7[m[K,
                 from [01m[K/home/xslin/Documents/xslin/research/rpg_ws/src/rotors_simulator/rotors_gazebo/src/uav_control_center.cpp:21[m[K:
[01m[K/opt/ros/melodic/include/ros/node_handle.h:704:14:[m[K [01;36m[Knote: [m[Kcandidate: template<class M> ros::Subscriber ros::NodeHandle::subscribe(const string&, uint32_t, void (*)(const boost::shared_ptr<const M>&), const ros::TransportHints&)
   Subscriber [01;36m[Ksubscribe[m[K(const std::string& topic, uint32_t queue_size, void(*fp)(const boost::shared_ptr<M const>&), const TransportHints& transport_hints = TransportHints())
              [01;36m[K^~~~~~~~~[m[K
[01m[K/opt/ros/melodic/include/ros/node_handle.h:704:14:[m[K [01;36m[Knote: [m[K  template argument deduction/substitution failed:
[01m[K/home/xslin/Documents/xslin/research/rpg_ws/src/rotors_simulator/rotors_gazebo/src/uav_control_center.cpp:46:67:[m[K [01;36m[Knote: [m[K  mismatched types ‘[01m[Kvoid (*)(const boost::shared_ptr<const M>&)[m[K’ and ‘[01m[Kvoid (rotors_gazebo::UAV_CONTROL_CENTER::*)(...) &[m[K’
                     &UAV_CONTROL_CENTER::cmd2UAV_sub_callback,this[01;36m[K)[m[K;
                                                                   [01;36m[K^[m[K
In file included from [01m[K/opt/ros/melodic/include/ros/ros.h:45:0[m[K,
                 from [01m[K/home/xslin/Documents/xslin/research/rpg_ws/src/mav_comm/mav_msgs/include/mav_msgs/conversions.h:32[m[K,
                 from [01m[K/home/xslin/Documents/xslin/research/rpg_ws/src/rotors_simulator/rotors_gazebo/include/uav_control_center.h:7[m[K,
                 from [01m[K/home/xslin/Documents/xslin/research/rpg_ws/src/rotors_simulator/rotors_gazebo/src/uav_control_center.cpp:21[m[K:
[01m[K/opt/ros/melodic/include/ros/node_handle.h:750:14:[m[K [01;36m[Knote: [m[Kcandidate: template<class M> ros::Subscriber ros::NodeHandle::subscribe(const string&, uint32_t, const boost::function<void(const boost::shared_ptr<const M>&)>&, const VoidConstPtr&, const ros::TransportHints&)
   Subscriber [01;36m[Ksubscribe[m[K(const std::string& topic, uint32_t queue_size, const boost::function<void (const boost::shared_ptr<M const>&)>& callback,
              [01;36m[K^~~~~~~~~[m[K
[01m[K/opt/ros/melodic/include/ros/node_handle.h:750:14:[m[K [01;36m[Knote: [m[K  template argument deduction/substitution failed:
[01m[K/home/xslin/Documents/xslin/research/rpg_ws/src/rotors_simulator/rotors_gazebo/src/uav_control_center.cpp:46:67:[m[K [01;36m[Knote: [m[K  mismatched types ‘[01m[Kconst boost::function<void(const boost::shared_ptr<const M>&)>[m[K’ and ‘[01m[Kvoid (rotors_gazebo::UAV_CONTROL_CENTER::*)(...) &[m[K’
                     &UAV_CONTROL_CENTER::cmd2UAV_sub_callback,this[01;36m[K)[m[K;
                                                                   [01;36m[K^[m[K
In file included from [01m[K/opt/ros/melodic/include/ros/ros.h:45:0[m[K,
                 from [01m[K/home/xslin/Documents/xslin/research/rpg_ws/src/mav_comm/mav_msgs/include/mav_msgs/conversions.h:32[m[K,
                 from [01m[K/home/xslin/Documents/xslin/research/rpg_ws/src/rotors_simulator/rotors_gazebo/include/uav_control_center.h:7[m[K,
                 from [01m[K/home/xslin/Documents/xslin/research/rpg_ws/src/rotors_simulator/rotors_gazebo/src/uav_control_center.cpp:21[m[K:
[01m[K/opt/ros/melodic/include/ros/node_handle.h:799:14:[m[K [01;36m[Knote: [m[Kcandidate: template<class M, class C> ros::Subscriber ros::NodeHandle::subscribe(const string&, uint32_t, const boost::function<void(C)>&, const VoidConstPtr&, const ros::TransportHints&)
   Subscriber [01;36m[Ksubscribe[m[K(const std::string& topic, uint32_t queue_size, const boost::function<void (C)>& callback,
              [01;36m[K^~~~~~~~~[m[K
[01m[K/opt/ros/melodic/include/ros/node_handle.h:799:14:[m[K [01;36m[Knote: [m[K  template argument deduction/substitution failed:
[01m[K/home/xslin/Documents/xslin/research/rpg_ws/src/rotors_simulator/rotors_gazebo/src/uav_control_center.cpp:46:67:[m[K [01;36m[Knote: [m[K  mismatched types ‘[01m[Kconst boost::function<void(C)>[m[K’ and ‘[01m[Kvoid (rotors_gazebo::UAV_CONTROL_CENTER::*)(...) &[m[K’
                     &UAV_CONTROL_CENTER::cmd2UAV_sub_callback,this[01;36m[K)[m[K;
                                                                   [01;36m[K^[m[K
In file included from [01m[K/opt/ros/melodic/include/ros/ros.h:45:0[m[K,
                 from [01m[K/home/xslin/Documents/xslin/research/rpg_ws/src/mav_comm/mav_msgs/include/mav_msgs/conversions.h:32[m[K,
                 from [01m[K/home/xslin/Documents/xslin/research/rpg_ws/src/rotors_simulator/rotors_gazebo/include/uav_control_center.h:7[m[K,
                 from [01m[K/home/xslin/Documents/xslin/research/rpg_ws/src/rotors_simulator/rotors_gazebo/src/uav_control_center.cpp:21[m[K:
[01m[K/opt/ros/melodic/include/ros/node_handle.h:836:14:[m[K [01;36m[Knote: [m[Kcandidate: ros::Subscriber ros::NodeHandle::subscribe(ros::SubscribeOptions&)
   Subscriber [01;36m[Ksubscribe[m[K(SubscribeOptions& ops);
              [01;36m[K^~~~~~~~~[m[K
[01m[K/opt/ros/melodic/include/ros/node_handle.h:836:14:[m[K [01;36m[Knote: [m[K  candidate expects 1 argument, 4 provided
[01m[K/home/xslin/Documents/xslin/research/rpg_ws/src/rotors_simulator/rotors_gazebo/src/uav_control_center.cpp:[m[K At global scope:
[01m[K/home/xslin/Documents/xslin/research/rpg_ws/src/rotors_simulator/rotors_gazebo/src/uav_control_center.cpp:87:6:[m[K [01;31m[Kerror: [m[Kprototype for ‘[01m[Kvoid rotors_gazebo::UAV_CONTROL_CENTER::cmd2UAV_sub_callback(const ConstPtr&)[m[K’ does not match any in class ‘[01m[Krotors_gazebo::UAV_CONTROL_CENTER[m[K’
 void [01;31m[KUAV_CONTROL_CENTER[m[K::cmd2UAV_sub_callback(const test::floatlist::ConstPtr& msg){
      [01;31m[K^~~~~~~~~~~~~~~~~~[m[K
In file included from [01m[K/home/xslin/Documents/xslin/research/rpg_ws/src/rotors_simulator/rotors_gazebo/src/uav_control_center.cpp:21:0[m[K:
[01m[K/home/xslin/Documents/xslin/research/rpg_ws/src/rotors_simulator/rotors_gazebo/include/uav_control_center.h:61:8:[m[K [01;31m[Kerror: [m[Kcandidate is: void rotors_gazebo::UAV_CONTROL_CENTER::cmd2UAV_sub_callback(...) &
   void [01;31m[Kcmd2UAV_sub_callback[m[K(const std_msgs::floatlist::ConstPtr& msg);
        [01;31m[K^~~~~~~~~~~~~~~~~~~~[m[K
make[2]: *** [CMakeFiles/uav_control_center.dir/src/uav_control_center.cpp.o] Error 1
make[1]: *** [CMakeFiles/uav_control_center.dir/all] Error 2
make: *** [all] Error 2
