[01m[K/home/xslin/Documents/xslin/research/rpg_ws/src/rotors_simulator/rotors_gazebo/src/uav_control_center.cpp:87:6:[m[K [01;31m[Kerror: [m[Kprototype for ‘[01m[Kvoid rotors_gazebo::UAV_CONTROL_CENTER::cmd2UAV_sub_callback(const ConstPtr&)[m[K’ does not match any in class ‘[01m[Krotors_gazebo::UAV_CONTROL_CENTER[m[K’
 void [01;31m[KUAV_CONTROL_CENTER[m[K::cmd2UAV_sub_callback(const test::floatlist::ConstPtr& msg){
      [01;31m[K^~~~~~~~~~~~~~~~~~[m[K
In file included from [01m[K/home/xslin/Documents/xslin/research/rpg_ws/src/rotors_simulator/rotors_gazebo/src/uav_control_center.cpp:21:0[m[K:
[01m[K/home/xslin/Documents/xslin/research/rpg_ws/src/rotors_simulator/rotors_gazebo/include/uav_control_center.h:59:8:[m[K [01;31m[Kerror: [m[Kcandidate is: void rotors_gazebo::UAV_CONTROL_CENTER::cmd2UAV_sub_callback(const ConstPtr&)
   void [01;31m[Kcmd2UAV_sub_callback[m[K(const std_msgs::Int8::ConstPtr& msg);
        [01;31m[K^~~~~~~~~~~~~~~~~~~~[m[K
[01m[K/home/xslin/Documents/xslin/research/rpg_ws/src/rotors_simulator/rotors_gazebo/src/uav_control_center.cpp:[m[K In function ‘[01m[Kint main(int, char**)[m[K’:
[01m[K/home/xslin/Documents/xslin/research/rpg_ws/src/rotors_simulator/rotors_gazebo/src/uav_control_center.cpp:147:29:[m[K [01;31m[Kerror: [m[Kinvalid use of ‘[01m[Kstruct rotors_gazebo::UAV_CONTROL_CENTER::flight_info[m[K’
      if (uav_control_center.[01;31m[Kflight_info[m[K.flag == true){
                             [01;31m[K^~~~~~~~~~~[m[K
[01m[K/home/xslin/Documents/xslin/research/rpg_ws/src/rotors_simulator/rotors_gazebo/src/uav_control_center.cpp:149:9:[m[K [01;31m[Kerror: [m[K‘[01m[Kdisp_x[m[K’ was not declared in this scope
         [01;31m[Kdisp_x[m[K = uav_control_center.flight_info.x;
         [01;31m[K^~~~~~[m[K
[01m[K/home/xslin/Documents/xslin/research/rpg_ws/src/rotors_simulator/rotors_gazebo/src/uav_control_center.cpp:149:9:[m[K [01;36m[Knote: [m[Ksuggested alternative: ‘[01m[Kdiv_t[m[K’
         [01;36m[Kdisp_x[m[K = uav_control_center.flight_info.x;
         [01;36m[K^~~~~~[m[K
         [32m[Kdiv_t[m[K
[01m[K/home/xslin/Documents/xslin/research/rpg_ws/src/rotors_simulator/rotors_gazebo/src/uav_control_center.cpp:149:37:[m[K [01;31m[Kerror: [m[Kinvalid use of ‘[01m[Kstruct rotors_gazebo::UAV_CONTROL_CENTER::flight_info[m[K’
         disp_x = uav_control_center.[01;31m[Kflight_info[m[K.x;
                                     [01;31m[K^~~~~~~~~~~[m[K
[01m[K/home/xslin/Documents/xslin/research/rpg_ws/src/rotors_simulator/rotors_gazebo/src/uav_control_center.cpp:150:9:[m[K [01;31m[Kerror: [m[K‘[01m[Kdisp_y[m[K’ was not declared in this scope
         [01;31m[Kdisp_y[m[K = uav_control_center.flight_info.y;
         [01;31m[K^~~~~~[m[K
[01m[K/home/xslin/Documents/xslin/research/rpg_ws/src/rotors_simulator/rotors_gazebo/src/uav_control_center.cpp:150:9:[m[K [01;36m[Knote: [m[Ksuggested alternative: ‘[01m[Kdiv_t[m[K’
         [01;36m[Kdisp_y[m[K = uav_control_center.flight_info.y;
         [01;36m[K^~~~~~[m[K
         [32m[Kdiv_t[m[K
[01m[K/home/xslin/Documents/xslin/research/rpg_ws/src/rotors_simulator/rotors_gazebo/src/uav_control_center.cpp:150:37:[m[K [01;31m[Kerror: [m[Kinvalid use of ‘[01m[Kstruct rotors_gazebo::UAV_CONTROL_CENTER::flight_info[m[K’
         disp_y = uav_control_center.[01;31m[Kflight_info[m[K.y;
                                     [01;31m[K^~~~~~~~~~~[m[K
[01m[K/home/xslin/Documents/xslin/research/rpg_ws/src/rotors_simulator/rotors_gazebo/src/uav_control_center.cpp:189:62:[m[K [01;31m[Kerror: [m[K‘[01m[Kdisp_x[m[K’ was not declared in this scope
             uav_control_center.uav_trajectory_publisher(wp.x+[01;31m[Kdisp_x[m[K,
                                                              [01;31m[K^~~~~~[m[K
[01m[K/home/xslin/Documents/xslin/research/rpg_ws/src/rotors_simulator/rotors_gazebo/src/uav_control_center.cpp:189:62:[m[K [01;36m[Knote: [m[Ksuggested alternative: ‘[01m[Kdiv_t[m[K’
             uav_control_center.uav_trajectory_publisher(wp.x+[01;36m[Kdisp_x[m[K,
                                                              [01;36m[K^~~~~~[m[K
                                                              [32m[Kdiv_t[m[K
[01m[K/home/xslin/Documents/xslin/research/rpg_ws/src/rotors_simulator/rotors_gazebo/src/uav_control_center.cpp:190:30:[m[K [01;31m[Kerror: [m[K‘[01m[Kdisp_y[m[K’ was not declared in this scope
                         wp.y+[01;31m[Kdisp_y[m[K, wp.z, wp.yaw);
                              [01;31m[K^~~~~~[m[K
[01m[K/home/xslin/Documents/xslin/research/rpg_ws/src/rotors_simulator/rotors_gazebo/src/uav_control_center.cpp:190:30:[m[K [01;36m[Knote: [m[Ksuggested alternative: ‘[01m[Kdiv_t[m[K’
                         wp.y+[01;36m[Kdisp_y[m[K, wp.z, wp.yaw);
                              [01;36m[K^~~~~~[m[K
                              [32m[Kdiv_t[m[K
[01m[K/home/xslin/Documents/xslin/research/rpg_ws/src/rotors_simulator/rotors_gazebo/src/uav_control_center.cpp:215:28:[m[K [01;31m[Kerror: [m[Kinvalid use of ‘[01m[Kstruct rotors_gazebo::UAV_CONTROL_CENTER::flight_info[m[K’
         uav_control_center.[01;31m[Kflight_info[m[K.flag = false;
                            [01;31m[K^~~~~~~~~~~[m[K
make[2]: *** [CMakeFiles/uav_control_center.dir/src/uav_control_center.cpp.o] Error 1
make[1]: *** [CMakeFiles/uav_control_center.dir/all] Error 2
make: *** [all] Error 2
