[01m[K/home/xslin/Documents/xslin/research/rpg_ws/src/rotors_simulator/rotors_gazebo/src/test.cpp:[m[K In function ‘[01m[Kint main(int, char**)[m[K’:
[01m[K/home/xslin/Documents/xslin/research/rpg_ws/src/rotors_simulator/rotors_gazebo/src/test.cpp:7:15:[m[K [01;31m[Kerror: [m[K‘[01m[Kwaypointstruct[m[K’ was not declared in this scope
   std::vector<[01;31m[Kwaypointstruct[m[K> waypoints[5];
               [01;31m[K^~~~~~~~~~~~~~[m[K
[01m[K/home/xslin/Documents/xslin/research/rpg_ws/src/rotors_simulator/rotors_gazebo/src/test.cpp:7:29:[m[K [01;31m[Kerror: [m[Ktemplate argument 1 is invalid
   std::vector<waypointstruct[01;31m[K>[m[K waypoints[5];
                             [01;31m[K^[m[K
[01m[K/home/xslin/Documents/xslin/research/rpg_ws/src/rotors_simulator/rotors_gazebo/src/test.cpp:7:29:[m[K [01;31m[Kerror: [m[Ktemplate argument 2 is invalid
[01m[K/home/xslin/Documents/xslin/research/rpg_ws/src/rotors_simulator/rotors_gazebo/src/test.cpp:14:88:[m[K [01;31m[Kerror: [m[Kinvalid operands of types ‘[01m[Kconst char [62][m[K’ and ‘[01m[Kconst char [11][m[K’ to binary ‘[01m[Koperator+[m[K’
   std::ifstream wp_file([01;31m[K"/home/xslin/Documents/xslin/research/rpg_ws/src/test/resource"+"/waypoint_"[m[K+std::to_string(i)+".txt");
                         [01;31m[K~~~~~~~~~~~~~~~~~~~~~~~~~~~~~~~~~~~~~~~~~~~~~~~~~~~~~~~~~~~~~~~^~~~~~~~~~~~~[m[K
[01m[K/home/xslin/Documents/xslin/research/rpg_ws/src/rotors_simulator/rotors_gazebo/src/test.cpp:20:18:[m[K [01;31m[Kerror: [m[Krequest for member ‘[01m[Kpush_back[m[K’ in ‘[01m[Kwaypoints[i][m[K’, which is of non-class type ‘[01m[Kint[m[K’
     waypoints[i].[01;31m[Kpush_back[m[K(waypointstruct(x_1, y_1, z_1, yaw_1));
                  [01;31m[K^~~~~~~~~[m[K
[01m[K/home/xslin/Documents/xslin/research/rpg_ws/src/rotors_simulator/rotors_gazebo/src/test.cpp:28:29:[m[K [01;31m[Kerror: [m[Krequest for member ‘[01m[Ksize[m[K’ in ‘[01m[Kwaypoints[0][m[K’, which is of non-class type ‘[01m[Kint[m[K’
   std::cout << waypoints[0].[01;31m[Ksize[m[K();
                             [01;31m[K^~~~[m[K
make[2]: *** [CMakeFiles/test.dir/src/test.cpp.o] Error 1
make[1]: *** [CMakeFiles/test.dir/all] Error 2
make: *** [all] Error 2
