Determining if the pthread_create exist failed with the following output:
Change Dir: /home/xslin/Documents/xslin/research/rpg_ws/build/kobuki_msgs/CMakeFiles/CMakeTmp

Run Build Command:"/usr/bin/make" "cmTC_494b1/fast"
/usr/bin/make -f CMakeFiles/cmTC_494b1.dir/build.make CMakeFiles/cmTC_494b1.dir/build
make[1]: Entering directory '/home/xslin/Documents/xslin/research/rpg_ws/build/kobuki_msgs/CMakeFiles/CMakeTmp'
Building C object CMakeFiles/cmTC_494b1.dir/CheckSymbolExists.c.o
/usr/bin/cc    -o CMakeFiles/cmTC_494b1.dir/CheckSymbolExists.c.o   -c /home/xslin/Documents/xslin/research/rpg_ws/build/kobuki_msgs/CMakeFiles/CMakeTmp/CheckSymbolExists.c
Linking C executable cmTC_494b1
/usr/bin/cmake -E cmake_link_script CMakeFiles/cmTC_494b1.dir/link.txt --verbose=1
/usr/bin/cc      -rdynamic CMakeFiles/cmTC_494b1.dir/CheckSymbolExists.c.o  -o cmTC_494b1 
CMakeFiles/cmTC_494b1.dir/CheckSymbolExists.c.o: In function `main':
CheckSymbolExists.c:(.text+0x1b): undefined reference to `pthread_create'
collect2: error: ld returned 1 exit status
CMakeFiles/cmTC_494b1.dir/build.make:97: recipe for target 'cmTC_494b1' failed
make[1]: *** [cmTC_494b1] Error 1
make[1]: Leaving directory '/home/xslin/Documents/xslin/research/rpg_ws/build/kobuki_msgs/CMakeFiles/CMakeTmp'
Makefile:126: recipe for target 'cmTC_494b1/fast' failed
make: *** [cmTC_494b1/fast] Error 2

File /home/xslin/Documents/xslin/research/rpg_ws/build/kobuki_msgs/CMakeFiles/CMakeTmp/CheckSymbolExists.c:
/* */
#include <pthread.h>

int main(int argc, char** argv)
{
  (void)argv;
#ifndef pthread_create
  return ((int*)(&pthread_create))[argc];
#else
  (void)argc;
  return 0;
#endif
}

Determining if the function pthread_create exists in the pthreads failed with the following output:
Change Dir: /home/xslin/Documents/xslin/research/rpg_ws/build/kobuki_msgs/CMakeFiles/CMakeTmp

Run Build Command:"/usr/bin/make" "cmTC_66a8e/fast"
/usr/bin/make -f CMakeFiles/cmTC_66a8e.dir/build.make CMakeFiles/cmTC_66a8e.dir/build
make[1]: Entering directory '/home/xslin/Documents/xslin/research/rpg_ws/build/kobuki_msgs/CMakeFiles/CMakeTmp'
Building C object CMakeFiles/cmTC_66a8e.dir/CheckFunctionExists.c.o
/usr/bin/cc   -DCHECK_FUNCTION_EXISTS=pthread_create   -o CMakeFiles/cmTC_66a8e.dir/CheckFunctionExists.c.o   -c /usr/share/cmake-3.10/Modules/CheckFunctionExists.c
Linking C executable cmTC_66a8e
/usr/bin/cmake -E cmake_link_script CMakeFiles/cmTC_66a8e.dir/link.txt --verbose=1
/usr/bin/cc  -DCHECK_FUNCTION_EXISTS=pthread_create    -rdynamic CMakeFiles/cmTC_66a8e.dir/CheckFunctionExists.c.o  -o cmTC_66a8e -lpthreads 
/usr/bin/ld: cannot find -lpthreads
collect2: error: ld returned 1 exit status
CMakeFiles/cmTC_66a8e.dir/build.make:97: recipe for target 'cmTC_66a8e' failed
make[1]: *** [cmTC_66a8e] Error 1
make[1]: Leaving directory '/home/xslin/Documents/xslin/research/rpg_ws/build/kobuki_msgs/CMakeFiles/CMakeTmp'
Makefile:126: recipe for target 'cmTC_66a8e/fast' failed
make: *** [cmTC_66a8e/fast] Error 2


