Determining if the pthread_create exist failed with the following output:
Change Dir: /home/xslin/Documents/xslin/research/rpg_ws/build/kobuki_keyop/CMakeFiles/CMakeTmp

Run Build Command:"/usr/bin/make" "cmTC_776dc/fast"
/usr/bin/make -f CMakeFiles/cmTC_776dc.dir/build.make CMakeFiles/cmTC_776dc.dir/build
make[1]: Entering directory '/home/xslin/Documents/xslin/research/rpg_ws/build/kobuki_keyop/CMakeFiles/CMakeTmp'
Building C object CMakeFiles/cmTC_776dc.dir/CheckSymbolExists.c.o
/usr/bin/cc    -o CMakeFiles/cmTC_776dc.dir/CheckSymbolExists.c.o   -c /home/xslin/Documents/xslin/research/rpg_ws/build/kobuki_keyop/CMakeFiles/CMakeTmp/CheckSymbolExists.c
Linking C executable cmTC_776dc
/usr/bin/cmake -E cmake_link_script CMakeFiles/cmTC_776dc.dir/link.txt --verbose=1
/usr/bin/cc      -rdynamic CMakeFiles/cmTC_776dc.dir/CheckSymbolExists.c.o  -o cmTC_776dc 
CMakeFiles/cmTC_776dc.dir/CheckSymbolExists.c.o: In function `main':
CheckSymbolExists.c:(.text+0x1b): undefined reference to `pthread_create'
collect2: error: ld returned 1 exit status
CMakeFiles/cmTC_776dc.dir/build.make:97: recipe for target 'cmTC_776dc' failed
make[1]: *** [cmTC_776dc] Error 1
make[1]: Leaving directory '/home/xslin/Documents/xslin/research/rpg_ws/build/kobuki_keyop/CMakeFiles/CMakeTmp'
Makefile:126: recipe for target 'cmTC_776dc/fast' failed
make: *** [cmTC_776dc/fast] Error 2

File /home/xslin/Documents/xslin/research/rpg_ws/build/kobuki_keyop/CMakeFiles/CMakeTmp/CheckSymbolExists.c:
/* */
#include <pthread.h>

int main(int argc, char** argv)
{
  (void)argv;
#ifndef pthread_create
  return ((int*)(&pthread_create))[argc];
#else
  (void)argc;
  return 0;
#endif
}

Determining if the function pthread_create exists in the pthreads failed with the following output:
Change Dir: /home/xslin/Documents/xslin/research/rpg_ws/build/kobuki_keyop/CMakeFiles/CMakeTmp

Run Build Command:"/usr/bin/make" "cmTC_68d71/fast"
/usr/bin/make -f CMakeFiles/cmTC_68d71.dir/build.make CMakeFiles/cmTC_68d71.dir/build
make[1]: Entering directory '/home/xslin/Documents/xslin/research/rpg_ws/build/kobuki_keyop/CMakeFiles/CMakeTmp'
Building C object CMakeFiles/cmTC_68d71.dir/CheckFunctionExists.c.o
/usr/bin/cc   -DCHECK_FUNCTION_EXISTS=pthread_create   -o CMakeFiles/cmTC_68d71.dir/CheckFunctionExists.c.o   -c /usr/share/cmake-3.10/Modules/CheckFunctionExists.c
Linking C executable cmTC_68d71
/usr/bin/cmake -E cmake_link_script CMakeFiles/cmTC_68d71.dir/link.txt --verbose=1
/usr/bin/cc  -DCHECK_FUNCTION_EXISTS=pthread_create    -rdynamic CMakeFiles/cmTC_68d71.dir/CheckFunctionExists.c.o  -o cmTC_68d71 -lpthreads 
/usr/bin/ld: cannot find -lpthreads
collect2: error: ld returned 1 exit status
CMakeFiles/cmTC_68d71.dir/build.make:97: recipe for target 'cmTC_68d71' failed
make[1]: *** [cmTC_68d71] Error 1
make[1]: Leaving directory '/home/xslin/Documents/xslin/research/rpg_ws/build/kobuki_keyop/CMakeFiles/CMakeTmp'
Makefile:126: recipe for target 'cmTC_68d71/fast' failed
make: *** [cmTC_68d71/fast] Error 2


