Determining if the pthread_create exist failed with the following output:
Change Dir: /home/xslin/Documents/xslin/research/rpg_ws/build/rotors_gazebo_plugins/CMakeFiles/CMakeTmp

Run Build Command:"/usr/bin/make" "cmTC_58b97/fast"
/usr/bin/make -f CMakeFiles/cmTC_58b97.dir/build.make CMakeFiles/cmTC_58b97.dir/build
make[1]: Entering directory '/home/xslin/Documents/xslin/research/rpg_ws/build/rotors_gazebo_plugins/CMakeFiles/CMakeTmp'
Building C object CMakeFiles/cmTC_58b97.dir/CheckSymbolExists.c.o
/usr/bin/cc    -o CMakeFiles/cmTC_58b97.dir/CheckSymbolExists.c.o   -c /home/xslin/Documents/xslin/research/rpg_ws/build/rotors_gazebo_plugins/CMakeFiles/CMakeTmp/CheckSymbolExists.c
Linking C executable cmTC_58b97
/usr/bin/cmake -E cmake_link_script CMakeFiles/cmTC_58b97.dir/link.txt --verbose=1
/usr/bin/cc      -rdynamic CMakeFiles/cmTC_58b97.dir/CheckSymbolExists.c.o  -o cmTC_58b97 
CMakeFiles/cmTC_58b97.dir/CheckSymbolExists.c.o: In function `main':
CheckSymbolExists.c:(.text+0x1b): undefined reference to `pthread_create'
collect2: error: ld returned 1 exit status
CMakeFiles/cmTC_58b97.dir/build.make:97: recipe for target 'cmTC_58b97' failed
make[1]: *** [cmTC_58b97] Error 1
make[1]: Leaving directory '/home/xslin/Documents/xslin/research/rpg_ws/build/rotors_gazebo_plugins/CMakeFiles/CMakeTmp'
Makefile:126: recipe for target 'cmTC_58b97/fast' failed
make: *** [cmTC_58b97/fast] Error 2

File /home/xslin/Documents/xslin/research/rpg_ws/build/rotors_gazebo_plugins/CMakeFiles/CMakeTmp/CheckSymbolExists.c:
/* */
#include <pthread.h>

int main(int argc, char** argv)
{
  (void)argv;
#ifndef pthread_create
  return ((int*)(&pthread_create))[argc];
#else
  (void)argc;
  return 0;
#endif
}

Determining if the function pthread_create exists in the pthreads failed with the following output:
Change Dir: /home/xslin/Documents/xslin/research/rpg_ws/build/rotors_gazebo_plugins/CMakeFiles/CMakeTmp

Run Build Command:"/usr/bin/make" "cmTC_82eea/fast"
/usr/bin/make -f CMakeFiles/cmTC_82eea.dir/build.make CMakeFiles/cmTC_82eea.dir/build
make[1]: Entering directory '/home/xslin/Documents/xslin/research/rpg_ws/build/rotors_gazebo_plugins/CMakeFiles/CMakeTmp'
Building C object CMakeFiles/cmTC_82eea.dir/CheckFunctionExists.c.o
/usr/bin/cc   -DCHECK_FUNCTION_EXISTS=pthread_create   -o CMakeFiles/cmTC_82eea.dir/CheckFunctionExists.c.o   -c /usr/share/cmake-3.10/Modules/CheckFunctionExists.c
Linking C executable cmTC_82eea
/usr/bin/cmake -E cmake_link_script CMakeFiles/cmTC_82eea.dir/link.txt --verbose=1
/usr/bin/cc  -DCHECK_FUNCTION_EXISTS=pthread_create    -rdynamic CMakeFiles/cmTC_82eea.dir/CheckFunctionExists.c.o  -o cmTC_82eea -lpthreads 
/usr/bin/ld: cannot find -lpthreads
collect2: error: ld returned 1 exit status
CMakeFiles/cmTC_82eea.dir/build.make:97: recipe for target 'cmTC_82eea' failed
make[1]: *** [cmTC_82eea] Error 1
make[1]: Leaving directory '/home/xslin/Documents/xslin/research/rpg_ws/build/rotors_gazebo_plugins/CMakeFiles/CMakeTmp'
Makefile:126: recipe for target 'cmTC_82eea/fast' failed
make: *** [cmTC_82eea/fast] Error 2


