Determining if the pthread_create exist failed with the following output:
Change Dir: /home/xslin/Documents/xslin/research/rpg_ws/build/state_predictor/CMakeFiles/CMakeTmp

Run Build Command:"/usr/bin/make" "cmTC_b9d0d/fast"
/usr/bin/make -f CMakeFiles/cmTC_b9d0d.dir/build.make CMakeFiles/cmTC_b9d0d.dir/build
make[1]: Entering directory '/home/xslin/Documents/xslin/research/rpg_ws/build/state_predictor/CMakeFiles/CMakeTmp'
Building C object CMakeFiles/cmTC_b9d0d.dir/CheckSymbolExists.c.o
/usr/bin/cc    -o CMakeFiles/cmTC_b9d0d.dir/CheckSymbolExists.c.o   -c /home/xslin/Documents/xslin/research/rpg_ws/build/state_predictor/CMakeFiles/CMakeTmp/CheckSymbolExists.c
Linking C executable cmTC_b9d0d
/usr/bin/cmake -E cmake_link_script CMakeFiles/cmTC_b9d0d.dir/link.txt --verbose=1
/usr/bin/cc      -rdynamic CMakeFiles/cmTC_b9d0d.dir/CheckSymbolExists.c.o  -o cmTC_b9d0d 
CMakeFiles/cmTC_b9d0d.dir/CheckSymbolExists.c.o: In function `main':
CheckSymbolExists.c:(.text+0x1b): undefined reference to `pthread_create'
collect2: error: ld returned 1 exit status
CMakeFiles/cmTC_b9d0d.dir/build.make:97: recipe for target 'cmTC_b9d0d' failed
make[1]: *** [cmTC_b9d0d] Error 1
make[1]: Leaving directory '/home/xslin/Documents/xslin/research/rpg_ws/build/state_predictor/CMakeFiles/CMakeTmp'
Makefile:126: recipe for target 'cmTC_b9d0d/fast' failed
make: *** [cmTC_b9d0d/fast] Error 2

File /home/xslin/Documents/xslin/research/rpg_ws/build/state_predictor/CMakeFiles/CMakeTmp/CheckSymbolExists.c:
/* */
#include <pthread.h>

int main(int argc, char** argv)
{
  (void)argv;
#ifndef pthread_create
  return ((int*)(&pthread_create))[argc];
#else
  (void)argc;
  return 0;
#endif
}

Determining if the function pthread_create exists in the pthreads failed with the following output:
Change Dir: /home/xslin/Documents/xslin/research/rpg_ws/build/state_predictor/CMakeFiles/CMakeTmp

Run Build Command:"/usr/bin/make" "cmTC_6c22b/fast"
/usr/bin/make -f CMakeFiles/cmTC_6c22b.dir/build.make CMakeFiles/cmTC_6c22b.dir/build
make[1]: Entering directory '/home/xslin/Documents/xslin/research/rpg_ws/build/state_predictor/CMakeFiles/CMakeTmp'
Building C object CMakeFiles/cmTC_6c22b.dir/CheckFunctionExists.c.o
/usr/bin/cc   -DCHECK_FUNCTION_EXISTS=pthread_create   -o CMakeFiles/cmTC_6c22b.dir/CheckFunctionExists.c.o   -c /usr/share/cmake-3.10/Modules/CheckFunctionExists.c
Linking C executable cmTC_6c22b
/usr/bin/cmake -E cmake_link_script CMakeFiles/cmTC_6c22b.dir/link.txt --verbose=1
/usr/bin/cc  -DCHECK_FUNCTION_EXISTS=pthread_create    -rdynamic CMakeFiles/cmTC_6c22b.dir/CheckFunctionExists.c.o  -o cmTC_6c22b -lpthreads 
/usr/bin/ld: cannot find -lpthreads
collect2: error: ld returned 1 exit status
CMakeFiles/cmTC_6c22b.dir/build.make:97: recipe for target 'cmTC_6c22b' failed
make[1]: *** [cmTC_6c22b] Error 1
make[1]: Leaving directory '/home/xslin/Documents/xslin/research/rpg_ws/build/state_predictor/CMakeFiles/CMakeTmp'
Makefile:126: recipe for target 'cmTC_6c22b/fast' failed
make: *** [cmTC_6c22b/fast] Error 2


