Determining if the pthread_create exist failed with the following output:
Change Dir: /home/xslin/Documents/xslin/research/rpg_ws/build/rotors_joy_interface/CMakeFiles/CMakeTmp

Run Build Command:"/usr/bin/make" "cmTC_87329/fast"
/usr/bin/make -f CMakeFiles/cmTC_87329.dir/build.make CMakeFiles/cmTC_87329.dir/build
make[1]: Entering directory '/home/xslin/Documents/xslin/research/rpg_ws/build/rotors_joy_interface/CMakeFiles/CMakeTmp'
Building C object CMakeFiles/cmTC_87329.dir/CheckSymbolExists.c.o
/usr/bin/cc    -o CMakeFiles/cmTC_87329.dir/CheckSymbolExists.c.o   -c /home/xslin/Documents/xslin/research/rpg_ws/build/rotors_joy_interface/CMakeFiles/CMakeTmp/CheckSymbolExists.c
Linking C executable cmTC_87329
/usr/bin/cmake -E cmake_link_script CMakeFiles/cmTC_87329.dir/link.txt --verbose=1
/usr/bin/cc      -rdynamic CMakeFiles/cmTC_87329.dir/CheckSymbolExists.c.o  -o cmTC_87329 
CMakeFiles/cmTC_87329.dir/CheckSymbolExists.c.o: In function `main':
CheckSymbolExists.c:(.text+0x1b): undefined reference to `pthread_create'
collect2: error: ld returned 1 exit status
CMakeFiles/cmTC_87329.dir/build.make:97: recipe for target 'cmTC_87329' failed
make[1]: *** [cmTC_87329] Error 1
make[1]: Leaving directory '/home/xslin/Documents/xslin/research/rpg_ws/build/rotors_joy_interface/CMakeFiles/CMakeTmp'
Makefile:126: recipe for target 'cmTC_87329/fast' failed
make: *** [cmTC_87329/fast] Error 2

File /home/xslin/Documents/xslin/research/rpg_ws/build/rotors_joy_interface/CMakeFiles/CMakeTmp/CheckSymbolExists.c:
/* */
#include <pthread.h>

int main(int argc, char** argv)
{
  (void)argv;
#ifndef pthread_create
  return ((int*)(&pthread_create))[argc];
#else
  (void)argc;
  return 0;
#endif
}

Determining if the function pthread_create exists in the pthreads failed with the following output:
Change Dir: /home/xslin/Documents/xslin/research/rpg_ws/build/rotors_joy_interface/CMakeFiles/CMakeTmp

Run Build Command:"/usr/bin/make" "cmTC_df4f4/fast"
/usr/bin/make -f CMakeFiles/cmTC_df4f4.dir/build.make CMakeFiles/cmTC_df4f4.dir/build
make[1]: Entering directory '/home/xslin/Documents/xslin/research/rpg_ws/build/rotors_joy_interface/CMakeFiles/CMakeTmp'
Building C object CMakeFiles/cmTC_df4f4.dir/CheckFunctionExists.c.o
/usr/bin/cc   -DCHECK_FUNCTION_EXISTS=pthread_create   -o CMakeFiles/cmTC_df4f4.dir/CheckFunctionExists.c.o   -c /usr/share/cmake-3.10/Modules/CheckFunctionExists.c
Linking C executable cmTC_df4f4
/usr/bin/cmake -E cmake_link_script CMakeFiles/cmTC_df4f4.dir/link.txt --verbose=1
/usr/bin/cc  -DCHECK_FUNCTION_EXISTS=pthread_create    -rdynamic CMakeFiles/cmTC_df4f4.dir/CheckFunctionExists.c.o  -o cmTC_df4f4 -lpthreads 
/usr/bin/ld: cannot find -lpthreads
collect2: error: ld returned 1 exit status
CMakeFiles/cmTC_df4f4.dir/build.make:97: recipe for target 'cmTC_df4f4' failed
make[1]: *** [cmTC_df4f4] Error 1
make[1]: Leaving directory '/home/xslin/Documents/xslin/research/rpg_ws/build/rotors_joy_interface/CMakeFiles/CMakeTmp'
Makefile:126: recipe for target 'cmTC_df4f4/fast' failed
make: *** [cmTC_df4f4/fast] Error 2


