Determining if the pthread_create exist failed with the following output:
Change Dir: /home/xslin/Documents/rpg_ws/build/hector_imu_tools/CMakeFiles/CMakeTmp

Run Build Command:"/usr/bin/make" "cmTC_737f2/fast"
/usr/bin/make -f CMakeFiles/cmTC_737f2.dir/build.make CMakeFiles/cmTC_737f2.dir/build
make[1]: Entering directory '/home/xslin/Documents/rpg_ws/build/hector_imu_tools/CMakeFiles/CMakeTmp'
Building C object CMakeFiles/cmTC_737f2.dir/CheckSymbolExists.c.o
/usr/bin/cc    -o CMakeFiles/cmTC_737f2.dir/CheckSymbolExists.c.o   -c /home/xslin/Documents/rpg_ws/build/hector_imu_tools/CMakeFiles/CMakeTmp/CheckSymbolExists.c
Linking C executable cmTC_737f2
/usr/bin/cmake -E cmake_link_script CMakeFiles/cmTC_737f2.dir/link.txt --verbose=1
/usr/bin/cc      -rdynamic CMakeFiles/cmTC_737f2.dir/CheckSymbolExists.c.o  -o cmTC_737f2 
CMakeFiles/cmTC_737f2.dir/CheckSymbolExists.c.o: In function `main':
CheckSymbolExists.c:(.text+0x1b): undefined reference to `pthread_create'
collect2: error: ld returned 1 exit status
CMakeFiles/cmTC_737f2.dir/build.make:97: recipe for target 'cmTC_737f2' failed
make[1]: *** [cmTC_737f2] Error 1
make[1]: Leaving directory '/home/xslin/Documents/rpg_ws/build/hector_imu_tools/CMakeFiles/CMakeTmp'
Makefile:126: recipe for target 'cmTC_737f2/fast' failed
make: *** [cmTC_737f2/fast] Error 2

File /home/xslin/Documents/rpg_ws/build/hector_imu_tools/CMakeFiles/CMakeTmp/CheckSymbolExists.c:
/* */
#include <pthread.h>

int main(int argc, char** argv)
{
  (void)argv;
#ifndef pthread_create
  return ((int*)(&pthread_create))[argc];
#else
  (void)argc;
  return 0;
#endif
}

Determining if the function pthread_create exists in the pthreads failed with the following output:
Change Dir: /home/xslin/Documents/rpg_ws/build/hector_imu_tools/CMakeFiles/CMakeTmp

Run Build Command:"/usr/bin/make" "cmTC_f2427/fast"
/usr/bin/make -f CMakeFiles/cmTC_f2427.dir/build.make CMakeFiles/cmTC_f2427.dir/build
make[1]: Entering directory '/home/xslin/Documents/rpg_ws/build/hector_imu_tools/CMakeFiles/CMakeTmp'
Building C object CMakeFiles/cmTC_f2427.dir/CheckFunctionExists.c.o
/usr/bin/cc   -DCHECK_FUNCTION_EXISTS=pthread_create   -o CMakeFiles/cmTC_f2427.dir/CheckFunctionExists.c.o   -c /usr/share/cmake-3.10/Modules/CheckFunctionExists.c
Linking C executable cmTC_f2427
/usr/bin/cmake -E cmake_link_script CMakeFiles/cmTC_f2427.dir/link.txt --verbose=1
/usr/bin/cc  -DCHECK_FUNCTION_EXISTS=pthread_create    -rdynamic CMakeFiles/cmTC_f2427.dir/CheckFunctionExists.c.o  -o cmTC_f2427 -lpthreads 
/usr/bin/ld: cannot find -lpthreads
collect2: error: ld returned 1 exit status
CMakeFiles/cmTC_f2427.dir/build.make:97: recipe for target 'cmTC_f2427' failed
make[1]: *** [cmTC_f2427] Error 1
make[1]: Leaving directory '/home/xslin/Documents/rpg_ws/build/hector_imu_tools/CMakeFiles/CMakeTmp'
Makefile:126: recipe for target 'cmTC_f2427/fast' failed
make: *** [cmTC_f2427/fast] Error 2


