[35m[1mScanning dependencies of target roscpp_generate_messages_eus[0m
[  0%] Built target roscpp_generate_messages_eus
[35m[1mScanning dependencies of target roscpp_generate_messages_nodejs[0m
[  0%] Built target roscpp_generate_messages_nodejs
[35m[1mScanning dependencies of target std_msgs_generate_messages_eus[0m
[  0%] Built target std_msgs_generate_messages_eus
[35m[1mScanning dependencies of target roscpp_generate_messages_cpp[0m
[  0%] Built target roscpp_generate_messages_cpp
[35m[1mScanning dependencies of target rosgraph_msgs_generate_messages_py[0m
[  0%] Built target rosgraph_msgs_generate_messages_py
[35m[1mScanning dependencies of target rosgraph_msgs_generate_messages_eus[0m
[  0%] Built target rosgraph_msgs_generate_messages_eus
[35m[1mScanning dependencies of target roscpp_generate_messages_py[0m
[  0%] Built target roscpp_generate_messages_py
[35m[1mScanning dependencies of target std_msgs_generate_messages_lisp[0m
[  0%] Built target std_msgs_generate_messages_lisp
[35m[1mScanning dependencies of target roscpp_generate_messages_lisp[0m
[  0%] Built target roscpp_generate_messages_lisp
[35m[1mScanning dependencies of target rosgraph_msgs_generate_messages_lisp[0m
[  0%] Built target rosgraph_msgs_generate_messages_lisp
[35m[1mScanning dependencies of target rosgraph_msgs_generate_messages_nodejs[0m
[  0%] Built target rosgraph_msgs_generate_messages_nodejs
[35m[1mScanning dependencies of target std_msgs_generate_messages_cpp[0m
[  0%] Built target std_msgs_generate_messages_cpp
[35m[1mScanning dependencies of target std_msgs_generate_messages_nodejs[0m
[  0%] Built target std_msgs_generate_messages_nodejs
[35m[1mScanning dependencies of target std_msgs_generate_messages_py[0m
[  0%] Built target std_msgs_generate_messages_py
[35m[1mScanning dependencies of target rosgraph_msgs_generate_messages_cpp[0m
[  0%] Built target rosgraph_msgs_generate_messages_cpp
[35m[1mScanning dependencies of target gpio_interrupt_example[0m
[ 11%] [32mBuilding CXX object CMakeFiles/gpio_interrupt_example.dir/src/gpio_interrupt_example.cpp.o[0m
[ 22%] [32mBuilding CXX object CMakeFiles/gpio_interrupt_example.dir/src/gpio.cpp.o[0m
[35m[1mScanning dependencies of target voltage_reader[0m
[ 33%] [32mBuilding CXX object CMakeFiles/voltage_reader.dir/src/voltage_reader.cpp.o[0m
[ 44%] [32mBuilding CXX object CMakeFiles/voltage_reader.dir/src/adc.cpp.o[0m
[ 55%] [32m[1mLinking CXX executable /home/xslin/Documents/rpg_ws/devel/lib/rpg_single_board_io/gpio_interrupt_example[0m
[ 55%] Built target gpio_interrupt_example
[35m[1mScanning dependencies of target rpg_single_board_io[0m
[ 66%] [32mBuilding CXX object CMakeFiles/rpg_single_board_io.dir/src/gpio.cpp.o[0m
[ 77%] [32mBuilding CXX object CMakeFiles/rpg_single_board_io.dir/src/adc.cpp.o[0m
[ 88%] [32m[1mLinking CXX shared library /home/xslin/Documents/rpg_ws/devel/lib/librpg_single_board_io.so[0m
[ 88%] Built target rpg_single_board_io
[100%] [32m[1mLinking CXX executable /home/xslin/Documents/rpg_ws/devel/lib/rpg_single_board_io/voltage_reader[0m
[100%] Built target voltage_reader
