Determining if the pthread_create exist failed with the following output:
Change Dir: /home/xslin/Documents/rpg_ws/build/manual_flight_assistant/CMakeFiles/CMakeTmp

Run Build Command:"/usr/bin/make" "cmTC_684ab/fast"
/usr/bin/make -f CMakeFiles/cmTC_684ab.dir/build.make CMakeFiles/cmTC_684ab.dir/build
make[1]: Entering directory '/home/xslin/Documents/rpg_ws/build/manual_flight_assistant/CMakeFiles/CMakeTmp'
Building C object CMakeFiles/cmTC_684ab.dir/CheckSymbolExists.c.o
/usr/bin/cc    -o CMakeFiles/cmTC_684ab.dir/CheckSymbolExists.c.o   -c /home/xslin/Documents/rpg_ws/build/manual_flight_assistant/CMakeFiles/CMakeTmp/CheckSymbolExists.c
Linking C executable cmTC_684ab
/usr/bin/cmake -E cmake_link_script CMakeFiles/cmTC_684ab.dir/link.txt --verbose=1
/usr/bin/cc      -rdynamic CMakeFiles/cmTC_684ab.dir/CheckSymbolExists.c.o  -o cmTC_684ab 
CMakeFiles/cmTC_684ab.dir/CheckSymbolExists.c.o: In function `main':
CheckSymbolExists.c:(.text+0x1b): undefined reference to `pthread_create'
collect2: error: ld returned 1 exit status
CMakeFiles/cmTC_684ab.dir/build.make:97: recipe for target 'cmTC_684ab' failed
make[1]: *** [cmTC_684ab] Error 1
make[1]: Leaving directory '/home/xslin/Documents/rpg_ws/build/manual_flight_assistant/CMakeFiles/CMakeTmp'
Makefile:126: recipe for target 'cmTC_684ab/fast' failed
make: *** [cmTC_684ab/fast] Error 2

File /home/xslin/Documents/rpg_ws/build/manual_flight_assistant/CMakeFiles/CMakeTmp/CheckSymbolExists.c:
/* */
#include <pthread.h>

int main(int argc, char** argv)
{
  (void)argv;
#ifndef pthread_create
  return ((int*)(&pthread_create))[argc];
#else
  (void)argc;
  return 0;
#endif
}

Determining if the function pthread_create exists in the pthreads failed with the following output:
Change Dir: /home/xslin/Documents/rpg_ws/build/manual_flight_assistant/CMakeFiles/CMakeTmp

Run Build Command:"/usr/bin/make" "cmTC_93e37/fast"
/usr/bin/make -f CMakeFiles/cmTC_93e37.dir/build.make CMakeFiles/cmTC_93e37.dir/build
make[1]: Entering directory '/home/xslin/Documents/rpg_ws/build/manual_flight_assistant/CMakeFiles/CMakeTmp'
Building C object CMakeFiles/cmTC_93e37.dir/CheckFunctionExists.c.o
/usr/bin/cc   -DCHECK_FUNCTION_EXISTS=pthread_create   -o CMakeFiles/cmTC_93e37.dir/CheckFunctionExists.c.o   -c /usr/share/cmake-3.10/Modules/CheckFunctionExists.c
Linking C executable cmTC_93e37
/usr/bin/cmake -E cmake_link_script CMakeFiles/cmTC_93e37.dir/link.txt --verbose=1
/usr/bin/cc  -DCHECK_FUNCTION_EXISTS=pthread_create    -rdynamic CMakeFiles/cmTC_93e37.dir/CheckFunctionExists.c.o  -o cmTC_93e37 -lpthreads 
/usr/bin/ld: cannot find -lpthreads
collect2: error: ld returned 1 exit status
CMakeFiles/cmTC_93e37.dir/build.make:97: recipe for target 'cmTC_93e37' failed
make[1]: *** [cmTC_93e37] Error 1
make[1]: Leaving directory '/home/xslin/Documents/rpg_ws/build/manual_flight_assistant/CMakeFiles/CMakeTmp'
Makefile:126: recipe for target 'cmTC_93e37/fast' failed
make: *** [cmTC_93e37/fast] Error 2


