Determining if the pthread_create exist failed with the following output:
Change Dir: /home/xslin/Documents/rpg_ws/build/turtlebot_description/CMakeFiles/CMakeTmp

Run Build Command:"/usr/bin/make" "cmTC_af1c8/fast"
/usr/bin/make -f CMakeFiles/cmTC_af1c8.dir/build.make CMakeFiles/cmTC_af1c8.dir/build
make[1]: Entering directory '/home/xslin/Documents/rpg_ws/build/turtlebot_description/CMakeFiles/CMakeTmp'
Building C object CMakeFiles/cmTC_af1c8.dir/CheckSymbolExists.c.o
/usr/bin/cc    -o CMakeFiles/cmTC_af1c8.dir/CheckSymbolExists.c.o   -c /home/xslin/Documents/rpg_ws/build/turtlebot_description/CMakeFiles/CMakeTmp/CheckSymbolExists.c
Linking C executable cmTC_af1c8
/usr/bin/cmake -E cmake_link_script CMakeFiles/cmTC_af1c8.dir/link.txt --verbose=1
/usr/bin/cc      -rdynamic CMakeFiles/cmTC_af1c8.dir/CheckSymbolExists.c.o  -o cmTC_af1c8 
CMakeFiles/cmTC_af1c8.dir/CheckSymbolExists.c.o: In function `main':
CheckSymbolExists.c:(.text+0x1b): undefined reference to `pthread_create'
collect2: error: ld returned 1 exit status
CMakeFiles/cmTC_af1c8.dir/build.make:97: recipe for target 'cmTC_af1c8' failed
make[1]: *** [cmTC_af1c8] Error 1
make[1]: Leaving directory '/home/xslin/Documents/rpg_ws/build/turtlebot_description/CMakeFiles/CMakeTmp'
Makefile:126: recipe for target 'cmTC_af1c8/fast' failed
make: *** [cmTC_af1c8/fast] Error 2

File /home/xslin/Documents/rpg_ws/build/turtlebot_description/CMakeFiles/CMakeTmp/CheckSymbolExists.c:
/* */
#include <pthread.h>

int main(int argc, char** argv)
{
  (void)argv;
#ifndef pthread_create
  return ((int*)(&pthread_create))[argc];
#else
  (void)argc;
  return 0;
#endif
}

Determining if the function pthread_create exists in the pthreads failed with the following output:
Change Dir: /home/xslin/Documents/rpg_ws/build/turtlebot_description/CMakeFiles/CMakeTmp

Run Build Command:"/usr/bin/make" "cmTC_ef387/fast"
/usr/bin/make -f CMakeFiles/cmTC_ef387.dir/build.make CMakeFiles/cmTC_ef387.dir/build
make[1]: Entering directory '/home/xslin/Documents/rpg_ws/build/turtlebot_description/CMakeFiles/CMakeTmp'
Building C object CMakeFiles/cmTC_ef387.dir/CheckFunctionExists.c.o
/usr/bin/cc   -DCHECK_FUNCTION_EXISTS=pthread_create   -o CMakeFiles/cmTC_ef387.dir/CheckFunctionExists.c.o   -c /usr/share/cmake-3.10/Modules/CheckFunctionExists.c
Linking C executable cmTC_ef387
/usr/bin/cmake -E cmake_link_script CMakeFiles/cmTC_ef387.dir/link.txt --verbose=1
/usr/bin/cc  -DCHECK_FUNCTION_EXISTS=pthread_create    -rdynamic CMakeFiles/cmTC_ef387.dir/CheckFunctionExists.c.o  -o cmTC_ef387 -lpthreads 
/usr/bin/ld: cannot find -lpthreads
collect2: error: ld returned 1 exit status
CMakeFiles/cmTC_ef387.dir/build.make:97: recipe for target 'cmTC_ef387' failed
make[1]: *** [cmTC_ef387] Error 1
make[1]: Leaving directory '/home/xslin/Documents/rpg_ws/build/turtlebot_description/CMakeFiles/CMakeTmp'
Makefile:126: recipe for target 'cmTC_ef387/fast' failed
make: *** [cmTC_ef387/fast] Error 2


