Determining if the pthread_create exist failed with the following output:
Change Dir: /home/xslin/Documents/xslin/research/rpg_ws/build/husky_control/CMakeFiles/CMakeTmp

Run Build Command:"/usr/bin/make" "cmTC_37eba/fast"
/usr/bin/make -f CMakeFiles/cmTC_37eba.dir/build.make CMakeFiles/cmTC_37eba.dir/build
make[1]: Entering directory '/home/xslin/Documents/xslin/research/rpg_ws/build/husky_control/CMakeFiles/CMakeTmp'
Building C object CMakeFiles/cmTC_37eba.dir/CheckSymbolExists.c.o
/usr/bin/cc    -o CMakeFiles/cmTC_37eba.dir/CheckSymbolExists.c.o   -c /home/xslin/Documents/xslin/research/rpg_ws/build/husky_control/CMakeFiles/CMakeTmp/CheckSymbolExists.c
Linking C executable cmTC_37eba
/usr/bin/cmake -E cmake_link_script CMakeFiles/cmTC_37eba.dir/link.txt --verbose=1
/usr/bin/cc      -rdynamic CMakeFiles/cmTC_37eba.dir/CheckSymbolExists.c.o  -o cmTC_37eba 
CMakeFiles/cmTC_37eba.dir/CheckSymbolExists.c.o: In function `main':
CheckSymbolExists.c:(.text+0x1b): undefined reference to `pthread_create'
collect2: error: ld returned 1 exit status
CMakeFiles/cmTC_37eba.dir/build.make:97: recipe for target 'cmTC_37eba' failed
make[1]: *** [cmTC_37eba] Error 1
make[1]: Leaving directory '/home/xslin/Documents/xslin/research/rpg_ws/build/husky_control/CMakeFiles/CMakeTmp'
Makefile:126: recipe for target 'cmTC_37eba/fast' failed
make: *** [cmTC_37eba/fast] Error 2

File /home/xslin/Documents/xslin/research/rpg_ws/build/husky_control/CMakeFiles/CMakeTmp/CheckSymbolExists.c:
/* */
#include <pthread.h>

int main(int argc, char** argv)
{
  (void)argv;
#ifndef pthread_create
  return ((int*)(&pthread_create))[argc];
#else
  (void)argc;
  return 0;
#endif
}

Determining if the function pthread_create exists in the pthreads failed with the following output:
Change Dir: /home/xslin/Documents/xslin/research/rpg_ws/build/husky_control/CMakeFiles/CMakeTmp

Run Build Command:"/usr/bin/make" "cmTC_321b4/fast"
/usr/bin/make -f CMakeFiles/cmTC_321b4.dir/build.make CMakeFiles/cmTC_321b4.dir/build
make[1]: Entering directory '/home/xslin/Documents/xslin/research/rpg_ws/build/husky_control/CMakeFiles/CMakeTmp'
Building C object CMakeFiles/cmTC_321b4.dir/CheckFunctionExists.c.o
/usr/bin/cc   -DCHECK_FUNCTION_EXISTS=pthread_create   -o CMakeFiles/cmTC_321b4.dir/CheckFunctionExists.c.o   -c /usr/share/cmake-3.10/Modules/CheckFunctionExists.c
Linking C executable cmTC_321b4
/usr/bin/cmake -E cmake_link_script CMakeFiles/cmTC_321b4.dir/link.txt --verbose=1
/usr/bin/cc  -DCHECK_FUNCTION_EXISTS=pthread_create    -rdynamic CMakeFiles/cmTC_321b4.dir/CheckFunctionExists.c.o  -o cmTC_321b4 -lpthreads 
/usr/bin/ld: cannot find -lpthreads
collect2: error: ld returned 1 exit status
CMakeFiles/cmTC_321b4.dir/build.make:97: recipe for target 'cmTC_321b4' failed
make[1]: *** [cmTC_321b4] Error 1
make[1]: Leaving directory '/home/xslin/Documents/xslin/research/rpg_ws/build/husky_control/CMakeFiles/CMakeTmp'
Makefile:126: recipe for target 'cmTC_321b4/fast' failed
make: *** [cmTC_321b4/fast] Error 2


