[  0%] Built target nav_msgs_generate_messages_eus
[  0%] Built target _quadrotor_msgs_generate_messages_check_deps_ControlCommand
[  0%] Built target _quadrotor_msgs_generate_messages_check_deps_LowLevelFeedback
[  0%] Built target _quadrotor_msgs_generate_messages_check_deps_Trajectory
[  0%] Built target _quadrotor_msgs_generate_messages_check_deps_TrajectoryPoint
[  0%] Built target _quadrotor_msgs_generate_messages_check_deps_AutopilotFeedback
[  0%] Built target std_msgs_generate_messages_eus
[  0%] Built target geometry_msgs_generate_messages_eus
[  0%] Built target nav_msgs_generate_messages_py
[  0%] Built target std_msgs_generate_messages_py
[  0%] Built target geometry_msgs_generate_messages_py
[  0%] Built target geometry_msgs_generate_messages_lisp
[  0%] Built target std_msgs_generate_messages_lisp
[  0%] Built target nav_msgs_generate_messages_lisp
[  0%] Built target nav_msgs_generate_messages_nodejs
[  0%] Built target geometry_msgs_generate_messages_nodejs
[  0%] Built target std_msgs_generate_messages_nodejs
[  0%] Built target nav_msgs_generate_messages_cpp
[  0%] Built target std_msgs_generate_messages_cpp
[  0%] Built target geometry_msgs_generate_messages_cpp
[ 22%] Built target quadrotor_msgs_generate_messages_eus
[ 44%] Built target quadrotor_msgs_generate_messages_py
[ 62%] Built target quadrotor_msgs_generate_messages_lisp
[ 81%] Built target quadrotor_msgs_generate_messages_nodejs
[100%] Built target quadrotor_msgs_generate_messages_cpp
[100%] Built target quadrotor_msgs_generate_messages
