[35m[1mScanning dependencies of target nav_msgs_generate_messages_eus[0m
[  0%] Built target nav_msgs_generate_messages_eus
[35m[1mScanning dependencies of target _quadrotor_msgs_generate_messages_check_deps_LowLevelFeedback[0m
[  0%] Built target _quadrotor_msgs_generate_messages_check_deps_LowLevelFeedback
[35m[1mScanning dependencies of target _quadrotor_msgs_generate_messages_check_deps_ControlCommand[0m
[  0%] Built target _quadrotor_msgs_generate_messages_check_deps_ControlCommand
[35m[1mScanning dependencies of target _quadrotor_msgs_generate_messages_check_deps_Trajectory[0m
[  0%] Built target _quadrotor_msgs_generate_messages_check_deps_Trajectory
[35m[1mScanning dependencies of target _quadrotor_msgs_generate_messages_check_deps_TrajectoryPoint[0m
[  0%] Built target _quadrotor_msgs_generate_messages_check_deps_TrajectoryPoint
[35m[1mScanning dependencies of target _quadrotor_msgs_generate_messages_check_deps_AutopilotFeedback[0m
[  0%] Built target _quadrotor_msgs_generate_messages_check_deps_AutopilotFeedback
[35m[1mScanning dependencies of target std_msgs_generate_messages_eus[0m
[  0%] Built target std_msgs_generate_messages_eus
[35m[1mScanning dependencies of target geometry_msgs_generate_messages_eus[0m
[  0%] Built target geometry_msgs_generate_messages_eus
[35m[1mScanning dependencies of target std_msgs_generate_messages_py[0m
[  0%] Built target std_msgs_generate_messages_py
[35m[1mScanning dependencies of target nav_msgs_generate_messages_py[0m
[  0%] Built target nav_msgs_generate_messages_py
[35m[1mScanning dependencies of target geometry_msgs_generate_messages_py[0m
[  0%] Built target geometry_msgs_generate_messages_py
[35m[1mScanning dependencies of target geometry_msgs_generate_messages_lisp[0m
[  0%] Built target geometry_msgs_generate_messages_lisp
[35m[1mScanning dependencies of target std_msgs_generate_messages_lisp[0m
[  0%] Built target std_msgs_generate_messages_lisp
[35m[1mScanning dependencies of target nav_msgs_generate_messages_lisp[0m
[  0%] Built target nav_msgs_generate_messages_lisp
[35m[1mScanning dependencies of target nav_msgs_generate_messages_nodejs[0m
[35m[1mScanning dependencies of target geometry_msgs_generate_messages_nodejs[0m
[  0%] Built target nav_msgs_generate_messages_nodejs
[  0%] Built target geometry_msgs_generate_messages_nodejs
[35m[1mScanning dependencies of target std_msgs_generate_messages_nodejs[0m
[  0%] Built target std_msgs_generate_messages_nodejs
[35m[1mScanning dependencies of target nav_msgs_generate_messages_cpp[0m
[  0%] Built target nav_msgs_generate_messages_cpp
[35m[1mScanning dependencies of target std_msgs_generate_messages_cpp[0m
[  0%] Built target std_msgs_generate_messages_cpp
[35m[1mScanning dependencies of target geometry_msgs_generate_messages_cpp[0m
[  0%] Built target geometry_msgs_generate_messages_cpp
[35m[1mScanning dependencies of target quadrotor_msgs_generate_messages_eus[0m
[  3%] [34m[1mGenerating EusLisp code from quadrotor_msgs/TrajectoryPoint.msg[0m
[  7%] [34m[1mGenerating EusLisp code from quadrotor_msgs/Trajectory.msg[0m
[ 11%] [34m[1mGenerating EusLisp code from quadrotor_msgs/AutopilotFeedback.msg[0m
[ 14%] [34m[1mGenerating EusLisp code from quadrotor_msgs/ControlCommand.msg[0m
[ 18%] [34m[1mGenerating EusLisp code from quadrotor_msgs/LowLevelFeedback.msg[0m
[ 22%] [34m[1mGenerating EusLisp manifest code for quadrotor_msgs[0m
[35m[1mScanning dependencies of target quadrotor_msgs_generate_messages_py[0m
[ 25%] [34m[1mGenerating Python from MSG quadrotor_msgs/TrajectoryPoint[0m
[ 29%] [34m[1mGenerating Python from MSG quadrotor_msgs/Trajectory[0m
[ 33%] [34m[1mGenerating Python from MSG quadrotor_msgs/AutopilotFeedback[0m
[35m[1mScanning dependencies of target quadrotor_msgs_generate_messages_lisp[0m
[ 37%] [34m[1mGenerating Lisp code from quadrotor_msgs/TrajectoryPoint.msg[0m
[ 37%] Built target quadrotor_msgs_generate_messages_eus
[ 40%] [34m[1mGenerating Lisp code from quadrotor_msgs/Trajectory.msg[0m
[35m[1mScanning dependencies of target quadrotor_msgs_generate_messages_nodejs[0m
[ 44%] [34m[1mGenerating Javascript code from quadrotor_msgs/TrajectoryPoint.msg[0m
[ 48%] [34m[1mGenerating Python from MSG quadrotor_msgs/ControlCommand[0m
[ 51%] [34m[1mGenerating Lisp code from quadrotor_msgs/AutopilotFeedback.msg[0m
[ 55%] [34m[1mGenerating Javascript code from quadrotor_msgs/Trajectory.msg[0m
[ 59%] [34m[1mGenerating Lisp code from quadrotor_msgs/ControlCommand.msg[0m
[ 62%] [34m[1mGenerating Javascript code from quadrotor_msgs/AutopilotFeedback.msg[0m
[ 66%] [34m[1mGenerating Python from MSG quadrotor_msgs/LowLevelFeedback[0m
[ 70%] [34m[1mGenerating Lisp code from quadrotor_msgs/LowLevelFeedback.msg[0m
[ 74%] [34m[1mGenerating Javascript code from quadrotor_msgs/ControlCommand.msg[0m
[ 74%] Built target quadrotor_msgs_generate_messages_lisp
[35m[1mScanning dependencies of target quadrotor_msgs_generate_messages_cpp[0m
[ 77%] [34m[1mGenerating C++ code from quadrotor_msgs/TrajectoryPoint.msg[0m
[ 81%] [34m[1mGenerating Javascript code from quadrotor_msgs/LowLevelFeedback.msg[0m
[ 85%] [34m[1mGenerating Python msg __init__.py for quadrotor_msgs[0m
[ 85%] Built target quadrotor_msgs_generate_messages_nodejs
[ 88%] [34m[1mGenerating C++ code from quadrotor_msgs/Trajectory.msg[0m
[ 88%] Built target quadrotor_msgs_generate_messages_py
[ 92%] [34m[1mGenerating C++ code from quadrotor_msgs/AutopilotFeedback.msg[0m
[ 96%] [34m[1mGenerating C++ code from quadrotor_msgs/ControlCommand.msg[0m
[100%] [34m[1mGenerating C++ code from quadrotor_msgs/LowLevelFeedback.msg[0m
[100%] Built target quadrotor_msgs_generate_messages_cpp
[35m[1mScanning dependencies of target quadrotor_msgs_generate_messages[0m
[100%] Built target quadrotor_msgs_generate_messages
