Determining if the pthread_create exist failed with the following output:
Change Dir: /home/xslin/Documents/rpg_ws/build/mav_planning_msgs/CMakeFiles/CMakeTmp

Run Build Command:"/usr/bin/make" "cmTC_76b5f/fast"
/usr/bin/make -f CMakeFiles/cmTC_76b5f.dir/build.make CMakeFiles/cmTC_76b5f.dir/build
make[1]: Entering directory '/home/xslin/Documents/rpg_ws/build/mav_planning_msgs/CMakeFiles/CMakeTmp'
Building C object CMakeFiles/cmTC_76b5f.dir/CheckSymbolExists.c.o
/usr/bin/cc    -o CMakeFiles/cmTC_76b5f.dir/CheckSymbolExists.c.o   -c /home/xslin/Documents/rpg_ws/build/mav_planning_msgs/CMakeFiles/CMakeTmp/CheckSymbolExists.c
Linking C executable cmTC_76b5f
/usr/bin/cmake -E cmake_link_script CMakeFiles/cmTC_76b5f.dir/link.txt --verbose=1
/usr/bin/cc      -rdynamic CMakeFiles/cmTC_76b5f.dir/CheckSymbolExists.c.o  -o cmTC_76b5f 
CMakeFiles/cmTC_76b5f.dir/CheckSymbolExists.c.o: In function `main':
CheckSymbolExists.c:(.text+0x1b): undefined reference to `pthread_create'
collect2: error: ld returned 1 exit status
CMakeFiles/cmTC_76b5f.dir/build.make:97: recipe for target 'cmTC_76b5f' failed
make[1]: *** [cmTC_76b5f] Error 1
make[1]: Leaving directory '/home/xslin/Documents/rpg_ws/build/mav_planning_msgs/CMakeFiles/CMakeTmp'
Makefile:126: recipe for target 'cmTC_76b5f/fast' failed
make: *** [cmTC_76b5f/fast] Error 2

File /home/xslin/Documents/rpg_ws/build/mav_planning_msgs/CMakeFiles/CMakeTmp/CheckSymbolExists.c:
/* */
#include <pthread.h>

int main(int argc, char** argv)
{
  (void)argv;
#ifndef pthread_create
  return ((int*)(&pthread_create))[argc];
#else
  (void)argc;
  return 0;
#endif
}

Determining if the function pthread_create exists in the pthreads failed with the following output:
Change Dir: /home/xslin/Documents/rpg_ws/build/mav_planning_msgs/CMakeFiles/CMakeTmp

Run Build Command:"/usr/bin/make" "cmTC_1b025/fast"
/usr/bin/make -f CMakeFiles/cmTC_1b025.dir/build.make CMakeFiles/cmTC_1b025.dir/build
make[1]: Entering directory '/home/xslin/Documents/rpg_ws/build/mav_planning_msgs/CMakeFiles/CMakeTmp'
Building C object CMakeFiles/cmTC_1b025.dir/CheckFunctionExists.c.o
/usr/bin/cc   -DCHECK_FUNCTION_EXISTS=pthread_create   -o CMakeFiles/cmTC_1b025.dir/CheckFunctionExists.c.o   -c /usr/share/cmake-3.10/Modules/CheckFunctionExists.c
Linking C executable cmTC_1b025
/usr/bin/cmake -E cmake_link_script CMakeFiles/cmTC_1b025.dir/link.txt --verbose=1
/usr/bin/cc  -DCHECK_FUNCTION_EXISTS=pthread_create    -rdynamic CMakeFiles/cmTC_1b025.dir/CheckFunctionExists.c.o  -o cmTC_1b025 -lpthreads 
/usr/bin/ld: cannot find -lpthreads
collect2: error: ld returned 1 exit status
CMakeFiles/cmTC_1b025.dir/build.make:97: recipe for target 'cmTC_1b025' failed
make[1]: *** [cmTC_1b025] Error 1
make[1]: Leaving directory '/home/xslin/Documents/rpg_ws/build/mav_planning_msgs/CMakeFiles/CMakeTmp'
Makefile:126: recipe for target 'cmTC_1b025/fast' failed
make: *** [cmTC_1b025/fast] Error 2


