Determining if the pthread_create exist failed with the following output:
Change Dir: /home/xslin/Documents/rpg_ws/build/turtlebot_dashboard/CMakeFiles/CMakeTmp

Run Build Command:"/usr/bin/make" "cmTC_a2a2a/fast"
/usr/bin/make -f CMakeFiles/cmTC_a2a2a.dir/build.make CMakeFiles/cmTC_a2a2a.dir/build
make[1]: Entering directory '/home/xslin/Documents/rpg_ws/build/turtlebot_dashboard/CMakeFiles/CMakeTmp'
Building C object CMakeFiles/cmTC_a2a2a.dir/CheckSymbolExists.c.o
/usr/bin/cc    -o CMakeFiles/cmTC_a2a2a.dir/CheckSymbolExists.c.o   -c /home/xslin/Documents/rpg_ws/build/turtlebot_dashboard/CMakeFiles/CMakeTmp/CheckSymbolExists.c
Linking C executable cmTC_a2a2a
/usr/bin/cmake -E cmake_link_script CMakeFiles/cmTC_a2a2a.dir/link.txt --verbose=1
/usr/bin/cc      -rdynamic CMakeFiles/cmTC_a2a2a.dir/CheckSymbolExists.c.o  -o cmTC_a2a2a 
CMakeFiles/cmTC_a2a2a.dir/CheckSymbolExists.c.o: In function `main':
CheckSymbolExists.c:(.text+0x1b): undefined reference to `pthread_create'
collect2: error: ld returned 1 exit status
CMakeFiles/cmTC_a2a2a.dir/build.make:97: recipe for target 'cmTC_a2a2a' failed
make[1]: *** [cmTC_a2a2a] Error 1
make[1]: Leaving directory '/home/xslin/Documents/rpg_ws/build/turtlebot_dashboard/CMakeFiles/CMakeTmp'
Makefile:126: recipe for target 'cmTC_a2a2a/fast' failed
make: *** [cmTC_a2a2a/fast] Error 2

File /home/xslin/Documents/rpg_ws/build/turtlebot_dashboard/CMakeFiles/CMakeTmp/CheckSymbolExists.c:
/* */
#include <pthread.h>

int main(int argc, char** argv)
{
  (void)argv;
#ifndef pthread_create
  return ((int*)(&pthread_create))[argc];
#else
  (void)argc;
  return 0;
#endif
}

Determining if the function pthread_create exists in the pthreads failed with the following output:
Change Dir: /home/xslin/Documents/rpg_ws/build/turtlebot_dashboard/CMakeFiles/CMakeTmp

Run Build Command:"/usr/bin/make" "cmTC_fa2bf/fast"
/usr/bin/make -f CMakeFiles/cmTC_fa2bf.dir/build.make CMakeFiles/cmTC_fa2bf.dir/build
make[1]: Entering directory '/home/xslin/Documents/rpg_ws/build/turtlebot_dashboard/CMakeFiles/CMakeTmp'
Building C object CMakeFiles/cmTC_fa2bf.dir/CheckFunctionExists.c.o
/usr/bin/cc   -DCHECK_FUNCTION_EXISTS=pthread_create   -o CMakeFiles/cmTC_fa2bf.dir/CheckFunctionExists.c.o   -c /usr/share/cmake-3.10/Modules/CheckFunctionExists.c
Linking C executable cmTC_fa2bf
/usr/bin/cmake -E cmake_link_script CMakeFiles/cmTC_fa2bf.dir/link.txt --verbose=1
/usr/bin/cc  -DCHECK_FUNCTION_EXISTS=pthread_create    -rdynamic CMakeFiles/cmTC_fa2bf.dir/CheckFunctionExists.c.o  -o cmTC_fa2bf -lpthreads 
/usr/bin/ld: cannot find -lpthreads
collect2: error: ld returned 1 exit status
CMakeFiles/cmTC_fa2bf.dir/build.make:97: recipe for target 'cmTC_fa2bf' failed
make[1]: *** [cmTC_fa2bf] Error 1
make[1]: Leaving directory '/home/xslin/Documents/rpg_ws/build/turtlebot_dashboard/CMakeFiles/CMakeTmp'
Makefile:126: recipe for target 'cmTC_fa2bf/fast' failed
make: *** [cmTC_fa2bf/fast] Error 2


