[35m[1mScanning dependencies of target std_srvs_generate_messages_lisp[0m
[  0%] Built target std_srvs_generate_messages_lisp
[35m[1mScanning dependencies of target trajectory_msgs_generate_messages_lisp[0m
[  0%] Built target trajectory_msgs_generate_messages_lisp
[35m[1mScanning dependencies of target nav_msgs_generate_messages_cpp[0m
[  0%] Built target nav_msgs_generate_messages_cpp
[35m[1mScanning dependencies of target geometry_msgs_generate_messages_py[0m
[  0%] Built target geometry_msgs_generate_messages_py
[35m[1mScanning dependencies of target nav_msgs_generate_messages_py[0m
[  0%] Built target nav_msgs_generate_messages_py
[35m[1mScanning dependencies of target geometry_msgs_generate_messages_eus[0m
[  0%] Built target geometry_msgs_generate_messages_eus
[35m[1mScanning dependencies of target std_msgs_generate_messages_nodejs[0m
[  0%] Built target std_msgs_generate_messages_nodejs
[35m[1mScanning dependencies of target geometry_msgs_generate_messages_cpp[0m
[  0%] Built target geometry_msgs_generate_messages_cpp
[35m[1mScanning dependencies of target std_msgs_generate_messages_py[0m
[  0%] Built target std_msgs_generate_messages_py
[35m[1mScanning dependencies of target geometry_msgs_generate_messages_lisp[0m
[  0%] Built target geometry_msgs_generate_messages_lisp
[35m[1mScanning dependencies of target roscpp_generate_messages_lisp[0m
[  0%] Built target roscpp_generate_messages_lisp
[35m[1mScanning dependencies of target std_msgs_generate_messages_lisp[0m
[  0%] Built target std_msgs_generate_messages_lisp
[35m[1mScanning dependencies of target std_srvs_generate_messages_nodejs[0m
[  0%] Built target std_srvs_generate_messages_nodejs
[35m[1mScanning dependencies of target nav_msgs_generate_messages_nodejs[0m
[  0%] Built target nav_msgs_generate_messages_nodejs
[35m[1mScanning dependencies of target actionlib_msgs_generate_messages_eus[0m
[  0%] Built target actionlib_msgs_generate_messages_eus
[35m[1mScanning dependencies of target rosgraph_msgs_generate_messages_lisp[0m
[  0%] Built target rosgraph_msgs_generate_messages_lisp
[35m[1mScanning dependencies of target rosgraph_msgs_generate_messages_py[0m
[  0%] Built target rosgraph_msgs_generate_messages_py
[35m[1mScanning dependencies of target mav_msgs_generate_messages_lisp[0m
[  0%] Built target mav_msgs_generate_messages_lisp
[35m[1mScanning dependencies of target geometry_msgs_generate_messages_nodejs[0m
[  0%] Built target geometry_msgs_generate_messages_nodejs
[35m[1mScanning dependencies of target mav_msgs_generate_messages_cpp[0m
[  0%] Built target mav_msgs_generate_messages_cpp
[35m[1mScanning dependencies of target mav_msgs_generate_messages_eus[0m
[  0%] Built target mav_msgs_generate_messages_eus
[35m[1mScanning dependencies of target std_msgs_generate_messages_cpp[0m
[  0%] Built target std_msgs_generate_messages_cpp
[35m[1mScanning dependencies of target std_srvs_generate_messages_cpp[0m
[  0%] Built target std_srvs_generate_messages_cpp
[35m[1mScanning dependencies of target nav_msgs_generate_messages_eus[0m
[  0%] Built target nav_msgs_generate_messages_eus
[35m[1mScanning dependencies of target mav_msgs_generate_messages_nodejs[0m
[  0%] Built target mav_msgs_generate_messages_nodejs
[35m[1mScanning dependencies of target roscpp_generate_messages_cpp[0m
[  0%] Built target roscpp_generate_messages_cpp
[35m[1mScanning dependencies of target mav_msgs_generate_messages_py[0m
[  0%] Built target mav_msgs_generate_messages_py
[35m[1mScanning dependencies of target trajectory_msgs_generate_messages_cpp[0m
[  0%] Built target trajectory_msgs_generate_messages_cpp
[35m[1mScanning dependencies of target std_msgs_generate_messages_eus[0m
[  0%] Built target std_msgs_generate_messages_eus
[35m[1mScanning dependencies of target actionlib_msgs_generate_messages_lisp[0m
[  0%] Built target actionlib_msgs_generate_messages_lisp
[35m[1mScanning dependencies of target actionlib_msgs_generate_messages_nodejs[0m
[  0%] Built target actionlib_msgs_generate_messages_nodejs
[35m[1mScanning dependencies of target nav_msgs_generate_messages_lisp[0m
[  0%] Built target nav_msgs_generate_messages_lisp
[35m[1mScanning dependencies of target actionlib_msgs_generate_messages_cpp[0m
[  0%] Built target actionlib_msgs_generate_messages_cpp
[35m[1mScanning dependencies of target actionlib_msgs_generate_messages_py[0m
[  0%] Built target actionlib_msgs_generate_messages_py
[35m[1mScanning dependencies of target rosgraph_msgs_generate_messages_nodejs[0m
[  0%] Built target rosgraph_msgs_generate_messages_nodejs
[35m[1mScanning dependencies of target trajectory_msgs_generate_messages_nodejs[0m
[  0%] Built target trajectory_msgs_generate_messages_nodejs
[35m[1mScanning dependencies of target quadrotor_msgs_generate_messages_cpp[0m
[  0%] Built target quadrotor_msgs_generate_messages_cpp
[35m[1mScanning dependencies of target quadrotor_msgs_generate_messages_eus[0m
[  0%] Built target quadrotor_msgs_generate_messages_eus
[35m[1mScanning dependencies of target quadrotor_msgs_generate_messages_lisp[0m
[  0%] Built target quadrotor_msgs_generate_messages_lisp
[35m[1mScanning dependencies of target std_srvs_generate_messages_eus[0m
[  0%] Built target std_srvs_generate_messages_eus
[35m[1mScanning dependencies of target quadrotor_msgs_generate_messages_nodejs[0m
[  0%] Built target quadrotor_msgs_generate_messages_nodejs
[35m[1mScanning dependencies of target quadrotor_msgs_generate_messages_py[0m
[  0%] Built target quadrotor_msgs_generate_messages_py
[35m[1mScanning dependencies of target roscpp_generate_messages_eus[0m
[  0%] Built target roscpp_generate_messages_eus
[35m[1mScanning dependencies of target roscpp_generate_messages_nodejs[0m
[  0%] Built target roscpp_generate_messages_nodejs
[35m[1mScanning dependencies of target trajectory_msgs_generate_messages_eus[0m
[  0%] Built target trajectory_msgs_generate_messages_eus
[35m[1mScanning dependencies of target roscpp_generate_messages_py[0m
[  0%] Built target roscpp_generate_messages_py
[35m[1mScanning dependencies of target trajectory_msgs_generate_messages_py[0m
[  0%] Built target trajectory_msgs_generate_messages_py
[35m[1mScanning dependencies of target rosgraph_msgs_generate_messages_cpp[0m
[  0%] Built target rosgraph_msgs_generate_messages_cpp
[35m[1mScanning dependencies of target rosgraph_msgs_generate_messages_eus[0m
[  0%] Built target rosgraph_msgs_generate_messages_eus
[35m[1mScanning dependencies of target std_srvs_generate_messages_py[0m
[  0%] Built target std_srvs_generate_messages_py
[35m[1mScanning dependencies of target rpg_rotors_interface[0m
[ 50%] [32mBuilding CXX object CMakeFiles/rpg_rotors_interface.dir/src/rpg_rotors_interface.cpp.o[0m
[100%] [32m[1mLinking CXX executable /home/xslin/Documents/xslin/research/rpg_ws/devel/lib/rpg_rotors_interface/rpg_rotors_interface[0m
[100%] Built target rpg_rotors_interface
