Determining if the pthread_create exist failed with the following output:
Change Dir: /home/xslin/Documents/xslin/research/rpg_ws/build/husky_navigation/CMakeFiles/CMakeTmp

Run Build Command:"/usr/bin/make" "cmTC_2247c/fast"
/usr/bin/make -f CMakeFiles/cmTC_2247c.dir/build.make CMakeFiles/cmTC_2247c.dir/build
make[1]: Entering directory '/home/xslin/Documents/xslin/research/rpg_ws/build/husky_navigation/CMakeFiles/CMakeTmp'
Building C object CMakeFiles/cmTC_2247c.dir/CheckSymbolExists.c.o
/usr/bin/cc    -o CMakeFiles/cmTC_2247c.dir/CheckSymbolExists.c.o   -c /home/xslin/Documents/xslin/research/rpg_ws/build/husky_navigation/CMakeFiles/CMakeTmp/CheckSymbolExists.c
Linking C executable cmTC_2247c
/usr/bin/cmake -E cmake_link_script CMakeFiles/cmTC_2247c.dir/link.txt --verbose=1
/usr/bin/cc      -rdynamic CMakeFiles/cmTC_2247c.dir/CheckSymbolExists.c.o  -o cmTC_2247c 
CMakeFiles/cmTC_2247c.dir/CheckSymbolExists.c.o: In function `main':
CheckSymbolExists.c:(.text+0x1b): undefined reference to `pthread_create'
collect2: error: ld returned 1 exit status
CMakeFiles/cmTC_2247c.dir/build.make:97: recipe for target 'cmTC_2247c' failed
make[1]: *** [cmTC_2247c] Error 1
make[1]: Leaving directory '/home/xslin/Documents/xslin/research/rpg_ws/build/husky_navigation/CMakeFiles/CMakeTmp'
Makefile:126: recipe for target 'cmTC_2247c/fast' failed
make: *** [cmTC_2247c/fast] Error 2

File /home/xslin/Documents/xslin/research/rpg_ws/build/husky_navigation/CMakeFiles/CMakeTmp/CheckSymbolExists.c:
/* */
#include <pthread.h>

int main(int argc, char** argv)
{
  (void)argv;
#ifndef pthread_create
  return ((int*)(&pthread_create))[argc];
#else
  (void)argc;
  return 0;
#endif
}

Determining if the function pthread_create exists in the pthreads failed with the following output:
Change Dir: /home/xslin/Documents/xslin/research/rpg_ws/build/husky_navigation/CMakeFiles/CMakeTmp

Run Build Command:"/usr/bin/make" "cmTC_bcec0/fast"
/usr/bin/make -f CMakeFiles/cmTC_bcec0.dir/build.make CMakeFiles/cmTC_bcec0.dir/build
make[1]: Entering directory '/home/xslin/Documents/xslin/research/rpg_ws/build/husky_navigation/CMakeFiles/CMakeTmp'
Building C object CMakeFiles/cmTC_bcec0.dir/CheckFunctionExists.c.o
/usr/bin/cc   -DCHECK_FUNCTION_EXISTS=pthread_create   -o CMakeFiles/cmTC_bcec0.dir/CheckFunctionExists.c.o   -c /usr/share/cmake-3.10/Modules/CheckFunctionExists.c
Linking C executable cmTC_bcec0
/usr/bin/cmake -E cmake_link_script CMakeFiles/cmTC_bcec0.dir/link.txt --verbose=1
/usr/bin/cc  -DCHECK_FUNCTION_EXISTS=pthread_create    -rdynamic CMakeFiles/cmTC_bcec0.dir/CheckFunctionExists.c.o  -o cmTC_bcec0 -lpthreads 
/usr/bin/ld: cannot find -lpthreads
collect2: error: ld returned 1 exit status
CMakeFiles/cmTC_bcec0.dir/build.make:97: recipe for target 'cmTC_bcec0' failed
make[1]: *** [cmTC_bcec0] Error 1
make[1]: Leaving directory '/home/xslin/Documents/xslin/research/rpg_ws/build/husky_navigation/CMakeFiles/CMakeTmp'
Makefile:126: recipe for target 'cmTC_bcec0/fast' failed
make: *** [cmTC_bcec0/fast] Error 2


