Determining if the pthread_create exist failed with the following output:
Change Dir: /home/xslin/Documents/rpg_ws/build/kobuki_gazebo_plugins/CMakeFiles/CMakeTmp

Run Build Command:"/usr/bin/make" "cmTC_a35af/fast"
/usr/bin/make -f CMakeFiles/cmTC_a35af.dir/build.make CMakeFiles/cmTC_a35af.dir/build
make[1]: Entering directory '/home/xslin/Documents/rpg_ws/build/kobuki_gazebo_plugins/CMakeFiles/CMakeTmp'
Building C object CMakeFiles/cmTC_a35af.dir/CheckSymbolExists.c.o
/usr/bin/cc    -o CMakeFiles/cmTC_a35af.dir/CheckSymbolExists.c.o   -c /home/xslin/Documents/rpg_ws/build/kobuki_gazebo_plugins/CMakeFiles/CMakeTmp/CheckSymbolExists.c
Linking C executable cmTC_a35af
/usr/bin/cmake -E cmake_link_script CMakeFiles/cmTC_a35af.dir/link.txt --verbose=1
/usr/bin/cc      -rdynamic CMakeFiles/cmTC_a35af.dir/CheckSymbolExists.c.o  -o cmTC_a35af 
CMakeFiles/cmTC_a35af.dir/CheckSymbolExists.c.o: In function `main':
CheckSymbolExists.c:(.text+0x1b): undefined reference to `pthread_create'
collect2: error: ld returned 1 exit status
CMakeFiles/cmTC_a35af.dir/build.make:97: recipe for target 'cmTC_a35af' failed
make[1]: *** [cmTC_a35af] Error 1
make[1]: Leaving directory '/home/xslin/Documents/rpg_ws/build/kobuki_gazebo_plugins/CMakeFiles/CMakeTmp'
Makefile:126: recipe for target 'cmTC_a35af/fast' failed
make: *** [cmTC_a35af/fast] Error 2

File /home/xslin/Documents/rpg_ws/build/kobuki_gazebo_plugins/CMakeFiles/CMakeTmp/CheckSymbolExists.c:
/* */
#include <pthread.h>

int main(int argc, char** argv)
{
  (void)argv;
#ifndef pthread_create
  return ((int*)(&pthread_create))[argc];
#else
  (void)argc;
  return 0;
#endif
}

Determining if the function pthread_create exists in the pthreads failed with the following output:
Change Dir: /home/xslin/Documents/rpg_ws/build/kobuki_gazebo_plugins/CMakeFiles/CMakeTmp

Run Build Command:"/usr/bin/make" "cmTC_8b4d5/fast"
/usr/bin/make -f CMakeFiles/cmTC_8b4d5.dir/build.make CMakeFiles/cmTC_8b4d5.dir/build
make[1]: Entering directory '/home/xslin/Documents/rpg_ws/build/kobuki_gazebo_plugins/CMakeFiles/CMakeTmp'
Building C object CMakeFiles/cmTC_8b4d5.dir/CheckFunctionExists.c.o
/usr/bin/cc   -DCHECK_FUNCTION_EXISTS=pthread_create   -o CMakeFiles/cmTC_8b4d5.dir/CheckFunctionExists.c.o   -c /usr/share/cmake-3.10/Modules/CheckFunctionExists.c
Linking C executable cmTC_8b4d5
/usr/bin/cmake -E cmake_link_script CMakeFiles/cmTC_8b4d5.dir/link.txt --verbose=1
/usr/bin/cc  -DCHECK_FUNCTION_EXISTS=pthread_create    -rdynamic CMakeFiles/cmTC_8b4d5.dir/CheckFunctionExists.c.o  -o cmTC_8b4d5 -lpthreads 
/usr/bin/ld: cannot find -lpthreads
collect2: error: ld returned 1 exit status
CMakeFiles/cmTC_8b4d5.dir/build.make:97: recipe for target 'cmTC_8b4d5' failed
make[1]: *** [cmTC_8b4d5] Error 1
make[1]: Leaving directory '/home/xslin/Documents/rpg_ws/build/kobuki_gazebo_plugins/CMakeFiles/CMakeTmp'
Makefile:126: recipe for target 'cmTC_8b4d5/fast' failed
make: *** [cmTC_8b4d5/fast] Error 2


