[  0%] Built target move_base_msgs_generate_messages_lisp
[ 20%] Built target move_base_msgs_generate_messages_eus
[ 20%] Built target move_base_gencfg
[ 20%] Built target visualization_msgs_generate_messages_py
[ 20%] Built target move_base_msgs_generate_messages_nodejs
[ 20%] Built target tf_generate_messages_nodejs
[ 20%] Built target visualization_msgs_generate_messages_lisp
[ 20%] Built target visualization_msgs_generate_messages_nodejs
[ 20%] Built target nav_msgs_generate_messages_eus
[ 20%] Built target visualization_msgs_generate_messages_eus
[ 20%] Built target nav_msgs_generate_messages_cpp
[ 20%] Built target map_msgs_generate_messages_cpp
[ 20%] Built target nav_msgs_generate_messages_lisp
[ 20%] Built target map_msgs_generate_messages_nodejs
[ 20%] Built target map_msgs_generate_messages_lisp
[ 20%] Built target tf2_msgs_generate_messages_nodejs
[ 20%] Built target tf2_msgs_generate_messages_eus
[ 20%] Built target tf2_msgs_generate_messages_lisp
[ 20%] Built target sensor_msgs_generate_messages_eus
[ 20%] Built target sensor_msgs_generate_messages_py
[ 20%] Built target sensor_msgs_generate_messages_nodejs
[ 20%] Built target visualization_msgs_generate_messages_cpp
[ 20%] Built target sensor_msgs_generate_messages_lisp
[ 20%] Built target nav_msgs_generate_messages_nodejs
[ 20%] Built target sensor_msgs_generate_messages_cpp
[ 20%] Built target roscpp_generate_messages_eus
[ 20%] Built target std_msgs_generate_messages_py
[ 20%] Built target roscpp_generate_messages_cpp
[ 20%] Built target base_local_planner_gencfg
[ 20%] Built target navfn_generate_messages_py
[ 20%] Built target std_msgs_generate_messages_nodejs
[ 20%] Built target geometry_msgs_generate_messages_eus
[ 20%] Built target roscpp_generate_messages_nodejs
[ 20%] Built target rosgraph_msgs_generate_messages_nodejs
[ 20%] Built target actionlib_generate_messages_cpp
[ 20%] Built target actionlib_msgs_generate_messages_py
[ 20%] Built target costmap_2d_generate_messages_cpp
[ 20%] Built target navfn_generate_messages_cpp
[ 20%] Built target std_srvs_generate_messages_nodejs
[ 20%] Built target std_srvs_generate_messages_lisp
[ 20%] Built target navfn_generate_messages_nodejs
[ 20%] Built target rosgraph_msgs_generate_messages_lisp
[ 20%] Built target move_base_msgs_generate_messages_py
[ 20%] Built target tf_generate_messages_eus
[ 20%] Built target navfn_generate_messages_eus
[ 20%] Built target actionlib_generate_messages_py
[ 20%] Built target actionlib_generate_messages_lisp
[ 20%] Built target map_msgs_generate_messages_eus
[ 20%] Built target _catkin_empty_exported_target
[ 20%] Built target costmap_2d_generate_messages_lisp
[ 20%] Built target roscpp_generate_messages_lisp
[ 20%] Built target navfn_generate_messages_lisp
[ 20%] Built target actionlib_generate_messages_nodejs
[ 20%] Built target rosgraph_msgs_generate_messages_py
[ 20%] Built target std_msgs_generate_messages_cpp
[ 20%] Built target base_local_planner_generate_messages_nodejs
[ 20%] Built target std_srvs_generate_messages_eus
[ 20%] Built target rosgraph_msgs_generate_messages_cpp
[ 20%] Built target map_msgs_generate_messages_py
[ 20%] Built target base_local_planner_generate_messages_py
[ 20%] Built target actionlib_generate_messages_eus
[ 20%] Built target actionlib_msgs_generate_messages_cpp
[ 20%] Built target roscpp_generate_messages_py
[ 20%] Built target std_msgs_generate_messages_eus
[ 20%] Built target actionlib_msgs_generate_messages_nodejs
[ 20%] Built target tf_generate_messages_py
[ 20%] Built target actionlib_msgs_generate_messages_lisp
[ 20%] Built target std_srvs_generate_messages_py
[ 20%] Built target rosgraph_msgs_generate_messages_eus
[ 20%] Built target actionlib_msgs_generate_messages_eus
[ 20%] Built target dynamic_reconfigure_generate_messages_py
[ 20%] Built target std_srvs_generate_messages_cpp
[ 20%] Built target base_local_planner_generate_messages_cpp
[ 20%] Built target base_local_planner_generate_messages_lisp
[ 20%] Built target base_local_planner_generate_messages_eus
[ 20%] Built target geometry_msgs_generate_messages_py
[ 20%] Built target costmap_2d_generate_messages_nodejs
[ 20%] Built target std_msgs_generate_messages_lisp
[ 20%] Built target costmap_2d_generate_messages_py
[ 20%] Built target costmap_2d_gencfg
[ 20%] Built target dynamic_reconfigure_generate_messages_cpp
[ 20%] Built target nav_msgs_generate_messages_py
[ 20%] Built target tf_generate_messages_lisp
[ 20%] Built target tf2_msgs_generate_messages_cpp
[ 20%] Built target dynamic_reconfigure_gencfg
[ 20%] Built target dynamic_reconfigure_generate_messages_lisp
[ 20%] Built target tf2_msgs_generate_messages_py
[ 20%] Built target dynamic_reconfigure_generate_messages_nodejs
[ 20%] Built target costmap_2d_generate_messages_eus
[ 20%] Built target geometry_msgs_generate_messages_lisp
[ 20%] Built target geometry_msgs_generate_messages_cpp
[ 20%] Built target move_base_msgs_generate_messages_cpp
[ 20%] Built target tf_generate_messages_cpp
[ 20%] Built target dynamic_reconfigure_generate_messages_eus
[ 20%] Built target geometry_msgs_generate_messages_nodejs
[35m[1mScanning dependencies of target move_base[0m
[ 40%] [32mBuilding CXX object CMakeFiles/move_base.dir/src/move_base.cpp.o[0m
In file included from [01m[K/opt/ros/melodic/include/ros/ros.h:40:0[m[K,
                 from [01m[K/home/xslin/Documents/xslin/research/rpg_ws/src/navigation/move_base/include/move_base/move_base.h:43[m[K,
                 from [01m[K/home/xslin/Documents/xslin/research/rpg_ws/src/navigation/move_base/src/move_base.cpp:38[m[K:
[01m[K/home/xslin/Documents/xslin/research/rpg_ws/src/navigation/move_base/src/move_base.cpp:[m[K In constructor ‘[01m[Kmove_base::MoveBase::MoveBase(tf2_ros::Buffer&)[m[K’:
[01m[K/opt/ros/melodic/include/ros/console.h:348:176:[m[K [01;35m[Kwarning: [m[Krepeated '#' flag in format [[01;35m[K-Wformat=[m[K]
     ::ros::console::print(filter, __rosconsole_define_location__loc.logger_, __rosconsole_define_location__loc.level_, __FILE__, __LINE__, __ROSCONSOLE_FUNCTION__, __VA_ARGS__[01;35m[K)[m[K
                                                                                                                                                                                [01;35m[K^[m[K
[01m[K/opt/ros/melodic/include/ros/console.h:351:5:[m[K [01;36m[Knote: [m[Kin expansion of macro ‘[01m[KROSCONSOLE_PRINT_AT_LOCATION_WITH_FILTER[m[K’
     [01;36m[KROSCONSOLE_PRINT_AT_LOCATION_WITH_FILTER[m[K(NULL, __VA_ARGS__)
     [01;36m[K^~~~~~~~~~~~~~~~~~~~~~~~~~~~~~~~~~~~~~~~[m[K
[01m[K/opt/ros/melodic/include/ros/console.h:387:7:[m[K [01;36m[Knote: [m[Kin expansion of macro ‘[01m[KROSCONSOLE_PRINT_AT_LOCATION[m[K’
       [01;36m[KROSCONSOLE_PRINT_AT_LOCATION[m[K(__VA_ARGS__); \
       [01;36m[K^~~~~~~~~~~~~~~~~~~~~~~~~~~~[m[K
[01m[K/opt/ros/melodic/include/ros/console.h:572:35:[m[K [01;36m[Knote: [m[Kin expansion of macro ‘[01m[KROS_LOG_COND[m[K’
 #define ROS_LOG(level, name, ...) [01;36m[KROS_LOG_COND[m[K(true, level, name, __VA_ARGS__)
                                   [01;36m[K^~~~~~~~~~~~[m[K
[01m[K/opt/ros/melodic/include/rosconsole/macros_generated.h:110:23:[m[K [01;36m[Knote: [m[Kin expansion of macro ‘[01m[KROS_LOG[m[K’
 #define ROS_INFO(...) [01;36m[KROS_LOG[m[K(::ros::console::levels::Info, ROSCONSOLE_DEFAULT_NAME, __VA_ARGS__)
                       [01;36m[K^~~~~~~[m[K
[01m[K/home/xslin/Documents/xslin/research/rpg_ws/src/navigation/move_base/src/move_base.cpp:67:5:[m[K [01;36m[Knote: [m[Kin expansion of macro ‘[01m[KROS_INFO[m[K’
     [01;36m[KR[m[KOS_INFO("IAM HERE HAHAHAHAHAHAHAHAH --------!!2#$#@$%##%^$^&^*&^^%");
     [01;36m[K^[m[K
[01m[K/opt/ros/melodic/include/ros/console.h:348:176:[m[K [01;35m[Kwarning: [m[Kconversion lacks type at end of format [[01;35m[K-Wformat=[m[K]
     ::ros::console::print(filter, __rosconsole_define_location__loc.logger_, __rosconsole_define_location__loc.level_, __FILE__, __LINE__, __ROSCONSOLE_FUNCTION__, __VA_ARGS__[01;35m[K)[m[K
                                                                                                                                                                                [01;35m[K^[m[K
[01m[K/opt/ros/melodic/include/ros/console.h:351:5:[m[K [01;36m[Knote: [m[Kin expansion of macro ‘[01m[KROSCONSOLE_PRINT_AT_LOCATION_WITH_FILTER[m[K’
     [01;36m[KROSCONSOLE_PRINT_AT_LOCATION_WITH_FILTER[m[K(NULL, __VA_ARGS__)
     [01;36m[K^~~~~~~~~~~~~~~~~~~~~~~~~~~~~~~~~~~~~~~~[m[K
[01m[K/opt/ros/melodic/include/ros/console.h:387:7:[m[K [01;36m[Knote: [m[Kin expansion of macro ‘[01m[KROSCONSOLE_PRINT_AT_LOCATION[m[K’
       [01;36m[KROSCONSOLE_PRINT_AT_LOCATION[m[K(__VA_ARGS__); \
       [01;36m[K^~~~~~~~~~~~~~~~~~~~~~~~~~~~[m[K
[01m[K/opt/ros/melodic/include/ros/console.h:572:35:[m[K [01;36m[Knote: [m[Kin expansion of macro ‘[01m[KROS_LOG_COND[m[K’
 #define ROS_LOG(level, name, ...) [01;36m[KROS_LOG_COND[m[K(true, level, name, __VA_ARGS__)
                                   [01;36m[K^~~~~~~~~~~~[m[K
[01m[K/opt/ros/melodic/include/rosconsole/macros_generated.h:110:23:[m[K [01;36m[Knote: [m[Kin expansion of macro ‘[01m[KROS_LOG[m[K’
 #define ROS_INFO(...) [01;36m[KROS_LOG[m[K(::ros::console::levels::Info, ROSCONSOLE_DEFAULT_NAME, __VA_ARGS__)
                       [01;36m[K^~~~~~~[m[K
[01m[K/home/xslin/Documents/xslin/research/rpg_ws/src/navigation/move_base/src/move_base.cpp:67:5:[m[K [01;36m[Knote: [m[Kin expansion of macro ‘[01m[KROS_INFO[m[K’
     [01;36m[KR[m[KOS_INFO("IAM HERE HAHAHAHAHAHAHAHAH --------!!2#$#@$%##%^$^&^*&^^%");
     [01;36m[K^[m[K
[01m[K/opt/ros/melodic/include/ros/console.h:348:176:[m[K [01;35m[Kwarning: [m[Kunknown conversion type character ‘[01m[K^[m[K’ in format [[01;35m[K-Wformat=[m[K]
     ::ros::console::print(filter, __rosconsole_define_location__loc.logger_, __rosconsole_define_location__loc.level_, __FILE__, __LINE__, __ROSCONSOLE_FUNCTION__, __VA_ARGS__[01;35m[K)[m[K
                                                                                                                                                                                [01;35m[K^[m[K
[01m[K/opt/ros/melodic/include/ros/console.h:351:5:[m[K [01;36m[Knote: [m[Kin expansion of macro ‘[01m[KROSCONSOLE_PRINT_AT_LOCATION_WITH_FILTER[m[K’
     [01;36m[KROSCONSOLE_PRINT_AT_LOCATION_WITH_FILTER[m[K(NULL, __VA_ARGS__)
     [01;36m[K^~~~~~~~~~~~~~~~~~~~~~~~~~~~~~~~~~~~~~~~[m[K
[01m[K/opt/ros/melodic/include/ros/console.h:387:7:[m[K [01;36m[Knote: [m[Kin expansion of macro ‘[01m[KROSCONSOLE_PRINT_AT_LOCATION[m[K’
       [01;36m[KROSCONSOLE_PRINT_AT_LOCATION[m[K(__VA_ARGS__); \
       [01;36m[K^~~~~~~~~~~~~~~~~~~~~~~~~~~~[m[K
[01m[K/opt/ros/melodic/include/ros/console.h:572:35:[m[K [01;36m[Knote: [m[Kin expansion of macro ‘[01m[KROS_LOG_COND[m[K’
 #define ROS_LOG(level, name, ...) [01;36m[KROS_LOG_COND[m[K(true, level, name, __VA_ARGS__)
                                   [01;36m[K^~~~~~~~~~~~[m[K
[01m[K/opt/ros/melodic/include/rosconsole/macros_generated.h:110:23:[m[K [01;36m[Knote: [m[Kin expansion of macro ‘[01m[KROS_LOG[m[K’
 #define ROS_INFO(...) [01;36m[KROS_LOG[m[K(::ros::console::levels::Info, ROSCONSOLE_DEFAULT_NAME, __VA_ARGS__)
                       [01;36m[K^~~~~~~[m[K
[01m[K/home/xslin/Documents/xslin/research/rpg_ws/src/navigation/move_base/src/move_base.cpp:67:5:[m[K [01;36m[Knote: [m[Kin expansion of macro ‘[01m[KROS_INFO[m[K’
     [01;36m[KR[m[KOS_INFO("IAM HERE HAHAHAHAHAHAHAHAH --------!!2#$#@$%##%^$^&^*&^^%");
     [01;36m[K^[m[K
[01m[K/opt/ros/melodic/include/ros/console.h:348:176:[m[K [01;35m[Kwarning: [m[Kspurious trailing ‘[01m[K%[m[K’ in format [[01;35m[K-Wformat=[m[K]
     ::ros::console::print(filter, __rosconsole_define_location__loc.logger_, __rosconsole_define_location__loc.level_, __FILE__, __LINE__, __ROSCONSOLE_FUNCTION__, __VA_ARGS__[01;35m[K)[m[K
                                                                                                                                                                                [01;35m[K^[m[K
[01m[K/opt/ros/melodic/include/ros/console.h:351:5:[m[K [01;36m[Knote: [m[Kin expansion of macro ‘[01m[KROSCONSOLE_PRINT_AT_LOCATION_WITH_FILTER[m[K’
     [01;36m[KROSCONSOLE_PRINT_AT_LOCATION_WITH_FILTER[m[K(NULL, __VA_ARGS__)
     [01;36m[K^~~~~~~~~~~~~~~~~~~~~~~~~~~~~~~~~~~~~~~~[m[K
[01m[K/opt/ros/melodic/include/ros/console.h:387:7:[m[K [01;36m[Knote: [m[Kin expansion of macro ‘[01m[KROSCONSOLE_PRINT_AT_LOCATION[m[K’
       [01;36m[KROSCONSOLE_PRINT_AT_LOCATION[m[K(__VA_ARGS__); \
       [01;36m[K^~~~~~~~~~~~~~~~~~~~~~~~~~~~[m[K
[01m[K/opt/ros/melodic/include/ros/console.h:572:35:[m[K [01;36m[Knote: [m[Kin expansion of macro ‘[01m[KROS_LOG_COND[m[K’
 #define ROS_LOG(level, name, ...) [01;36m[KROS_LOG_COND[m[K(true, level, name, __VA_ARGS__)
                                   [01;36m[K^~~~~~~~~~~~[m[K
[01m[K/opt/ros/melodic/include/rosconsole/macros_generated.h:110:23:[m[K [01;36m[Knote: [m[Kin expansion of macro ‘[01m[KROS_LOG[m[K’
 #define ROS_INFO(...) [01;36m[KROS_LOG[m[K(::ros::console::levels::Info, ROSCONSOLE_DEFAULT_NAME, __VA_ARGS__)
                       [01;36m[K^~~~~~~[m[K
[01m[K/home/xslin/Documents/xslin/research/rpg_ws/src/navigation/move_base/src/move_base.cpp:67:5:[m[K [01;36m[Knote: [m[Kin expansion of macro ‘[01m[KROS_INFO[m[K’
     [01;36m[KR[m[KOS_INFO("IAM HERE HAHAHAHAHAHAHAHAH --------!!2#$#@$%##%^$^&^*&^^%");
     [01;36m[K^[m[K
[ 60%] [32m[1mLinking CXX shared library /home/xslin/Documents/xslin/research/rpg_ws/devel/lib/libmove_base.so[0m
[ 60%] Built target move_base
[ 80%] [32m[1mLinking CXX executable /home/xslin/Documents/xslin/research/rpg_ws/devel/lib/move_base/move_base[0m
[100%] Built target move_base_node
