In file included from [01m[K/home/xslin/Documents/xslin/research/rpg_ws/src/rotors_simulator/rotors_control/src/nodes/lee_position_controller_node.cpp:24:0[m[K:
[01m[K/home/xslin/Documents/xslin/research/rpg_ws/src/rotors_simulator/rotors_control/src/nodes/lee_position_controller_node.h:84:23:[m[K [01;31m[Kerror: [m[K‘[01m[KBoolConstPtr[m[K’ in namespace ‘[01m[Kstd_msgs[m[K’ does not name a type
       const std_msgs::[01;31m[KBoolConstPtr[m[K& turnoff_msg);
                       [01;31m[K^~~~~~~~~~~~[m[K
[01m[K/home/xslin/Documents/xslin/research/rpg_ws/src/rotors_simulator/rotors_control/src/nodes/lee_position_controller_node.cpp:204:70:[m[K [01;31m[Kerror: [m[K‘[01m[KBoolConstPtr[m[K’ in namespace ‘[01m[Kstd_msgs[m[K’ does not name a type
 void LeePositionControllerNode::TurnOffMotorCallback(const std_msgs::[01;31m[KBoolConstPtr[m[K& turnoff_msg){
                                                                      [01;31m[K^~~~~~~~~~~~[m[K
[01m[K/home/xslin/Documents/xslin/research/rpg_ws/src/rotors_simulator/rotors_control/src/nodes/lee_position_controller_node.cpp:[m[K In member function ‘[01m[Kvoid rotors_control::LeePositionControllerNode::TurnOffMotorCallback(const int&)[m[K’:
[01m[K/home/xslin/Documents/xslin/research/rpg_ws/src/rotors_simulator/rotors_control/src/nodes/lee_position_controller_node.cpp:206:29:[m[K [01;31m[Kerror: [m[Kbase operand of ‘[01m[K->[m[K’ is not a pointer
     is_turnoff = turnoff_msg[01;31m[K->[m[Kdata
                             [01;31m[K^~[m[K
In file included from [01m[K/opt/ros/melodic/include/ros/serialization.h:37:0[m[K,
                 from [01m[K/opt/ros/melodic/include/ros/publisher.h:34[m[K,
                 from [01m[K/opt/ros/melodic/include/ros/node_handle.h:32[m[K,
                 from [01m[K/opt/ros/melodic/include/ros/ros.h:45[m[K,
                 from [01m[K/home/xslin/Documents/xslin/research/rpg_ws/src/rotors_simulator/rotors_control/src/nodes/lee_position_controller_node.cpp:21[m[K:
/opt/ros/melodic/include/ros/message_traits.h: In instantiation of ‘[01m[Kstatic const char* ros::message_traits::MD5Sum<M>::value() [with M = int][m[K’:
[01m[K/opt/ros/melodic/include/ros/message_traits.h:227:102:[m[K   required from ‘[01m[Kconst char* ros::message_traits::md5sum() [with M = int][m[K’
[01m[K/opt/ros/melodic/include/ros/subscribe_options.h:89:49:[m[K   required from ‘[01m[Kvoid ros::SubscribeOptions::initByFullCallbackType(const string&, uint32_t, const boost::function<void(P)>&, const boost::function<boost::shared_ptr<typename ros::ParameterAdapter<P>::Message>()>&) [with P = const int&; std::__cxx11::string = std::__cxx11::basic_string<char>; uint32_t = unsigned int; typename ros::ParameterAdapter<P>::Message = int][m[K’
[01m[K/opt/ros/melodic/include/ros/node_handle.h:406:5:[m[K   required from ‘[01m[Kros::Subscriber ros::NodeHandle::subscribe(const string&, uint32_t, void (T::*)(M), T*, const ros::TransportHints&) [with M = const int&; T = rotors_control::LeePositionControllerNode; std::__cxx11::string = std::__cxx11::basic_string<char>; uint32_t = unsigned int][m[K’
[01m[K/home/xslin/Documents/xslin/research/rpg_ws/src/rotors_simulator/rotors_control/src/nodes/lee_position_controller_node.cpp:49:85:[m[K   required from here
[01m[K/opt/ros/melodic/include/ros/message_traits.h:120:28:[m[K [01;31m[Kerror: [m[K‘[01m[K__s_getMD5Sum[m[K’ is not a member of ‘[01m[Kint[m[K’
     return [01;31m[KM::__s_getMD5Sum()[m[K.c_str();
            [01;31m[K~~~~~~~~~~~~~~~~^~[m[K
/opt/ros/melodic/include/ros/message_traits.h: In instantiation of ‘[01m[Kstatic const char* ros::message_traits::DataType<M>::value() [with M = int][m[K’:
[01m[K/opt/ros/melodic/include/ros/message_traits.h:236:104:[m[K   required from ‘[01m[Kconst char* ros::message_traits::datatype() [with M = int][m[K’
[01m[K/opt/ros/melodic/include/ros/subscribe_options.h:90:53:[m[K   required from ‘[01m[Kvoid ros::SubscribeOptions::initByFullCallbackType(const string&, uint32_t, const boost::function<void(P)>&, const boost::function<boost::shared_ptr<typename ros::ParameterAdapter<P>::Message>()>&) [with P = const int&; std::__cxx11::string = std::__cxx11::basic_string<char>; uint32_t = unsigned int; typename ros::ParameterAdapter<P>::Message = int][m[K’
[01m[K/opt/ros/melodic/include/ros/node_handle.h:406:5:[m[K   required from ‘[01m[Kros::Subscriber ros::NodeHandle::subscribe(const string&, uint32_t, void (T::*)(M), T*, const ros::TransportHints&) [with M = const int&; T = rotors_control::LeePositionControllerNode; std::__cxx11::string = std::__cxx11::basic_string<char>; uint32_t = unsigned int][m[K’
[01m[K/home/xslin/Documents/xslin/research/rpg_ws/src/rotors_simulator/rotors_control/src/nodes/lee_position_controller_node.cpp:49:85:[m[K   required from here
[01m[K/opt/ros/melodic/include/ros/message_traits.h:137:30:[m[K [01;31m[Kerror: [m[K‘[01m[K__s_getDataType[m[K’ is not a member of ‘[01m[Kint[m[K’
     return [01;31m[KM::__s_getDataType()[m[K.c_str();
            [01;31m[K~~~~~~~~~~~~~~~~~~^~[m[K
make[2]: *** [CMakeFiles/lee_position_controller_node.dir/src/nodes/lee_position_controller_node.cpp.o] Error 1
make[1]: *** [CMakeFiles/lee_position_controller_node.dir/all] Error 2
make[1]: *** Waiting for unfinished jobs....
make: *** [all] Error 2
