Determining if the pthread_create exist failed with the following output:
Change Dir: /home/xslin/Documents/rpg_ws/build/hector_nav_msgs/CMakeFiles/CMakeTmp

Run Build Command:"/usr/bin/make" "cmTC_f037b/fast"
/usr/bin/make -f CMakeFiles/cmTC_f037b.dir/build.make CMakeFiles/cmTC_f037b.dir/build
make[1]: Entering directory '/home/xslin/Documents/rpg_ws/build/hector_nav_msgs/CMakeFiles/CMakeTmp'
Building C object CMakeFiles/cmTC_f037b.dir/CheckSymbolExists.c.o
/usr/bin/cc    -o CMakeFiles/cmTC_f037b.dir/CheckSymbolExists.c.o   -c /home/xslin/Documents/rpg_ws/build/hector_nav_msgs/CMakeFiles/CMakeTmp/CheckSymbolExists.c
Linking C executable cmTC_f037b
/usr/bin/cmake -E cmake_link_script CMakeFiles/cmTC_f037b.dir/link.txt --verbose=1
/usr/bin/cc      -rdynamic CMakeFiles/cmTC_f037b.dir/CheckSymbolExists.c.o  -o cmTC_f037b 
CMakeFiles/cmTC_f037b.dir/CheckSymbolExists.c.o: In function `main':
CheckSymbolExists.c:(.text+0x1b): undefined reference to `pthread_create'
collect2: error: ld returned 1 exit status
CMakeFiles/cmTC_f037b.dir/build.make:97: recipe for target 'cmTC_f037b' failed
make[1]: *** [cmTC_f037b] Error 1
make[1]: Leaving directory '/home/xslin/Documents/rpg_ws/build/hector_nav_msgs/CMakeFiles/CMakeTmp'
Makefile:126: recipe for target 'cmTC_f037b/fast' failed
make: *** [cmTC_f037b/fast] Error 2

File /home/xslin/Documents/rpg_ws/build/hector_nav_msgs/CMakeFiles/CMakeTmp/CheckSymbolExists.c:
/* */
#include <pthread.h>

int main(int argc, char** argv)
{
  (void)argv;
#ifndef pthread_create
  return ((int*)(&pthread_create))[argc];
#else
  (void)argc;
  return 0;
#endif
}

Determining if the function pthread_create exists in the pthreads failed with the following output:
Change Dir: /home/xslin/Documents/rpg_ws/build/hector_nav_msgs/CMakeFiles/CMakeTmp

Run Build Command:"/usr/bin/make" "cmTC_a4680/fast"
/usr/bin/make -f CMakeFiles/cmTC_a4680.dir/build.make CMakeFiles/cmTC_a4680.dir/build
make[1]: Entering directory '/home/xslin/Documents/rpg_ws/build/hector_nav_msgs/CMakeFiles/CMakeTmp'
Building C object CMakeFiles/cmTC_a4680.dir/CheckFunctionExists.c.o
/usr/bin/cc   -DCHECK_FUNCTION_EXISTS=pthread_create   -o CMakeFiles/cmTC_a4680.dir/CheckFunctionExists.c.o   -c /usr/share/cmake-3.10/Modules/CheckFunctionExists.c
Linking C executable cmTC_a4680
/usr/bin/cmake -E cmake_link_script CMakeFiles/cmTC_a4680.dir/link.txt --verbose=1
/usr/bin/cc  -DCHECK_FUNCTION_EXISTS=pthread_create    -rdynamic CMakeFiles/cmTC_a4680.dir/CheckFunctionExists.c.o  -o cmTC_a4680 -lpthreads 
/usr/bin/ld: cannot find -lpthreads
collect2: error: ld returned 1 exit status
CMakeFiles/cmTC_a4680.dir/build.make:97: recipe for target 'cmTC_a4680' failed
make[1]: *** [cmTC_a4680] Error 1
make[1]: Leaving directory '/home/xslin/Documents/rpg_ws/build/hector_nav_msgs/CMakeFiles/CMakeTmp'
Makefile:126: recipe for target 'cmTC_a4680/fast' failed
make: *** [cmTC_a4680/fast] Error 2


