[  3%] Built target test_ros_robot_localization_listener_publisher
[  3%] Built target _robot_localization_generate_messages_check_deps_ToggleFilterProcessing
[  3%] Built target std_msgs_generate_messages_cpp
[  3%] Built target _robot_localization_generate_messages_check_deps_GetState
[  3%] Built target geographic_msgs_generate_messages_cpp
[  3%] Built target geometry_msgs_generate_messages_cpp
[  3%] Built target _robot_localization_generate_messages_check_deps_SetPose
[  3%] Built target _robot_localization_generate_messages_check_deps_FromLL
[  3%] Built target _robot_localization_generate_messages_check_deps_ToLL
[  3%] Built target _robot_localization_generate_messages_check_deps_SetDatum
[  6%] Built target filter_utilities
[  6%] Built target geometry_msgs_generate_messages_nodejs
[  8%] Built target geographic_msgs_generate_messages_nodejs
[  9%] Built target ros_filter_utilities
[  9%] Built target std_msgs_generate_messages_nodejs
[  9%] Built target geographic_msgs_generate_messages_lisp
[  9%] Built target geometry_msgs_generate_messages_lisp
[  9%] Built target std_msgs_generate_messages_lisp
[  9%] Built target geometry_msgs_generate_messages_py
[  9%] Built target std_msgs_generate_messages_py
[  9%] Built target geographic_msgs_generate_messages_py
[  9%] Built target geographic_msgs_generate_messages_eus
[  9%] Built target geometry_msgs_generate_messages_eus
[  9%] Built target std_msgs_generate_messages_eus
[ 18%] Built target robot_localization_generate_messages_cpp
[ 27%] Built target robot_localization_generate_messages_nodejs
[ 36%] Built target robot_localization_generate_messages_lisp
[ 45%] Built target robot_localization_generate_messages_py
[ 57%] Built target robot_localization_generate_messages_eus
[ 57%] Built target robot_localization_generate_messages
[ 57%] Built target robot_localization_gencpp
[ 59%] Built target navsat_transform
[ 62%] Built target filter_base
[ 68%] Built target navsat_transform_nodelet
[ 68%] Built target navsat_transform_node
[ 70%] Built target ekf
[ 73%] Built target ukf
[ 77%] Built target robot_localization_estimator
[ 80%] Built target ros_filter
[ 83%] Built target ekf_localization_node
[ 86%] Built target ros_robot_localization_listener
[ 93%] Built target ukf_localization_node
[ 93%] Built target ukf_localization_nodelet
[ 96%] Built target ekf_localization_nodelet
[100%] Built target robot_localization_listener_node
