Determining if the pthread_create exist failed with the following output:
Change Dir: /home/xslin/Documents/xslin/research/rpg_ws/build/husky_bringup/CMakeFiles/CMakeTmp

Run Build Command:"/usr/bin/make" "cmTC_86cc3/fast"
/usr/bin/make -f CMakeFiles/cmTC_86cc3.dir/build.make CMakeFiles/cmTC_86cc3.dir/build
make[1]: Entering directory '/home/xslin/Documents/xslin/research/rpg_ws/build/husky_bringup/CMakeFiles/CMakeTmp'
Building C object CMakeFiles/cmTC_86cc3.dir/CheckSymbolExists.c.o
/usr/bin/cc    -o CMakeFiles/cmTC_86cc3.dir/CheckSymbolExists.c.o   -c /home/xslin/Documents/xslin/research/rpg_ws/build/husky_bringup/CMakeFiles/CMakeTmp/CheckSymbolExists.c
Linking C executable cmTC_86cc3
/usr/bin/cmake -E cmake_link_script CMakeFiles/cmTC_86cc3.dir/link.txt --verbose=1
/usr/bin/cc      -rdynamic CMakeFiles/cmTC_86cc3.dir/CheckSymbolExists.c.o  -o cmTC_86cc3 
CMakeFiles/cmTC_86cc3.dir/CheckSymbolExists.c.o: In function `main':
CheckSymbolExists.c:(.text+0x1b): undefined reference to `pthread_create'
collect2: error: ld returned 1 exit status
CMakeFiles/cmTC_86cc3.dir/build.make:97: recipe for target 'cmTC_86cc3' failed
make[1]: *** [cmTC_86cc3] Error 1
make[1]: Leaving directory '/home/xslin/Documents/xslin/research/rpg_ws/build/husky_bringup/CMakeFiles/CMakeTmp'
Makefile:126: recipe for target 'cmTC_86cc3/fast' failed
make: *** [cmTC_86cc3/fast] Error 2

File /home/xslin/Documents/xslin/research/rpg_ws/build/husky_bringup/CMakeFiles/CMakeTmp/CheckSymbolExists.c:
/* */
#include <pthread.h>

int main(int argc, char** argv)
{
  (void)argv;
#ifndef pthread_create
  return ((int*)(&pthread_create))[argc];
#else
  (void)argc;
  return 0;
#endif
}

Determining if the function pthread_create exists in the pthreads failed with the following output:
Change Dir: /home/xslin/Documents/xslin/research/rpg_ws/build/husky_bringup/CMakeFiles/CMakeTmp

Run Build Command:"/usr/bin/make" "cmTC_94e03/fast"
/usr/bin/make -f CMakeFiles/cmTC_94e03.dir/build.make CMakeFiles/cmTC_94e03.dir/build
make[1]: Entering directory '/home/xslin/Documents/xslin/research/rpg_ws/build/husky_bringup/CMakeFiles/CMakeTmp'
Building C object CMakeFiles/cmTC_94e03.dir/CheckFunctionExists.c.o
/usr/bin/cc   -DCHECK_FUNCTION_EXISTS=pthread_create   -o CMakeFiles/cmTC_94e03.dir/CheckFunctionExists.c.o   -c /usr/share/cmake-3.10/Modules/CheckFunctionExists.c
Linking C executable cmTC_94e03
/usr/bin/cmake -E cmake_link_script CMakeFiles/cmTC_94e03.dir/link.txt --verbose=1
/usr/bin/cc  -DCHECK_FUNCTION_EXISTS=pthread_create    -rdynamic CMakeFiles/cmTC_94e03.dir/CheckFunctionExists.c.o  -o cmTC_94e03 -lpthreads 
/usr/bin/ld: cannot find -lpthreads
collect2: error: ld returned 1 exit status
CMakeFiles/cmTC_94e03.dir/build.make:97: recipe for target 'cmTC_94e03' failed
make[1]: *** [cmTC_94e03] Error 1
make[1]: Leaving directory '/home/xslin/Documents/xslin/research/rpg_ws/build/husky_bringup/CMakeFiles/CMakeTmp'
Makefile:126: recipe for target 'cmTC_94e03/fast' failed
make: *** [cmTC_94e03/fast] Error 2


