Determining if the pthread_create exist failed with the following output:
Change Dir: /home/xslin/Documents/xslin/research/rpg_ws/build/catkin_simple/CMakeFiles/CMakeTmp

Run Build Command:"/usr/bin/make" "cmTC_ef24c/fast"
/usr/bin/make -f CMakeFiles/cmTC_ef24c.dir/build.make CMakeFiles/cmTC_ef24c.dir/build
make[1]: Entering directory '/home/xslin/Documents/xslin/research/rpg_ws/build/catkin_simple/CMakeFiles/CMakeTmp'
Building C object CMakeFiles/cmTC_ef24c.dir/CheckSymbolExists.c.o
/usr/bin/cc    -o CMakeFiles/cmTC_ef24c.dir/CheckSymbolExists.c.o   -c /home/xslin/Documents/xslin/research/rpg_ws/build/catkin_simple/CMakeFiles/CMakeTmp/CheckSymbolExists.c
Linking C executable cmTC_ef24c
/usr/bin/cmake -E cmake_link_script CMakeFiles/cmTC_ef24c.dir/link.txt --verbose=1
/usr/bin/cc      -rdynamic CMakeFiles/cmTC_ef24c.dir/CheckSymbolExists.c.o  -o cmTC_ef24c 
CMakeFiles/cmTC_ef24c.dir/CheckSymbolExists.c.o: In function `main':
CheckSymbolExists.c:(.text+0x1b): undefined reference to `pthread_create'
collect2: error: ld returned 1 exit status
CMakeFiles/cmTC_ef24c.dir/build.make:97: recipe for target 'cmTC_ef24c' failed
make[1]: *** [cmTC_ef24c] Error 1
make[1]: Leaving directory '/home/xslin/Documents/xslin/research/rpg_ws/build/catkin_simple/CMakeFiles/CMakeTmp'
Makefile:126: recipe for target 'cmTC_ef24c/fast' failed
make: *** [cmTC_ef24c/fast] Error 2

File /home/xslin/Documents/xslin/research/rpg_ws/build/catkin_simple/CMakeFiles/CMakeTmp/CheckSymbolExists.c:
/* */
#include <pthread.h>

int main(int argc, char** argv)
{
  (void)argv;
#ifndef pthread_create
  return ((int*)(&pthread_create))[argc];
#else
  (void)argc;
  return 0;
#endif
}

Determining if the function pthread_create exists in the pthreads failed with the following output:
Change Dir: /home/xslin/Documents/xslin/research/rpg_ws/build/catkin_simple/CMakeFiles/CMakeTmp

Run Build Command:"/usr/bin/make" "cmTC_fe7ea/fast"
/usr/bin/make -f CMakeFiles/cmTC_fe7ea.dir/build.make CMakeFiles/cmTC_fe7ea.dir/build
make[1]: Entering directory '/home/xslin/Documents/xslin/research/rpg_ws/build/catkin_simple/CMakeFiles/CMakeTmp'
Building C object CMakeFiles/cmTC_fe7ea.dir/CheckFunctionExists.c.o
/usr/bin/cc   -DCHECK_FUNCTION_EXISTS=pthread_create   -o CMakeFiles/cmTC_fe7ea.dir/CheckFunctionExists.c.o   -c /usr/share/cmake-3.10/Modules/CheckFunctionExists.c
Linking C executable cmTC_fe7ea
/usr/bin/cmake -E cmake_link_script CMakeFiles/cmTC_fe7ea.dir/link.txt --verbose=1
/usr/bin/cc  -DCHECK_FUNCTION_EXISTS=pthread_create    -rdynamic CMakeFiles/cmTC_fe7ea.dir/CheckFunctionExists.c.o  -o cmTC_fe7ea -lpthreads 
/usr/bin/ld: cannot find -lpthreads
collect2: error: ld returned 1 exit status
CMakeFiles/cmTC_fe7ea.dir/build.make:97: recipe for target 'cmTC_fe7ea' failed
make[1]: *** [cmTC_fe7ea] Error 1
make[1]: Leaving directory '/home/xslin/Documents/xslin/research/rpg_ws/build/catkin_simple/CMakeFiles/CMakeTmp'
Makefile:126: recipe for target 'cmTC_fe7ea/fast' failed
make: *** [cmTC_fe7ea/fast] Error 2


