[  3%] Built target base_local_planner_gencfg
[  3%] Built target nav_msgs_generate_messages_cpp
[  3%] Built target std_msgs_generate_messages_cpp
[  3%] Built target tf2_msgs_generate_messages_cpp
[  3%] Built target std_msgs_generate_messages_eus
[  3%] Built target std_msgs_generate_messages_py
[  3%] Built target visualization_msgs_generate_messages_py
[  3%] Built target std_msgs_generate_messages_lisp
[  3%] Built target _base_local_planner_generate_messages_check_deps_Position2DInt
[  3%] Built target visualization_msgs_generate_messages_lisp
[  3%] Built target visualization_msgs_generate_messages_nodejs
[  3%] Built target map_msgs_generate_messages_py
[  3%] Built target dynamic_reconfigure_generate_messages_lisp
[  3%] Built target costmap_2d_generate_messages_lisp
[  3%] Built target roscpp_generate_messages_lisp
[  3%] Built target actionlib_generate_messages_lisp
[  3%] Built target map_msgs_generate_messages_eus
[  3%] Built target costmap_2d_gencfg
[  3%] Built target _catkin_empty_exported_target
[  3%] Built target tf_generate_messages_eus
[  3%] Built target rosgraph_msgs_generate_messages_lisp
[  3%] Built target dynamic_reconfigure_generate_messages_py
[  3%] Built target actionlib_msgs_generate_messages_eus
[  3%] Built target rosgraph_msgs_generate_messages_py
[  3%] Built target tf2_msgs_generate_messages_py
[  3%] Built target roscpp_generate_messages_cpp
[  3%] Built target dynamic_reconfigure_generate_messages_nodejs
[  3%] Built target roscpp_generate_messages_eus
[  3%] Built target roscpp_generate_messages_nodejs
[  3%] Built target rosgraph_msgs_generate_messages_eus
[  3%] Built target visualization_msgs_generate_messages_cpp
[  3%] Built target sensor_msgs_generate_messages_eus
[  3%] Built target sensor_msgs_generate_messages_lisp
[  3%] Built target sensor_msgs_generate_messages_nodejs
[  3%] Built target rosgraph_msgs_generate_messages_cpp
[  3%] Built target actionlib_generate_messages_eus
[  3%] Built target actionlib_msgs_generate_messages_cpp
[  3%] Built target actionlib_generate_messages_nodejs
[  3%] Built target actionlib_generate_messages_py
[  3%] Built target tf_generate_messages_py
[  3%] Built target actionlib_msgs_generate_messages_nodejs
[  3%] Built target actionlib_msgs_generate_messages_lisp
[  3%] Built target nav_msgs_generate_messages_nodejs
[  3%] Built target sensor_msgs_generate_messages_cpp
[  3%] Built target costmap_2d_generate_messages_py
[  3%] Built target dynamic_reconfigure_generate_messages_eus
[  3%] Built target geometry_msgs_generate_messages_nodejs
[  3%] Built target dynamic_reconfigure_generate_messages_cpp
[  3%] Built target nav_msgs_generate_messages_py
[  3%] Built target costmap_2d_generate_messages_cpp
[  3%] Built target tf_generate_messages_lisp
[  3%] Built target rosgraph_msgs_generate_messages_nodejs
[  3%] Built target actionlib_generate_messages_cpp
[  3%] Built target actionlib_msgs_generate_messages_py
[  3%] Built target costmap_2d_generate_messages_nodejs
[  3%] Built target geometry_msgs_generate_messages_cpp
[  3%] Built target costmap_2d_generate_messages_eus
[  3%] Built target geometry_msgs_generate_messages_py
[  3%] Built target tf2_msgs_generate_messages_eus
[  3%] Built target sensor_msgs_generate_messages_py
[  3%] Built target tf_generate_messages_nodejs
[  3%] Built target nav_msgs_generate_messages_lisp
[  3%] Built target roscpp_generate_messages_py
[  3%] Built target nav_msgs_generate_messages_eus
[  3%] Built target visualization_msgs_generate_messages_eus
[  3%] Built target map_msgs_generate_messages_nodejs
[  3%] Built target map_msgs_generate_messages_lisp
[  3%] Built target map_msgs_generate_messages_cpp
[  3%] Built target tf2_msgs_generate_messages_lisp
[  3%] Built target tf2_msgs_generate_messages_nodejs
[  3%] Built target std_msgs_generate_messages_nodejs
[  3%] Built target geometry_msgs_generate_messages_eus
[  3%] Built target geometry_msgs_generate_messages_lisp
[  3%] Built target tf_generate_messages_cpp
[  3%] Built target dynamic_reconfigure_gencfg
[  6%] Built target base_local_planner_generate_messages_cpp
[ 12%] Built target base_local_planner_generate_messages_py
[ 15%] Built target base_local_planner_generate_messages_lisp
[ 21%] Built target base_local_planner_generate_messages_eus
[ 24%] Built target base_local_planner_generate_messages_nodejs
[ 24%] Built target base_local_planner_generate_messages
[35m[1mScanning dependencies of target base_local_planner[0m
[ 27%] [32mBuilding CXX object CMakeFiles/base_local_planner.dir/src/footprint_helper.cpp.o[0m
[ 30%] [32mBuilding CXX object CMakeFiles/base_local_planner.dir/src/goal_functions.cpp.o[0m
[ 33%] [32mBuilding CXX object CMakeFiles/base_local_planner.dir/src/map_grid.cpp.o[0m
[ 36%] [32mBuilding CXX object CMakeFiles/base_local_planner.dir/src/map_grid_visualizer.cpp.o[0m
[ 39%] [32mBuilding CXX object CMakeFiles/base_local_planner.dir/src/map_grid_cost_function.cpp.o[0m
[ 42%] [32mBuilding CXX object CMakeFiles/base_local_planner.dir/src/latched_stop_rotate_controller.cpp.o[0m
[ 45%] [32mBuilding CXX object CMakeFiles/base_local_planner.dir/src/local_planner_util.cpp.o[0m
[ 48%] [32mBuilding CXX object CMakeFiles/base_local_planner.dir/src/obstacle_cost_function.cpp.o[0m
[ 51%] [32mBuilding CXX object CMakeFiles/base_local_planner.dir/src/costmap_model.cpp.o[0m
[ 54%] [32m[1mLinking CXX shared library /home/xslin/Documents/xslin/research/rpg_ws/devel/lib/libbase_local_planner.so[0m
[ 84%] Built target base_local_planner
[35m[1mScanning dependencies of target trajectory_planner_ros[0m
[ 87%] [32m[1mLinking CXX executable /home/xslin/Documents/xslin/research/rpg_ws/devel/lib/base_local_planner/point_grid[0m
[ 90%] [32mBuilding CXX object CMakeFiles/trajectory_planner_ros.dir/src/trajectory_planner.cpp.o[0m
[ 93%] [32mBuilding CXX object CMakeFiles/trajectory_planner_ros.dir/src/trajectory_planner_ros.cpp.o[0m
[ 96%] Built target point_grid
[100%] [32m[1mLinking CXX shared library /home/xslin/Documents/xslin/research/rpg_ws/devel/lib/libtrajectory_planner_ros.so[0m
[100%] Built target trajectory_planner_ros
